A	C	G	T	N	IUPAC	Other	GC	GC_stdev
0.3274	0.1711	0.1644	0.3372	0.0000	0.0000	0.0000	0.3354	0.1251

Main genome scaffold total:         	1132
Main genome contig total:           	1132
Main genome scaffold sequence total:	2997580
Main genome contig sequence total:  	2997580  	0.000% gap
Main genome scaffold N/L50:         	10/105441
Main genome contig N/L50:           	10/105441
Main genome scaffold N/L90:         	36/20366
Main genome contig N/L90:           	36/20366
Max scaffold length:                	221181
Max contig length:                  	221181
Number of scaffolds > 50 KB:        	20
% main genome in scaffolds > 50 KB: 	74.88%


Minimum 	Number        	Number        	Total         	Total         	Scaffold
Scaffold	of            	of            	Scaffold      	Contig        	Contig  
Length  	Scaffolds     	Contigs       	Length        	Length        	Coverage
--------	--------------	--------------	--------------	--------------	--------
    All 	          1132	          1132	       2997580	       2997580	 100.00%
     50 	          1132	          1132	       2997580	       2997580	 100.00%
    100 	          1076	          1076	       2993367	       2993367	 100.00%
    250 	           321	           321	       2829154	       2829154	 100.00%
    500 	            46	            46	       2752541	       2752541	 100.00%
   1000 	            44	            44	       2751183	       2751183	 100.00%
   2500 	            40	            40	       2745447	       2745447	 100.00%
   5000 	            39	            39	       2742306	       2742306	 100.00%
  10000 	            38	            38	       2736993	       2736993	 100.00%
  25000 	            28	            28	       2534439	       2534439	 100.00%
  50000 	            20	            20	       2244533	       2244533	 100.00%
 100000 	            11	            11	       1663867	       1663867	 100.00%

