-------------------------------------
PRODIGAL v2.6.3 [February, 2016]         
Univ of Tenn / Oak Ridge National Lab
Doug Hyatt, Loren Hauser, et al.     
-------------------------------------
Request:  Single Genome, Phase:  Training
Reading in the sequence(s) to train...3011164 bp seq created, 33.39 pct GC
Locating all potential starts and stops...92917 nodes
Looking for GC bias in different frames...frame bias scores: 2.64 0.18 0.18
Building initial set of genes to train from...done!
Creating coding model and scoring nodes...done!
Examining upstream regions and training starts...done!
-------------------------------------
Request:  Single Genome, Phase:  Gene Finding
Finding genes in sequence #1 (221181 bp)...done!
Finding genes in sequence #2 (205520 bp)...done!
Finding genes in sequence #3 (190121 bp)...done!
Finding genes in sequence #4 (159364 bp)...done!
Finding genes in sequence #5 (148581 bp)...done!
Finding genes in sequence #6 (138046 bp)...done!
Finding genes in sequence #7 (137367 bp)...done!
Finding genes in sequence #8 (131064 bp)...done!
Finding genes in sequence #9 (125347 bp)...done!
Finding genes in sequence #10 (105441 bp)...done!
Finding genes in sequence #11 (101835 bp)...done!
Finding genes in sequence #12 (83549 bp)...done!
Finding genes in sequence #13 (73100 bp)...done!
Finding genes in sequence #14 (70073 bp)...done!
Finding genes in sequence #15 (66373 bp)...done!
Finding genes in sequence #16 (65196 bp)...done!
Finding genes in sequence #17 (62183 bp)...done!
Finding genes in sequence #18 (54748 bp)...done!
Finding genes in sequence #19 (54654 bp)...done!
Finding genes in sequence #20 (50790 bp)...done!
Finding genes in sequence #21 (46212 bp)...done!
Finding genes in sequence #22 (45273 bp)...done!
Finding genes in sequence #23 (40534 bp)...done!
Finding genes in sequence #24 (37904 bp)...done!
Finding genes in sequence #25 (34078 bp)...done!
Finding genes in sequence #26 (31496 bp)...done!
Finding genes in sequence #27 (28123 bp)...done!
Finding genes in sequence #28 (26286 bp)...done!
Finding genes in sequence #29 (24911 bp)...done!
Finding genes in sequence #30 (23578 bp)...done!
Finding genes in sequence #31 (22810 bp)...done!
Finding genes in sequence #32 (21503 bp)...done!
Finding genes in sequence #33 (21313 bp)...done!
Finding genes in sequence #34 (20772 bp)...done!
Finding genes in sequence #35 (20743 bp)...done!
Finding genes in sequence #36 (20366 bp)...done!
Finding genes in sequence #37 (13645 bp)...done!
Finding genes in sequence #38 (12913 bp)...done!
Finding genes in sequence #39 (5313 bp)...done!
Finding genes in sequence #40 (3141 bp)...done!
Finding genes in sequence #41 (1698 bp)...done!
Finding genes in sequence #42 (1563 bp)...done!
Finding genes in sequence #43 (1462 bp)...done!
Finding genes in sequence #44 (1013 bp)...done!
Finding genes in sequence #45 (813 bp)...done!
Finding genes in sequence #46 (545 bp)...done!
Finding genes in sequence #47 (455 bp)...done!
Finding genes in sequence #48 (450 bp)...done!
Finding genes in sequence #49 (439 bp)...done!
Finding genes in sequence #50 (424 bp)...done!
Finding genes in sequence #51 (423 bp)...done!
Finding genes in sequence #52 (420 bp)...done!
Finding genes in sequence #53 (415 bp)...done!
Finding genes in sequence #54 (410 bp)...done!
Finding genes in sequence #55 (399 bp)...done!
Finding genes in sequence #56 (384 bp)...done!
Finding genes in sequence #57 (383 bp)...done!
Finding genes in sequence #58 (375 bp)...done!
Finding genes in sequence #59 (370 bp)...done!
Finding genes in sequence #60 (365 bp)...done!
Finding genes in sequence #61 (359 bp)...done!
Finding genes in sequence #62 (358 bp)...done!
Finding genes in sequence #63 (358 bp)...done!
Finding genes in sequence #64 (353 bp)...done!
Finding genes in sequence #65 (353 bp)...done!
Finding genes in sequence #66 (352 bp)...done!
Finding genes in sequence #67 (350 bp)...done!
Finding genes in sequence #68 (345 bp)...done!
Finding genes in sequence #69 (344 bp)...done!
Finding genes in sequence #70 (340 bp)...done!
Finding genes in sequence #71 (338 bp)...done!
Finding genes in sequence #72 (334 bp)...done!
Finding genes in sequence #73 (332 bp)...done!
Finding genes in sequence #74 (327 bp)...done!
Finding genes in sequence #75 (324 bp)...done!
Finding genes in sequence #76 (320 bp)...done!
Finding genes in sequence #77 (320 bp)...done!
Finding genes in sequence #78 (319 bp)...done!
Finding genes in sequence #79 (315 bp)...done!
Finding genes in sequence #80 (315 bp)...done!
Finding genes in sequence #81 (314 bp)...done!
Finding genes in sequence #82 (310 bp)...done!
Finding genes in sequence #83 (308 bp)...done!
Finding genes in sequence #84 (305 bp)...done!
Finding genes in sequence #85 (305 bp)...done!
Finding genes in sequence #86 (300 bp)...done!
Finding genes in sequence #87 (298 bp)...done!
Finding genes in sequence #88 (297 bp)...done!
Finding genes in sequence #89 (296 bp)...done!
Finding genes in sequence #90 (292 bp)...done!
Finding genes in sequence #91 (289 bp)...done!
Finding genes in sequence #92 (285 bp)...done!
Finding genes in sequence #93 (284 bp)...done!
Finding genes in sequence #94 (284 bp)...done!
Finding genes in sequence #95 (283 bp)...done!
Finding genes in sequence #96 (283 bp)...done!
Finding genes in sequence #97 (282 bp)...done!
Finding genes in sequence #98 (282 bp)...done!
Finding genes in sequence #99 (279 bp)...done!
Finding genes in sequence #100 (279 bp)...done!
Finding genes in sequence #101 (279 bp)...done!
Finding genes in sequence #102 (279 bp)...done!
Finding genes in sequence #103 (279 bp)...done!
Finding genes in sequence #104 (279 bp)...done!
Finding genes in sequence #105 (279 bp)...done!
Finding genes in sequence #106 (279 bp)...done!
Finding genes in sequence #107 (278 bp)...done!
Finding genes in sequence #108 (278 bp)...done!
Finding genes in sequence #109 (278 bp)...done!
Finding genes in sequence #110 (278 bp)...done!
Finding genes in sequence #111 (278 bp)...done!
Finding genes in sequence #112 (278 bp)...done!
Finding genes in sequence #113 (278 bp)...done!
Finding genes in sequence #114 (278 bp)...done!
Finding genes in sequence #115 (278 bp)...done!
Finding genes in sequence #116 (278 bp)...done!
Finding genes in sequence #117 (277 bp)...done!
Finding genes in sequence #118 (277 bp)...done!
Finding genes in sequence #119 (277 bp)...done!
Finding genes in sequence #120 (277 bp)...done!
Finding genes in sequence #121 (277 bp)...done!
Finding genes in sequence #122 (277 bp)...done!
Finding genes in sequence #123 (276 bp)...done!
Finding genes in sequence #124 (276 bp)...done!
Finding genes in sequence #125 (276 bp)...done!
Finding genes in sequence #126 (276 bp)...done!
Finding genes in sequence #127 (276 bp)...done!
Finding genes in sequence #128 (275 bp)...done!
Finding genes in sequence #129 (275 bp)...done!
Finding genes in sequence #130 (275 bp)...done!
Finding genes in sequence #131 (275 bp)...done!
Finding genes in sequence #132 (275 bp)...done!
Finding genes in sequence #133 (275 bp)...done!
Finding genes in sequence #134 (275 bp)...done!
Finding genes in sequence #135 (275 bp)...done!
Finding genes in sequence #136 (275 bp)...done!
Finding genes in sequence #137 (275 bp)...done!
Finding genes in sequence #138 (274 bp)...done!
Finding genes in sequence #139 (274 bp)...done!
Finding genes in sequence #140 (274 bp)...done!
Finding genes in sequence #141 (274 bp)...done!
Finding genes in sequence #142 (274 bp)...done!
Finding genes in sequence #143 (274 bp)...done!
Finding genes in sequence #144 (274 bp)...done!
Finding genes in sequence #145 (274 bp)...done!
Finding genes in sequence #146 (274 bp)...done!
Finding genes in sequence #147 (273 bp)...done!
Finding genes in sequence #148 (273 bp)...done!
Finding genes in sequence #149 (273 bp)...done!
Finding genes in sequence #150 (273 bp)...done!
Finding genes in sequence #151 (273 bp)...done!
Finding genes in sequence #152 (273 bp)...done!
Finding genes in sequence #153 (273 bp)...done!
Finding genes in sequence #154 (273 bp)...done!
Finding genes in sequence #155 (273 bp)...done!
Finding genes in sequence #156 (273 bp)...done!
Finding genes in sequence #157 (272 bp)...done!
Finding genes in sequence #158 (272 bp)...done!
Finding genes in sequence #159 (272 bp)...done!
Finding genes in sequence #160 (272 bp)...done!
Finding genes in sequence #161 (272 bp)...done!
Finding genes in sequence #162 (272 bp)...done!
Finding genes in sequence #163 (272 bp)...done!
Finding genes in sequence #164 (271 bp)...done!
Finding genes in sequence #165 (271 bp)...done!
Finding genes in sequence #166 (271 bp)...done!
Finding genes in sequence #167 (271 bp)...done!
Finding genes in sequence #168 (271 bp)...done!
Finding genes in sequence #169 (270 bp)...done!
Finding genes in sequence #170 (270 bp)...done!
Finding genes in sequence #171 (270 bp)...done!
Finding genes in sequence #172 (270 bp)...done!
Finding genes in sequence #173 (269 bp)...done!
Finding genes in sequence #174 (269 bp)...done!
Finding genes in sequence #175 (269 bp)...done!
Finding genes in sequence #176 (269 bp)...done!
Finding genes in sequence #177 (269 bp)...done!
Finding genes in sequence #178 (269 bp)...done!
Finding genes in sequence #179 (269 bp)...done!
Finding genes in sequence #180 (268 bp)...done!
Finding genes in sequence #181 (268 bp)...done!
Finding genes in sequence #182 (268 bp)...done!
Finding genes in sequence #183 (268 bp)...done!
Finding genes in sequence #184 (267 bp)...done!
Finding genes in sequence #185 (267 bp)...done!
Finding genes in sequence #186 (267 bp)...done!
Finding genes in sequence #187 (267 bp)...done!
Finding genes in sequence #188 (266 bp)...done!
Finding genes in sequence #189 (266 bp)...done!
Finding genes in sequence #190 (266 bp)...done!
Finding genes in sequence #191 (266 bp)...done!
Finding genes in sequence #192 (266 bp)...done!
Finding genes in sequence #193 (266 bp)...done!
Finding genes in sequence #194 (266 bp)...done!
Finding genes in sequence #195 (265 bp)...done!
Finding genes in sequence #196 (265 bp)...done!
Finding genes in sequence #197 (265 bp)...done!
Finding genes in sequence #198 (265 bp)...done!
Finding genes in sequence #199 (265 bp)...done!
Finding genes in sequence #200 (264 bp)...done!
Finding genes in sequence #201 (264 bp)...done!
Finding genes in sequence #202 (264 bp)...done!
Finding genes in sequence #203 (264 bp)...done!
Finding genes in sequence #204 (264 bp)...done!
Finding genes in sequence #205 (263 bp)...done!
Finding genes in sequence #206 (263 bp)...done!
Finding genes in sequence #207 (263 bp)...done!
Finding genes in sequence #208 (263 bp)...done!
Finding genes in sequence #209 (263 bp)...done!
Finding genes in sequence #210 (263 bp)...done!
Finding genes in sequence #211 (263 bp)...done!
Finding genes in sequence #212 (262 bp)...done!
Finding genes in sequence #213 (262 bp)...done!
Finding genes in sequence #214 (262 bp)...done!
Finding genes in sequence #215 (262 bp)...done!
Finding genes in sequence #216 (262 bp)...done!
Finding genes in sequence #217 (262 bp)...done!
Finding genes in sequence #218 (262 bp)...done!
Finding genes in sequence #219 (261 bp)...done!
Finding genes in sequence #220 (261 bp)...done!
Finding genes in sequence #221 (261 bp)...done!
Finding genes in sequence #222 (261 bp)...done!
Finding genes in sequence #223 (261 bp)...done!
Finding genes in sequence #224 (261 bp)...done!
Finding genes in sequence #225 (261 bp)...done!
Finding genes in sequence #226 (261 bp)...done!
Finding genes in sequence #227 (261 bp)...done!
Finding genes in sequence #228 (261 bp)...done!
Finding genes in sequence #229 (261 bp)...done!
Finding genes in sequence #230 (261 bp)...done!
Finding genes in sequence #231 (260 bp)...done!
Finding genes in sequence #232 (260 bp)...done!
Finding genes in sequence #233 (259 bp)...done!
Finding genes in sequence #234 (259 bp)...done!
Finding genes in sequence #235 (259 bp)...done!
Finding genes in sequence #236 (259 bp)...done!
Finding genes in sequence #237 (259 bp)...done!
Finding genes in sequence #238 (259 bp)...done!
Finding genes in sequence #239 (259 bp)...done!
Finding genes in sequence #240 (259 bp)...done!
Finding genes in sequence #241 (259 bp)...done!
Finding genes in sequence #242 (258 bp)...done!
Finding genes in sequence #243 (258 bp)...done!
Finding genes in sequence #244 (258 bp)...done!
Finding genes in sequence #245 (258 bp)...done!
Finding genes in sequence #246 (258 bp)...done!
Finding genes in sequence #247 (258 bp)...done!
Finding genes in sequence #248 (258 bp)...done!
Finding genes in sequence #249 (258 bp)...done!
Finding genes in sequence #250 (258 bp)...done!
Finding genes in sequence #251 (257 bp)...done!
Finding genes in sequence #252 (257 bp)...done!
Finding genes in sequence #253 (257 bp)...done!
Finding genes in sequence #254 (257 bp)...done!
Finding genes in sequence #255 (257 bp)...done!
Finding genes in sequence #256 (257 bp)...done!
Finding genes in sequence #257 (257 bp)...done!
Finding genes in sequence #258 (257 bp)...done!
Finding genes in sequence #259 (257 bp)...done!
Finding genes in sequence #260 (257 bp)...done!
Finding genes in sequence #261 (256 bp)...done!
Finding genes in sequence #262 (256 bp)...done!
Finding genes in sequence #263 (256 bp)...done!
Finding genes in sequence #264 (256 bp)...done!
Finding genes in sequence #265 (256 bp)...done!
Finding genes in sequence #266 (256 bp)...done!
Finding genes in sequence #267 (256 bp)...done!
Finding genes in sequence #268 (255 bp)...done!
Finding genes in sequence #269 (255 bp)...done!
Finding genes in sequence #270 (255 bp)...done!
Finding genes in sequence #271 (255 bp)...done!
Finding genes in sequence #272 (255 bp)...done!
Finding genes in sequence #273 (255 bp)...done!
Finding genes in sequence #274 (255 bp)...done!
Finding genes in sequence #275 (255 bp)...done!
Finding genes in sequence #276 (255 bp)...done!
Finding genes in sequence #277 (255 bp)...done!
Finding genes in sequence #278 (255 bp)...done!
Finding genes in sequence #279 (255 bp)...done!
Finding genes in sequence #280 (254 bp)...done!
Finding genes in sequence #281 (254 bp)...done!
Finding genes in sequence #282 (254 bp)...done!
Finding genes in sequence #283 (254 bp)...done!
Finding genes in sequence #284 (254 bp)...done!
Finding genes in sequence #285 (254 bp)...done!
Finding genes in sequence #286 (253 bp)...done!
Finding genes in sequence #287 (253 bp)...done!
Finding genes in sequence #288 (253 bp)...done!
Finding genes in sequence #289 (253 bp)...done!
Finding genes in sequence #290 (253 bp)...done!
Finding genes in sequence #291 (253 bp)...done!
Finding genes in sequence #292 (253 bp)...done!
Finding genes in sequence #293 (252 bp)...done!
Finding genes in sequence #294 (252 bp)...done!
Finding genes in sequence #295 (252 bp)...done!
Finding genes in sequence #296 (252 bp)...done!
Finding genes in sequence #297 (252 bp)...done!
Finding genes in sequence #298 (252 bp)...done!
Finding genes in sequence #299 (252 bp)...done!
Finding genes in sequence #300 (252 bp)...done!
Finding genes in sequence #301 (252 bp)...done!
Finding genes in sequence #302 (252 bp)...done!
Finding genes in sequence #303 (252 bp)...done!
Finding genes in sequence #304 (252 bp)...done!
Finding genes in sequence #305 (252 bp)...done!
Finding genes in sequence #306 (252 bp)...done!
Finding genes in sequence #307 (251 bp)...done!
Finding genes in sequence #308 (251 bp)...done!
Finding genes in sequence #309 (251 bp)...done!
Finding genes in sequence #310 (251 bp)...done!
Finding genes in sequence #311 (250 bp)...done!
Finding genes in sequence #312 (250 bp)...done!
Finding genes in sequence #313 (250 bp)...done!
Finding genes in sequence #314 (250 bp)...done!
Finding genes in sequence #315 (250 bp)...done!
Finding genes in sequence #316 (250 bp)...done!
Finding genes in sequence #317 (250 bp)...done!
Finding genes in sequence #318 (250 bp)...done!
Finding genes in sequence #319 (250 bp)...done!
Finding genes in sequence #320 (250 bp)...done!
Finding genes in sequence #321 (250 bp)...done!
Finding genes in sequence #322 (249 bp)...done!
Finding genes in sequence #323 (249 bp)...done!
Finding genes in sequence #324 (249 bp)...done!
Finding genes in sequence #325 (249 bp)...done!
Finding genes in sequence #326 (249 bp)...done!
Finding genes in sequence #327 (249 bp)...done!
Finding genes in sequence #328 (249 bp)...done!
Finding genes in sequence #329 (249 bp)...done!
Finding genes in sequence #330 (249 bp)...done!
Finding genes in sequence #331 (249 bp)...done!
Finding genes in sequence #332 (248 bp)...done!
Finding genes in sequence #333 (248 bp)...done!
Finding genes in sequence #334 (248 bp)...done!
Finding genes in sequence #335 (248 bp)...done!
Finding genes in sequence #336 (248 bp)...done!
Finding genes in sequence #337 (248 bp)...done!
Finding genes in sequence #338 (248 bp)...done!
Finding genes in sequence #339 (248 bp)...done!
Finding genes in sequence #340 (248 bp)...done!
Finding genes in sequence #341 (248 bp)...done!
Finding genes in sequence #342 (248 bp)...done!
Finding genes in sequence #343 (247 bp)...done!
Finding genes in sequence #344 (247 bp)...done!
Finding genes in sequence #345 (247 bp)...done!
Finding genes in sequence #346 (247 bp)...done!
Finding genes in sequence #347 (246 bp)...done!
Finding genes in sequence #348 (246 bp)...done!
Finding genes in sequence #349 (246 bp)...done!
Finding genes in sequence #350 (246 bp)...done!
Finding genes in sequence #351 (246 bp)...done!
Finding genes in sequence #352 (246 bp)...done!
Finding genes in sequence #353 (246 bp)...done!
Finding genes in sequence #354 (246 bp)...done!
Finding genes in sequence #355 (246 bp)...done!
Finding genes in sequence #356 (245 bp)...done!
Finding genes in sequence #357 (245 bp)...done!
Finding genes in sequence #358 (245 bp)...done!
Finding genes in sequence #359 (245 bp)...done!
Finding genes in sequence #360 (245 bp)...done!
Finding genes in sequence #361 (245 bp)...done!
Finding genes in sequence #362 (245 bp)...done!
Finding genes in sequence #363 (245 bp)...done!
Finding genes in sequence #364 (245 bp)...done!
Finding genes in sequence #365 (245 bp)...done!
Finding genes in sequence #366 (245 bp)...done!
Finding genes in sequence #367 (245 bp)...done!
Finding genes in sequence #368 (245 bp)...done!
Finding genes in sequence #369 (245 bp)...done!
Finding genes in sequence #370 (245 bp)...done!
Finding genes in sequence #371 (244 bp)...done!
Finding genes in sequence #372 (244 bp)...done!
Finding genes in sequence #373 (244 bp)...done!
Finding genes in sequence #374 (244 bp)...done!
Finding genes in sequence #375 (244 bp)...done!
Finding genes in sequence #376 (244 bp)...done!
Finding genes in sequence #377 (244 bp)...done!
Finding genes in sequence #378 (244 bp)...done!
Finding genes in sequence #379 (244 bp)...done!
Finding genes in sequence #380 (244 bp)...done!
Finding genes in sequence #381 (244 bp)...done!
Finding genes in sequence #382 (244 bp)...done!
Finding genes in sequence #383 (244 bp)...done!
Finding genes in sequence #384 (243 bp)...done!
Finding genes in sequence #385 (243 bp)...done!
Finding genes in sequence #386 (243 bp)...done!
Finding genes in sequence #387 (243 bp)...done!
Finding genes in sequence #388 (243 bp)...done!
Finding genes in sequence #389 (243 bp)...done!
Finding genes in sequence #390 (243 bp)...done!
Finding genes in sequence #391 (243 bp)...done!
Finding genes in sequence #392 (243 bp)...done!
Finding genes in sequence #393 (243 bp)...done!
Finding genes in sequence #394 (243 bp)...done!
Finding genes in sequence #395 (243 bp)...done!
Finding genes in sequence #396 (242 bp)...done!
Finding genes in sequence #397 (242 bp)...done!
Finding genes in sequence #398 (242 bp)...done!
Finding genes in sequence #399 (242 bp)...done!
Finding genes in sequence #400 (242 bp)...done!
Finding genes in sequence #401 (242 bp)...done!
Finding genes in sequence #402 (242 bp)...done!
Finding genes in sequence #403 (242 bp)...done!
Finding genes in sequence #404 (242 bp)...done!
Finding genes in sequence #405 (242 bp)...done!
Finding genes in sequence #406 (242 bp)...done!
Finding genes in sequence #407 (242 bp)...done!
Finding genes in sequence #408 (242 bp)...done!
Finding genes in sequence #409 (241 bp)...done!
Finding genes in sequence #410 (241 bp)...done!
Finding genes in sequence #411 (241 bp)...done!
Finding genes in sequence #412 (241 bp)...done!
Finding genes in sequence #413 (241 bp)...done!
Finding genes in sequence #414 (241 bp)...done!
Finding genes in sequence #415 (241 bp)...done!
Finding genes in sequence #416 (241 bp)...done!
Finding genes in sequence #417 (241 bp)...done!
Finding genes in sequence #418 (241 bp)...done!
Finding genes in sequence #419 (241 bp)...done!
Finding genes in sequence #420 (241 bp)...done!
Finding genes in sequence #421 (240 bp)...done!
Finding genes in sequence #422 (240 bp)...done!
Finding genes in sequence #423 (240 bp)...done!
Finding genes in sequence #424 (240 bp)...done!
Finding genes in sequence #425 (240 bp)...done!
Finding genes in sequence #426 (240 bp)...done!
Finding genes in sequence #427 (240 bp)...done!
Finding genes in sequence #428 (240 bp)...done!
Finding genes in sequence #429 (240 bp)...done!
Finding genes in sequence #430 (240 bp)...done!
Finding genes in sequence #431 (240 bp)...done!
Finding genes in sequence #432 (240 bp)...done!
Finding genes in sequence #433 (239 bp)...done!
Finding genes in sequence #434 (239 bp)...done!
Finding genes in sequence #435 (239 bp)...done!
Finding genes in sequence #436 (239 bp)...done!
Finding genes in sequence #437 (239 bp)...done!
Finding genes in sequence #438 (239 bp)...done!
Finding genes in sequence #439 (239 bp)...done!
Finding genes in sequence #440 (239 bp)...done!
Finding genes in sequence #441 (239 bp)...done!
Finding genes in sequence #442 (238 bp)...done!
Finding genes in sequence #443 (238 bp)...done!
Finding genes in sequence #444 (238 bp)...done!
Finding genes in sequence #445 (238 bp)...done!
Finding genes in sequence #446 (238 bp)...done!
Finding genes in sequence #447 (238 bp)...done!
Finding genes in sequence #448 (238 bp)...done!
Finding genes in sequence #449 (238 bp)...done!
Finding genes in sequence #450 (238 bp)...done!
Finding genes in sequence #451 (238 bp)...done!
Finding genes in sequence #452 (238 bp)...done!
Finding genes in sequence #453 (238 bp)...done!
Finding genes in sequence #454 (238 bp)...done!
Finding genes in sequence #455 (238 bp)...done!
Finding genes in sequence #456 (238 bp)...done!
Finding genes in sequence #457 (237 bp)...done!
Finding genes in sequence #458 (237 bp)...done!
Finding genes in sequence #459 (237 bp)...done!
Finding genes in sequence #460 (237 bp)...done!
Finding genes in sequence #461 (237 bp)...done!
Finding genes in sequence #462 (237 bp)...done!
Finding genes in sequence #463 (237 bp)...done!
Finding genes in sequence #464 (237 bp)...done!
Finding genes in sequence #465 (237 bp)...done!
Finding genes in sequence #466 (237 bp)...done!
Finding genes in sequence #467 (237 bp)...done!
Finding genes in sequence #468 (237 bp)...done!
Finding genes in sequence #469 (237 bp)...done!
Finding genes in sequence #470 (237 bp)...done!
Finding genes in sequence #471 (237 bp)...done!
Finding genes in sequence #472 (237 bp)...done!
Finding genes in sequence #473 (237 bp)...done!
Finding genes in sequence #474 (237 bp)...done!
Finding genes in sequence #475 (236 bp)...done!
Finding genes in sequence #476 (236 bp)...done!
Finding genes in sequence #477 (236 bp)...done!
Finding genes in sequence #478 (236 bp)...done!
Finding genes in sequence #479 (236 bp)...done!
Finding genes in sequence #480 (236 bp)...done!
Finding genes in sequence #481 (236 bp)...done!
Finding genes in sequence #482 (236 bp)...done!
Finding genes in sequence #483 (235 bp)...done!
Finding genes in sequence #484 (235 bp)...done!
Finding genes in sequence #485 (235 bp)...done!
Finding genes in sequence #486 (235 bp)...done!
Finding genes in sequence #487 (235 bp)...done!
Finding genes in sequence #488 (235 bp)...done!
Finding genes in sequence #489 (235 bp)...done!
Finding genes in sequence #490 (235 bp)...done!
Finding genes in sequence #491 (235 bp)...done!
Finding genes in sequence #492 (235 bp)...done!
Finding genes in sequence #493 (235 bp)...done!
Finding genes in sequence #494 (235 bp)...done!
Finding genes in sequence #495 (235 bp)...done!
Finding genes in sequence #496 (234 bp)...done!
Finding genes in sequence #497 (234 bp)...done!
Finding genes in sequence #498 (234 bp)...done!
Finding genes in sequence #499 (234 bp)...done!
Finding genes in sequence #500 (234 bp)...done!
Finding genes in sequence #501 (234 bp)...done!
Finding genes in sequence #502 (234 bp)...done!
Finding genes in sequence #503 (234 bp)...done!
Finding genes in sequence #504 (234 bp)...done!
Finding genes in sequence #505 (234 bp)...done!
Finding genes in sequence #506 (234 bp)...done!
Finding genes in sequence #507 (234 bp)...done!
Finding genes in sequence #508 (234 bp)...done!
Finding genes in sequence #509 (234 bp)...done!
Finding genes in sequence #510 (234 bp)...done!
Finding genes in sequence #511 (234 bp)...done!
Finding genes in sequence #512 (233 bp)...done!
Finding genes in sequence #513 (233 bp)...done!
Finding genes in sequence #514 (233 bp)...done!
Finding genes in sequence #515 (233 bp)...done!
Finding genes in sequence #516 (233 bp)...done!
Finding genes in sequence #517 (233 bp)...done!
Finding genes in sequence #518 (233 bp)...done!
Finding genes in sequence #519 (233 bp)...done!
Finding genes in sequence #520 (233 bp)...done!
Finding genes in sequence #521 (233 bp)...done!
Finding genes in sequence #522 (233 bp)...done!
Finding genes in sequence #523 (233 bp)...done!
Finding genes in sequence #524 (233 bp)...done!
Finding genes in sequence #525 (233 bp)...done!
Finding genes in sequence #526 (233 bp)...done!
Finding genes in sequence #527 (233 bp)...done!
Finding genes in sequence #528 (232 bp)...done!
Finding genes in sequence #529 (232 bp)...done!
Finding genes in sequence #530 (232 bp)...done!
Finding genes in sequence #531 (232 bp)...done!
Finding genes in sequence #532 (232 bp)...done!
Finding genes in sequence #533 (232 bp)...done!
Finding genes in sequence #534 (232 bp)...done!
Finding genes in sequence #535 (232 bp)...done!
Finding genes in sequence #536 (232 bp)...done!
Finding genes in sequence #537 (232 bp)...done!
Finding genes in sequence #538 (232 bp)...done!
Finding genes in sequence #539 (232 bp)...done!
Finding genes in sequence #540 (232 bp)...done!
Finding genes in sequence #541 (232 bp)...done!
Finding genes in sequence #542 (232 bp)...done!
Finding genes in sequence #543 (232 bp)...done!
Finding genes in sequence #544 (232 bp)...done!
Finding genes in sequence #545 (232 bp)...done!
Finding genes in sequence #546 (232 bp)...done!
Finding genes in sequence #547 (232 bp)...done!
Finding genes in sequence #548 (231 bp)...done!
Finding genes in sequence #549 (231 bp)...done!
Finding genes in sequence #550 (231 bp)...done!
Finding genes in sequence #551 (231 bp)...done!
Finding genes in sequence #552 (231 bp)...done!
Finding genes in sequence #553 (230 bp)...done!
Finding genes in sequence #554 (230 bp)...done!
Finding genes in sequence #555 (230 bp)...done!
Finding genes in sequence #556 (230 bp)...done!
Finding genes in sequence #557 (230 bp)...done!
Finding genes in sequence #558 (230 bp)...done!
Finding genes in sequence #559 (230 bp)...done!
Finding genes in sequence #560 (230 bp)...done!
Finding genes in sequence #561 (230 bp)...done!
Finding genes in sequence #562 (230 bp)...done!
Finding genes in sequence #563 (230 bp)...done!
Finding genes in sequence #564 (230 bp)...done!
Finding genes in sequence #565 (230 bp)...done!
Finding genes in sequence #566 (229 bp)...done!
Finding genes in sequence #567 (229 bp)...done!
Finding genes in sequence #568 (229 bp)...done!
Finding genes in sequence #569 (229 bp)...done!
Finding genes in sequence #570 (229 bp)...done!
Finding genes in sequence #571 (229 bp)...done!
Finding genes in sequence #572 (229 bp)...done!
Finding genes in sequence #573 (229 bp)...done!
Finding genes in sequence #574 (229 bp)...done!
Finding genes in sequence #575 (229 bp)...done!
Finding genes in sequence #576 (229 bp)...done!
Finding genes in sequence #577 (229 bp)...done!
Finding genes in sequence #578 (229 bp)...done!
Finding genes in sequence #579 (229 bp)...done!
Finding genes in sequence #580 (229 bp)...done!
Finding genes in sequence #581 (229 bp)...done!
Finding genes in sequence #582 (229 bp)...done!
Finding genes in sequence #583 (229 bp)...done!
Finding genes in sequence #584 (229 bp)...done!
Finding genes in sequence #585 (229 bp)...done!
Finding genes in sequence #586 (229 bp)...done!
Finding genes in sequence #587 (229 bp)...done!
Finding genes in sequence #588 (229 bp)...done!
Finding genes in sequence #589 (229 bp)...done!
Finding genes in sequence #590 (228 bp)...done!
Finding genes in sequence #591 (228 bp)...done!
Finding genes in sequence #592 (228 bp)...done!
Finding genes in sequence #593 (228 bp)...done!
Finding genes in sequence #594 (228 bp)...done!
Finding genes in sequence #595 (228 bp)...done!
Finding genes in sequence #596 (228 bp)...done!
Finding genes in sequence #597 (228 bp)...done!
Finding genes in sequence #598 (228 bp)...done!
Finding genes in sequence #599 (228 bp)...done!
Finding genes in sequence #600 (228 bp)...done!
Finding genes in sequence #601 (228 bp)...done!
Finding genes in sequence #602 (228 bp)...done!
Finding genes in sequence #603 (228 bp)...done!
Finding genes in sequence #604 (228 bp)...done!
Finding genes in sequence #605 (228 bp)...done!
Finding genes in sequence #606 (228 bp)...done!
Finding genes in sequence #607 (227 bp)...done!
Finding genes in sequence #608 (227 bp)...done!
Finding genes in sequence #609 (227 bp)...done!
Finding genes in sequence #610 (227 bp)...done!
Finding genes in sequence #611 (227 bp)...done!
Finding genes in sequence #612 (227 bp)...done!
Finding genes in sequence #613 (227 bp)...done!
Finding genes in sequence #614 (227 bp)...done!
Finding genes in sequence #615 (227 bp)...done!
Finding genes in sequence #616 (227 bp)...done!
Finding genes in sequence #617 (227 bp)...done!
Finding genes in sequence #618 (227 bp)...done!
Finding genes in sequence #619 (227 bp)...done!
Finding genes in sequence #620 (227 bp)...done!
Finding genes in sequence #621 (227 bp)...done!
Finding genes in sequence #622 (227 bp)...done!
Finding genes in sequence #623 (227 bp)...done!
Finding genes in sequence #624 (226 bp)...done!
Finding genes in sequence #625 (226 bp)...done!
Finding genes in sequence #626 (226 bp)...done!
Finding genes in sequence #627 (226 bp)...done!
Finding genes in sequence #628 (226 bp)...done!
Finding genes in sequence #629 (226 bp)...done!
Finding genes in sequence #630 (226 bp)...done!
Finding genes in sequence #631 (226 bp)...done!
Finding genes in sequence #632 (226 bp)...done!
Finding genes in sequence #633 (226 bp)...done!
Finding genes in sequence #634 (226 bp)...done!
Finding genes in sequence #635 (226 bp)...done!
Finding genes in sequence #636 (226 bp)...done!
Finding genes in sequence #637 (226 bp)...done!
Finding genes in sequence #638 (226 bp)...done!
Finding genes in sequence #639 (225 bp)...done!
Finding genes in sequence #640 (225 bp)...done!
Finding genes in sequence #641 (225 bp)...done!
Finding genes in sequence #642 (225 bp)...done!
Finding genes in sequence #643 (225 bp)...done!
Finding genes in sequence #644 (225 bp)...done!
Finding genes in sequence #645 (225 bp)...done!
Finding genes in sequence #646 (225 bp)...done!
Finding genes in sequence #647 (225 bp)...done!
Finding genes in sequence #648 (225 bp)...done!
Finding genes in sequence #649 (225 bp)...done!
Finding genes in sequence #650 (225 bp)...done!
Finding genes in sequence #651 (225 bp)...done!
Finding genes in sequence #652 (225 bp)...done!
Finding genes in sequence #653 (225 bp)...done!
Finding genes in sequence #654 (225 bp)...done!
Finding genes in sequence #655 (224 bp)...done!
Finding genes in sequence #656 (224 bp)...done!
Finding genes in sequence #657 (224 bp)...done!
Finding genes in sequence #658 (224 bp)...done!
Finding genes in sequence #659 (224 bp)...done!
Finding genes in sequence #660 (224 bp)...done!
Finding genes in sequence #661 (224 bp)...done!
Finding genes in sequence #662 (224 bp)...done!
Finding genes in sequence #663 (224 bp)...done!
Finding genes in sequence #664 (224 bp)...done!
Finding genes in sequence #665 (224 bp)...done!
Finding genes in sequence #666 (224 bp)...done!
Finding genes in sequence #667 (224 bp)...done!
Finding genes in sequence #668 (223 bp)...done!
Finding genes in sequence #669 (223 bp)...done!
Finding genes in sequence #670 (223 bp)...done!
Finding genes in sequence #671 (223 bp)...done!
Finding genes in sequence #672 (223 bp)...done!
Finding genes in sequence #673 (223 bp)...done!
Finding genes in sequence #674 (223 bp)...done!
Finding genes in sequence #675 (223 bp)...done!
Finding genes in sequence #676 (223 bp)...done!
Finding genes in sequence #677 (223 bp)...done!
Finding genes in sequence #678 (223 bp)...done!
Finding genes in sequence #679 (223 bp)...done!
Finding genes in sequence #680 (223 bp)...done!
Finding genes in sequence #681 (223 bp)...done!
Finding genes in sequence #682 (223 bp)...done!
Finding genes in sequence #683 (223 bp)...done!
Finding genes in sequence #684 (223 bp)...done!
Finding genes in sequence #685 (223 bp)...done!
Finding genes in sequence #686 (222 bp)...done!
Finding genes in sequence #687 (222 bp)...done!
Finding genes in sequence #688 (222 bp)...done!
Finding genes in sequence #689 (222 bp)...done!
Finding genes in sequence #690 (222 bp)...done!
Finding genes in sequence #691 (222 bp)...done!
Finding genes in sequence #692 (222 bp)...done!
Finding genes in sequence #693 (222 bp)...done!
Finding genes in sequence #694 (222 bp)...done!
Finding genes in sequence #695 (222 bp)...done!
Finding genes in sequence #696 (222 bp)...done!
Finding genes in sequence #697 (222 bp)...done!
Finding genes in sequence #698 (222 bp)...done!
Finding genes in sequence #699 (222 bp)...done!
Finding genes in sequence #700 (222 bp)...done!
Finding genes in sequence #701 (222 bp)...done!
Finding genes in sequence #702 (222 bp)...done!
Finding genes in sequence #703 (222 bp)...done!
Finding genes in sequence #704 (221 bp)...done!
Finding genes in sequence #705 (221 bp)...done!
Finding genes in sequence #706 (221 bp)...done!
Finding genes in sequence #707 (221 bp)...done!
Finding genes in sequence #708 (221 bp)...done!
Finding genes in sequence #709 (221 bp)...done!
Finding genes in sequence #710 (221 bp)...done!
Finding genes in sequence #711 (221 bp)...done!
Finding genes in sequence #712 (221 bp)...done!
Finding genes in sequence #713 (221 bp)...done!
Finding genes in sequence #714 (221 bp)...done!
Finding genes in sequence #715 (221 bp)...done!
Finding genes in sequence #716 (221 bp)...done!
Finding genes in sequence #717 (221 bp)...done!
Finding genes in sequence #718 (221 bp)...done!
Finding genes in sequence #719 (221 bp)...done!
Finding genes in sequence #720 (220 bp)...done!
Finding genes in sequence #721 (220 bp)...done!
Finding genes in sequence #722 (220 bp)...done!
Finding genes in sequence #723 (220 bp)...done!
Finding genes in sequence #724 (220 bp)...done!
Finding genes in sequence #725 (220 bp)...done!
Finding genes in sequence #726 (220 bp)...done!
Finding genes in sequence #727 (220 bp)...done!
Finding genes in sequence #728 (220 bp)...done!
Finding genes in sequence #729 (220 bp)...done!
Finding genes in sequence #730 (220 bp)...done!
Finding genes in sequence #731 (220 bp)...done!
Finding genes in sequence #732 (220 bp)...done!
Finding genes in sequence #733 (219 bp)...done!
Finding genes in sequence #734 (219 bp)...done!
Finding genes in sequence #735 (219 bp)...done!
Finding genes in sequence #736 (219 bp)...done!
Finding genes in sequence #737 (219 bp)...done!
Finding genes in sequence #738 (219 bp)...done!
Finding genes in sequence #739 (219 bp)...done!
Finding genes in sequence #740 (219 bp)...done!
Finding genes in sequence #741 (219 bp)...done!
Finding genes in sequence #742 (219 bp)...done!
Finding genes in sequence #743 (219 bp)...done!
Finding genes in sequence #744 (219 bp)...done!
Finding genes in sequence #745 (218 bp)...done!
Finding genes in sequence #746 (218 bp)...done!
Finding genes in sequence #747 (218 bp)...done!
Finding genes in sequence #748 (218 bp)...done!
Finding genes in sequence #749 (218 bp)...done!
Finding genes in sequence #750 (218 bp)...done!
Finding genes in sequence #751 (218 bp)...done!
Finding genes in sequence #752 (218 bp)...done!
Finding genes in sequence #753 (218 bp)...done!
Finding genes in sequence #754 (218 bp)...done!
Finding genes in sequence #755 (218 bp)...done!
Finding genes in sequence #756 (218 bp)...done!
Finding genes in sequence #757 (218 bp)...done!
Finding genes in sequence #758 (218 bp)...done!
Finding genes in sequence #759 (218 bp)...done!
Finding genes in sequence #760 (218 bp)...done!
Finding genes in sequence #761 (218 bp)...done!
Finding genes in sequence #762 (218 bp)...done!
Finding genes in sequence #763 (218 bp)...done!
Finding genes in sequence #764 (217 bp)...done!
Finding genes in sequence #765 (217 bp)...done!
Finding genes in sequence #766 (217 bp)...done!
Finding genes in sequence #767 (217 bp)...done!
Finding genes in sequence #768 (217 bp)...done!
Finding genes in sequence #769 (217 bp)...done!
Finding genes in sequence #770 (217 bp)...done!
Finding genes in sequence #771 (217 bp)...done!
Finding genes in sequence #772 (217 bp)...done!
Finding genes in sequence #773 (217 bp)...done!
Finding genes in sequence #774 (217 bp)...done!
Finding genes in sequence #775 (217 bp)...done!
Finding genes in sequence #776 (217 bp)...done!
Finding genes in sequence #777 (217 bp)...done!
Finding genes in sequence #778 (217 bp)...done!
Finding genes in sequence #779 (217 bp)...done!
Finding genes in sequence #780 (217 bp)...done!
Finding genes in sequence #781 (217 bp)...done!
Finding genes in sequence #782 (217 bp)...done!
Finding genes in sequence #783 (217 bp)...done!
Finding genes in sequence #784 (217 bp)...done!
Finding genes in sequence #785 (217 bp)...done!
Finding genes in sequence #786 (217 bp)...done!
Finding genes in sequence #787 (217 bp)...done!
Finding genes in sequence #788 (217 bp)...done!
Finding genes in sequence #789 (216 bp)...done!
Finding genes in sequence #790 (216 bp)...done!
Finding genes in sequence #791 (216 bp)...done!
Finding genes in sequence #792 (216 bp)...done!
Finding genes in sequence #793 (216 bp)...done!
Finding genes in sequence #794 (216 bp)...done!
Finding genes in sequence #795 (216 bp)...done!
Finding genes in sequence #796 (216 bp)...done!
Finding genes in sequence #797 (216 bp)...done!
Finding genes in sequence #798 (216 bp)...done!
Finding genes in sequence #799 (216 bp)...done!
Finding genes in sequence #800 (216 bp)...done!
Finding genes in sequence #801 (216 bp)...done!
Finding genes in sequence #802 (216 bp)...done!
Finding genes in sequence #803 (216 bp)...done!
Finding genes in sequence #804 (215 bp)...done!
Finding genes in sequence #805 (215 bp)...done!
Finding genes in sequence #806 (215 bp)...done!
Finding genes in sequence #807 (215 bp)...done!
Finding genes in sequence #808 (215 bp)...done!
Finding genes in sequence #809 (215 bp)...done!
Finding genes in sequence #810 (215 bp)...done!
Finding genes in sequence #811 (215 bp)...done!
Finding genes in sequence #812 (215 bp)...done!
Finding genes in sequence #813 (215 bp)...done!
Finding genes in sequence #814 (215 bp)...done!
Finding genes in sequence #815 (215 bp)...done!
Finding genes in sequence #816 (215 bp)...done!
Finding genes in sequence #817 (215 bp)...done!
Finding genes in sequence #818 (215 bp)...done!
Finding genes in sequence #819 (215 bp)...done!
Finding genes in sequence #820 (215 bp)...done!
Finding genes in sequence #821 (215 bp)...done!
Finding genes in sequence #822 (215 bp)...done!
Finding genes in sequence #823 (215 bp)...done!
Finding genes in sequence #824 (214 bp)...done!
Finding genes in sequence #825 (214 bp)...done!
Finding genes in sequence #826 (214 bp)...done!
Finding genes in sequence #827 (214 bp)...done!
Finding genes in sequence #828 (214 bp)...done!
Finding genes in sequence #829 (214 bp)...done!
Finding genes in sequence #830 (214 bp)...done!
Finding genes in sequence #831 (214 bp)...done!
Finding genes in sequence #832 (214 bp)...done!
Finding genes in sequence #833 (214 bp)...done!
Finding genes in sequence #834 (214 bp)...done!
Finding genes in sequence #835 (214 bp)...done!
Finding genes in sequence #836 (214 bp)...done!
Finding genes in sequence #837 (214 bp)...done!
Finding genes in sequence #838 (214 bp)...done!
Finding genes in sequence #839 (214 bp)...done!
Finding genes in sequence #840 (213 bp)...done!
Finding genes in sequence #841 (213 bp)...done!
Finding genes in sequence #842 (213 bp)...done!
Finding genes in sequence #843 (213 bp)...done!
Finding genes in sequence #844 (213 bp)...done!
Finding genes in sequence #845 (213 bp)...done!
Finding genes in sequence #846 (213 bp)...done!
Finding genes in sequence #847 (213 bp)...done!
Finding genes in sequence #848 (213 bp)...done!
Finding genes in sequence #849 (213 bp)...done!
Finding genes in sequence #850 (213 bp)...done!
Finding genes in sequence #851 (213 bp)...done!
Finding genes in sequence #852 (213 bp)...done!
Finding genes in sequence #853 (213 bp)...done!
Finding genes in sequence #854 (213 bp)...done!
Finding genes in sequence #855 (213 bp)...done!
Finding genes in sequence #856 (213 bp)...done!
Finding genes in sequence #857 (213 bp)...done!
Finding genes in sequence #858 (213 bp)...done!
Finding genes in sequence #859 (213 bp)...done!
Finding genes in sequence #860 (213 bp)...done!
Finding genes in sequence #861 (213 bp)...done!
Finding genes in sequence #862 (212 bp)...done!
Finding genes in sequence #863 (212 bp)...done!
Finding genes in sequence #864 (212 bp)...done!
Finding genes in sequence #865 (212 bp)...done!
Finding genes in sequence #866 (212 bp)...done!
Finding genes in sequence #867 (212 bp)...done!
Finding genes in sequence #868 (212 bp)...done!
Finding genes in sequence #869 (212 bp)...done!
Finding genes in sequence #870 (212 bp)...done!
Finding genes in sequence #871 (212 bp)...done!
Finding genes in sequence #872 (212 bp)...done!
Finding genes in sequence #873 (212 bp)...done!
Finding genes in sequence #874 (212 bp)...done!
Finding genes in sequence #875 (212 bp)...done!
Finding genes in sequence #876 (212 bp)...done!
Finding genes in sequence #877 (212 bp)...done!
Finding genes in sequence #878 (212 bp)...done!
Finding genes in sequence #879 (212 bp)...done!
Finding genes in sequence #880 (212 bp)...done!
Finding genes in sequence #881 (212 bp)...done!
Finding genes in sequence #882 (212 bp)...done!
Finding genes in sequence #883 (212 bp)...done!
Finding genes in sequence #884 (211 bp)...done!
Finding genes in sequence #885 (211 bp)...done!
Finding genes in sequence #886 (211 bp)...done!
Finding genes in sequence #887 (211 bp)...done!
Finding genes in sequence #888 (211 bp)...done!
Finding genes in sequence #889 (211 bp)...done!
Finding genes in sequence #890 (211 bp)...done!
Finding genes in sequence #891 (211 bp)...done!
Finding genes in sequence #892 (211 bp)...done!
Finding genes in sequence #893 (211 bp)...done!
Finding genes in sequence #894 (211 bp)...done!
Finding genes in sequence #895 (211 bp)...done!
Finding genes in sequence #896 (211 bp)...done!
Finding genes in sequence #897 (211 bp)...done!
Finding genes in sequence #898 (211 bp)...done!
Finding genes in sequence #899 (211 bp)...done!
Finding genes in sequence #900 (211 bp)...done!
Finding genes in sequence #901 (211 bp)...done!
Finding genes in sequence #902 (211 bp)...done!
Finding genes in sequence #903 (211 bp)...done!
Finding genes in sequence #904 (211 bp)...done!
Finding genes in sequence #905 (210 bp)...done!
Finding genes in sequence #906 (210 bp)...done!
Finding genes in sequence #907 (210 bp)...done!
Finding genes in sequence #908 (210 bp)...done!
Finding genes in sequence #909 (210 bp)...done!
Finding genes in sequence #910 (210 bp)...done!
Finding genes in sequence #911 (210 bp)...done!
Finding genes in sequence #912 (210 bp)...done!
Finding genes in sequence #913 (210 bp)...done!
Finding genes in sequence #914 (210 bp)...done!
Finding genes in sequence #915 (210 bp)...done!
Finding genes in sequence #916 (210 bp)...done!
Finding genes in sequence #917 (210 bp)...done!
Finding genes in sequence #918 (210 bp)...done!
Finding genes in sequence #919 (210 bp)...done!
Finding genes in sequence #920 (210 bp)...done!
Finding genes in sequence #921 (210 bp)...done!
Finding genes in sequence #922 (210 bp)...done!
Finding genes in sequence #923 (210 bp)...done!
Finding genes in sequence #924 (210 bp)...done!
Finding genes in sequence #925 (210 bp)...done!
Finding genes in sequence #926 (209 bp)...done!
Finding genes in sequence #927 (209 bp)...done!
Finding genes in sequence #928 (209 bp)...done!
Finding genes in sequence #929 (209 bp)...done!
Finding genes in sequence #930 (209 bp)...done!
Finding genes in sequence #931 (209 bp)...done!
Finding genes in sequence #932 (209 bp)...done!
Finding genes in sequence #933 (209 bp)...done!
Finding genes in sequence #934 (209 bp)...done!
Finding genes in sequence #935 (209 bp)...done!
Finding genes in sequence #936 (209 bp)...done!
Finding genes in sequence #937 (209 bp)...done!
Finding genes in sequence #938 (209 bp)...done!
Finding genes in sequence #939 (209 bp)...done!
Finding genes in sequence #940 (209 bp)...done!
Finding genes in sequence #941 (209 bp)...done!
Finding genes in sequence #942 (209 bp)...done!
Finding genes in sequence #943 (209 bp)...done!
Finding genes in sequence #944 (209 bp)...done!
Finding genes in sequence #945 (209 bp)...done!
Finding genes in sequence #946 (209 bp)...done!
Finding genes in sequence #947 (209 bp)...done!
Finding genes in sequence #948 (209 bp)...done!
Finding genes in sequence #949 (209 bp)...done!
Finding genes in sequence #950 (208 bp)...done!
Finding genes in sequence #951 (208 bp)...done!
Finding genes in sequence #952 (208 bp)...done!
Finding genes in sequence #953 (208 bp)...done!
Finding genes in sequence #954 (208 bp)...done!
Finding genes in sequence #955 (208 bp)...done!
Finding genes in sequence #956 (208 bp)...done!
Finding genes in sequence #957 (208 bp)...done!
Finding genes in sequence #958 (208 bp)...done!
Finding genes in sequence #959 (208 bp)...done!
Finding genes in sequence #960 (208 bp)...done!
Finding genes in sequence #961 (208 bp)...done!
Finding genes in sequence #962 (208 bp)...done!
Finding genes in sequence #963 (208 bp)...done!
Finding genes in sequence #964 (208 bp)...done!
Finding genes in sequence #965 (208 bp)...done!
Finding genes in sequence #966 (208 bp)...done!
Finding genes in sequence #967 (208 bp)...done!
Finding genes in sequence #968 (208 bp)...done!
Finding genes in sequence #969 (208 bp)...done!
Finding genes in sequence #970 (208 bp)...done!
Finding genes in sequence #971 (208 bp)...done!
Finding genes in sequence #972 (208 bp)...done!
Finding genes in sequence #973 (208 bp)...done!
Finding genes in sequence #974 (208 bp)...done!
Finding genes in sequence #975 (208 bp)...done!
Finding genes in sequence #976 (208 bp)...done!
Finding genes in sequence #977 (208 bp)...done!
Finding genes in sequence #978 (208 bp)...done!
Finding genes in sequence #979 (207 bp)...done!
Finding genes in sequence #980 (207 bp)...done!
Finding genes in sequence #981 (207 bp)...done!
Finding genes in sequence #982 (207 bp)...done!
Finding genes in sequence #983 (207 bp)...done!
Finding genes in sequence #984 (207 bp)...done!
Finding genes in sequence #985 (207 bp)...done!
Finding genes in sequence #986 (207 bp)...done!
Finding genes in sequence #987 (207 bp)...done!
Finding genes in sequence #988 (207 bp)...done!
Finding genes in sequence #989 (207 bp)...done!
Finding genes in sequence #990 (207 bp)...done!
Finding genes in sequence #991 (207 bp)...done!
Finding genes in sequence #992 (207 bp)...done!
Finding genes in sequence #993 (207 bp)...done!
Finding genes in sequence #994 (207 bp)...done!
Finding genes in sequence #995 (207 bp)...done!
Finding genes in sequence #996 (207 bp)...done!
Finding genes in sequence #997 (207 bp)...done!
Finding genes in sequence #998 (206 bp)...done!
Finding genes in sequence #999 (206 bp)...done!
Finding genes in sequence #1000 (206 bp)...done!
Finding genes in sequence #1001 (206 bp)...done!
Finding genes in sequence #1002 (206 bp)...done!
Finding genes in sequence #1003 (206 bp)...done!
Finding genes in sequence #1004 (206 bp)...done!
Finding genes in sequence #1005 (206 bp)...done!
Finding genes in sequence #1006 (206 bp)...done!
Finding genes in sequence #1007 (206 bp)...done!
Finding genes in sequence #1008 (206 bp)...done!
Finding genes in sequence #1009 (206 bp)...done!
Finding genes in sequence #1010 (206 bp)...done!
Finding genes in sequence #1011 (206 bp)...done!
Finding genes in sequence #1012 (206 bp)...done!
Finding genes in sequence #1013 (206 bp)...done!
Finding genes in sequence #1014 (206 bp)...done!
Finding genes in sequence #1015 (206 bp)...done!
Finding genes in sequence #1016 (206 bp)...done!
Finding genes in sequence #1017 (206 bp)...done!
Finding genes in sequence #1018 (206 bp)...done!
Finding genes in sequence #1019 (198 bp)...done!
Finding genes in sequence #1020 (198 bp)...done!
Finding genes in sequence #1021 (195 bp)...done!
Finding genes in sequence #1022 (195 bp)...done!
Finding genes in sequence #1023 (192 bp)...done!
Finding genes in sequence #1024 (185 bp)...done!
Finding genes in sequence #1025 (177 bp)...done!
Finding genes in sequence #1026 (174 bp)...done!
Finding genes in sequence #1027 (172 bp)...done!
Finding genes in sequence #1028 (169 bp)...done!
Finding genes in sequence #1029 (166 bp)...done!
Finding genes in sequence #1030 (159 bp)...done!
Finding genes in sequence #1031 (152 bp)...done!
Finding genes in sequence #1032 (152 bp)...done!
Finding genes in sequence #1033 (150 bp)...done!
Finding genes in sequence #1034 (147 bp)...done!
Finding genes in sequence #1035 (143 bp)...done!
Finding genes in sequence #1036 (135 bp)...done!
Finding genes in sequence #1037 (135 bp)...done!
Finding genes in sequence #1038 (132 bp)...done!
Finding genes in sequence #1039 (127 bp)...done!
Finding genes in sequence #1040 (126 bp)...done!
Finding genes in sequence #1041 (126 bp)...done!
Finding genes in sequence #1042 (124 bp)...done!
Finding genes in sequence #1043 (124 bp)...done!
Finding genes in sequence #1044 (123 bp)...done!
Finding genes in sequence #1045 (123 bp)...done!
Finding genes in sequence #1046 (123 bp)...done!
Finding genes in sequence #1047 (122 bp)...done!
Finding genes in sequence #1048 (122 bp)...done!
Finding genes in sequence #1049 (121 bp)...done!
Finding genes in sequence #1050 (120 bp)...done!
Finding genes in sequence #1051 (120 bp)...done!
Finding genes in sequence #1052 (120 bp)...done!
Finding genes in sequence #1053 (120 bp)...done!
Finding genes in sequence #1054 (119 bp)...done!
Finding genes in sequence #1055 (118 bp)...done!
Finding genes in sequence #1056 (116 bp)...done!
Finding genes in sequence #1057 (116 bp)...done!
Finding genes in sequence #1058 (115 bp)...done!
Finding genes in sequence #1059 (115 bp)...done!
Finding genes in sequence #1060 (115 bp)...done!
Finding genes in sequence #1061 (114 bp)...done!
Finding genes in sequence #1062 (114 bp)...done!
Finding genes in sequence #1063 (113 bp)...done!
Finding genes in sequence #1064 (112 bp)...done!
Finding genes in sequence #1065 (111 bp)...done!
Finding genes in sequence #1066 (111 bp)...done!
Finding genes in sequence #1067 (111 bp)...done!
Finding genes in sequence #1068 (110 bp)...done!
Finding genes in sequence #1069 (110 bp)...done!
Finding genes in sequence #1070 (109 bp)...done!
Finding genes in sequence #1071 (108 bp)...done!
Finding genes in sequence #1072 (108 bp)...done!
Finding genes in sequence #1073 (108 bp)...done!
Finding genes in sequence #1074 (107 bp)...done!
Finding genes in sequence #1075 (101 bp)...done!
Finding genes in sequence #1076 (101 bp)...done!
Finding genes in sequence #1077 (99 bp)...done!
Finding genes in sequence #1078 (98 bp)...done!
Finding genes in sequence #1079 (98 bp)...done!
Finding genes in sequence #1080 (96 bp)...done!
Finding genes in sequence #1081 (96 bp)...done!
Finding genes in sequence #1082 (96 bp)...done!
Finding genes in sequence #1083 (96 bp)...done!
Finding genes in sequence #1084 (95 bp)...done!
Finding genes in sequence #1085 (94 bp)...done!
Finding genes in sequence #1086 (94 bp)...done!
Finding genes in sequence #1087 (90 bp)...done!
Finding genes in sequence #1088 (90 bp)...done!
Finding genes in sequence #1089 (90 bp)...done!
Finding genes in sequence #1090 (90 bp)...done!
Finding genes in sequence #1091 (88 bp)...done!
Finding genes in sequence #1092 (87 bp)...done!
Finding genes in sequence #1093 (82 bp)...done!
Finding genes in sequence #1094 (82 bp)...done!
Finding genes in sequence #1095 (82 bp)...done!
Finding genes in sequence #1096 (82 bp)...done!
Finding genes in sequence #1097 (80 bp)...done!
Finding genes in sequence #1098 (79 bp)...done!
Finding genes in sequence #1099 (78 bp)...done!
Finding genes in sequence #1100 (77 bp)...done!
Finding genes in sequence #1101 (76 bp)...done!
Finding genes in sequence #1102 (76 bp)...done!
Finding genes in sequence #1103 (76 bp)...done!
Finding genes in sequence #1104 (76 bp)...done!
Finding genes in sequence #1105 (75 bp)...done!
Finding genes in sequence #1106 (74 bp)...done!
Finding genes in sequence #1107 (73 bp)...done!
Finding genes in sequence #1108 (72 bp)...done!
Finding genes in sequence #1109 (72 bp)...done!
Finding genes in sequence #1110 (72 bp)...done!
Finding genes in sequence #1111 (71 bp)...done!
Finding genes in sequence #1112 (70 bp)...done!
Finding genes in sequence #1113 (68 bp)...done!
Finding genes in sequence #1114 (65 bp)...done!
Finding genes in sequence #1115 (64 bp)...done!
Finding genes in sequence #1116 (63 bp)...done!
Finding genes in sequence #1117 (62 bp)...done!
Finding genes in sequence #1118 (61 bp)...done!
Finding genes in sequence #1119 (60 bp)...done!
Finding genes in sequence #1120 (60 bp)...done!
Finding genes in sequence #1121 (60 bp)...done!
Finding genes in sequence #1122 (59 bp)...done!
Finding genes in sequence #1123 (58 bp)...done!
Finding genes in sequence #1124 (58 bp)...done!
Finding genes in sequence #1125 (58 bp)...done!
Finding genes in sequence #1126 (57 bp)...done!
Finding genes in sequence #1127 (57 bp)...done!
Finding genes in sequence #1128 (57 bp)...done!
Finding genes in sequence #1129 (56 bp)...done!
Finding genes in sequence #1130 (56 bp)...done!
Finding genes in sequence #1131 (56 bp)...done!
Finding genes in sequence #1132 (56 bp)...done!
