#                                                                                                           --- full sequence --- -------------- this domain -------------   hmm coord   ali coord   env coord
# target name                                       accession   tlen query name           accession   qlen   E-value  score  bias   #  of  c-Evalue  i-Evalue  score  bias  from    to  from    to  from    to  acc description of target
#                               ------------------- ---------- ----- -------------------- ---------- ----- --------- ------ ----- --- --- --------- --------- ------ ----- ----- ----- ----- ----- ----- ----- ---- ---------------------
NODE_4_length_159364_cov_195.254851:75610-76545|+   -            312 1069591at2           -            187   6.4e-49  163.7   9.3   1   3   2.3e-37   1.1e-34  117.3   0.0     1    94     8   113     8   136 0.88 NODE_4_length_159364_cov_195.254851_61 # 75610 # 76545 # 1 # ID=4_61;partial=00;start_type=ATG;rbs_motif=GGA/GAG/AGG;rbs_spacer=5-10bp;gc_cont=0.318
NODE_4_length_159364_cov_195.254851:75610-76545|+   -            312 1069591at2           -            187   6.4e-49  163.7   9.3   2   3   4.2e-07    0.0002   18.6   0.2    97   133   143   179   134   206 0.70 NODE_4_length_159364_cov_195.254851_61 # 75610 # 76545 # 1 # ID=4_61;partial=00;start_type=ATG;rbs_motif=GGA/GAG/AGG;rbs_spacer=5-10bp;gc_cont=0.318
NODE_4_length_159364_cov_195.254851:75610-76545|+   -            312 1069591at2           -            187   6.4e-49  163.7   9.3   3   3   3.5e-08   1.7e-05   22.2   4.1   132   187   203   285   181   285 0.69 NODE_4_length_159364_cov_195.254851_61 # 75610 # 76545 # 1 # ID=4_61;partial=00;start_type=ATG;rbs_motif=GGA/GAG/AGG;rbs_spacer=5-10bp;gc_cont=0.318
NODE_1_length_221181_cov_231.485492:212084-214540|- -            819 1069591at2           -            187   0.00089   16.5   0.0   1   2     0.045        22    2.2   0.0     3    26   205   227   204   240 0.88 NODE_1_length_221181_cov_231.485492_205 # 212084 # 214540 # -1 # ID=1_205;partial=00;start_type=ATG;rbs_motif=AGGAGG;rbs_spacer=5-10bp;gc_cont=0.340
NODE_1_length_221181_cov_231.485492:212084-214540|- -            819 1069591at2           -            187   0.00089   16.5   0.0   2   2   9.6e-05     0.046   10.9   0.0     3    27   542   566   540   575 0.80 NODE_1_length_221181_cov_231.485492_205 # 212084 # 214540 # -1 # ID=1_205;partial=00;start_type=ATG;rbs_motif=AGGAGG;rbs_spacer=5-10bp;gc_cont=0.340
NODE_21_length_46212_cov_202.697359:18372-19634|-   -            421 1069591at2           -            187    0.0021   15.3   0.2   1   2      0.15        73    0.5   0.0    75   114    20    58    17    68 0.74 NODE_21_length_46212_cov_202.697359_18 # 18372 # 19634 # -1 # ID=21_18;partial=00;start_type=ATG;rbs_motif=GGA/GAG/AGG;rbs_spacer=11-12bp;gc_cont=0.340
NODE_21_length_46212_cov_202.697359:18372-19634|-   -            421 1069591at2           -            187    0.0021   15.3   0.2   2   2   6.3e-05      0.03   11.5   0.1     2    22   113   133   112   138 0.91 NODE_21_length_46212_cov_202.697359_18 # 18372 # 19634 # -1 # ID=21_18;partial=00;start_type=ATG;rbs_motif=GGA/GAG/AGG;rbs_spacer=11-12bp;gc_cont=0.340
NODE_3_length_190121_cov_203.196926:26490-27149|-   -            220 1069591at2           -            187    0.0055   13.9   0.1   1   1   2.3e-05     0.011   13.0   0.1     2    45     6    50     5    73 0.77 NODE_3_length_190121_cov_203.196926_26 # 26490 # 27149 # -1 # ID=3_26;partial=00;start_type=ATG;rbs_motif=GGA/GAG/AGG;rbs_spacer=5-10bp;gc_cont=0.347
NODE_5_length_148581_cov_258.518993:88305-90410|-   -            702 1069591at2           -            187     0.014   12.6   2.0   1   3      0.25   1.2e+02   -0.2   0.1     3    25   123   144   122   164 0.80 NODE_5_length_148581_cov_258.518993_83 # 88305 # 90410 # -1 # ID=5_83;partial=00;start_type=ATG;rbs_motif=GGAG/GAGG;rbs_spacer=5-10bp;gc_cont=0.347
NODE_5_length_148581_cov_258.518993:88305-90410|-   -            702 1069591at2           -            187     0.014   12.6   2.0   2   3      0.59   2.8e+02   -1.4   0.1   120   154   390   427   345   436 0.47 NODE_5_length_148581_cov_258.518993_83 # 88305 # 90410 # -1 # ID=5_83;partial=00;start_type=ATG;rbs_motif=GGAG/GAGG;rbs_spacer=5-10bp;gc_cont=0.347
NODE_5_length_148581_cov_258.518993:88305-90410|-   -            702 1069591at2           -            187     0.014   12.6   2.0   3   3   0.00018     0.086   10.1   0.0     3    23   454   474   452   487 0.82 NODE_5_length_148581_cov_258.518993_83 # 88305 # 90410 # -1 # ID=5_83;partial=00;start_type=ATG;rbs_motif=GGAG/GAGG;rbs_spacer=5-10bp;gc_cont=0.347
NODE_38_length_12913_cov_202.123425:8591-9382|+     -            264 1069591at2           -            187     0.016   12.4   0.0   1   1   6.2e-05      0.03   11.6   0.0     2    27    27    50    26    66 0.79 NODE_38_length_12913_cov_202.123425_7 # 8591 # 9382 # 1 # ID=38_7;partial=00;start_type=ATG;rbs_motif=AGGAG/GGAGG;rbs_spacer=11-12bp;gc_cont=0.318
NODE_2_length_205520_cov_212.013608:121313-123922|- -            870 1069591at2           -            187      0.28    8.4   0.0   1   4       1.7   7.9e+02   -2.9   0.1   106   162    18    74     7    92 0.64 NODE_2_length_205520_cov_212.013608_113 # 121313 # 123922 # -1 # ID=2_113;partial=00;start_type=ATG;rbs_motif=GGAG/GAGG;rbs_spacer=5-10bp;gc_cont=0.338
NODE_2_length_205520_cov_212.013608:121313-123922|- -            870 1069591at2           -            187      0.28    8.4   0.0   2   4      0.42     2e+02   -0.9   0.0     3    28   202   226   201   228 0.85 NODE_2_length_205520_cov_212.013608_113 # 121313 # 123922 # -1 # ID=2_113;partial=00;start_type=ATG;rbs_motif=GGAG/GAGG;rbs_spacer=5-10bp;gc_cont=0.338
NODE_2_length_205520_cov_212.013608:121313-123922|- -            870 1069591at2           -            187      0.28    8.4   0.0   3   4      0.33   1.6e+02   -0.6   1.3   115   162   410   457   394   490 0.82 NODE_2_length_205520_cov_212.013608_113 # 121313 # 123922 # -1 # ID=2_113;partial=00;start_type=ATG;rbs_motif=GGAG/GAGG;rbs_spacer=5-10bp;gc_cont=0.338
NODE_2_length_205520_cov_212.013608:121313-123922|- -            870 1069591at2           -            187      0.28    8.4   0.0   4   4   0.00058      0.28    8.4   0.0     3    21   606   624   604   637 0.88 NODE_2_length_205520_cov_212.013608_113 # 121313 # 123922 # -1 # ID=2_113;partial=00;start_type=ATG;rbs_motif=GGAG/GAGG;rbs_spacer=5-10bp;gc_cont=0.338
#
# Program:         hmmsearch
# Version:         3.4 (Aug 2023)
# Pipeline mode:   SEARCH
# Query file:      /workspaces/Project_S.aureus/busco_downloads/lineages/bacteria_odb10/hmms/1069591at2.hmm
# Target file:     /workspaces/Project_S.aureus/busco_results/prodigal_output/predicted_genes/predicted.faa
# Option settings: hmmsearch --domtblout /workspaces/Project_S.aureus/busco_results/run_bacteria_odb10/hmmer_output/1069591at2.out --cpu 1 /workspaces/Project_S.aureus/busco_downloads/lineages/bacteria_odb10/hmms/1069591at2.hmm /workspaces/Project_S.aureus/busco_results/prodigal_output/predicted_genes/predicted.faa 
# Current dir:     /workspaces/Project_S.aureus
# Date:            Tue Mar 31 16:04:30 2026
# [ok]
