#                                                                                                          --- full sequence --- -------------- this domain -------------   hmm coord   ali coord   env coord
# target name                                      accession   tlen query name           accession   qlen   E-value  score  bias   #  of  c-Evalue  i-Evalue  score  bias  from    to  from    to  from    to  acc description of target
#                              ------------------- ---------- ----- -------------------- ---------- ----- --------- ------ ----- --- --- --------- --------- ------ ----- ----- ----- ----- ----- ----- ----- ---- ---------------------
NODE_30_length_23578_cov_208.027377:9821-11170|+   -            450 1093223at2           -            361   1.4e-90  301.9   0.1   1   1   5.1e-93   2.8e-90  300.9   0.1     2   357     9   444     8   447 0.82 NODE_30_length_23578_cov_208.027377_11 # 9821 # 11170 # 1 # ID=30_11;partial=00;start_type=ATG;rbs_motif=GGAG/GAGG;rbs_spacer=5-10bp;gc_cont=0.327
NODE_13_length_73100_cov_229.177617:22124-23482|-  -            453 1093223at2           -            361     1e-17   62.1   2.0   1   1   3.3e-20   1.8e-17   61.3   2.0    72   316   105   407    89   423 0.73 NODE_13_length_73100_cov_229.177617_20 # 22124 # 23482 # -1 # ID=13_20;partial=00;start_type=ATG;rbs_motif=GGAG/GAGG;rbs_spacer=5-10bp;gc_cont=0.330
NODE_2_length_205520_cov_212.013608:74080-75564|-  -            495 1093223at2           -            361   1.8e-12   44.9   0.3   1   2   5.7e-06    0.0032   14.5   0.3    75    98   105   128    84   147 0.83 NODE_2_length_205520_cov_212.013608_69 # 74080 # 75564 # -1 # ID=2_69;partial=00;start_type=TTG;rbs_motif=AGGAG;rbs_spacer=5-10bp;gc_cont=0.369
NODE_2_length_205520_cov_212.013608:74080-75564|-  -            495 1093223at2           -            361   1.8e-12   44.9   0.3   2   2   7.2e-10     4e-07   27.3   0.0   117   245   171   339   161   350 0.74 NODE_2_length_205520_cov_212.013608_69 # 74080 # 75564 # -1 # ID=2_69;partial=00;start_type=TTG;rbs_motif=AGGAG;rbs_spacer=5-10bp;gc_cont=0.369
NODE_10_length_105441_cov_213.290342:53919-55232|- -            438 1093223at2           -            361   1.9e-11   41.5   0.0   1   1     1e-13   5.6e-11   40.0   0.0    54   255    79   312    71   315 0.75 NODE_10_length_105441_cov_213.290342_42 # 53919 # 55232 # -1 # ID=10_42;partial=00;start_type=ATG;rbs_motif=AGGAG;rbs_spacer=5-10bp;gc_cont=0.314
NODE_19_length_54654_cov_222.707760:1567-2880|-    -            438 1093223at2           -            361   5.9e-11   39.9   6.7   1   2   4.6e-09   2.5e-06   24.7   1.8    68   105    43    80    30   204 0.77 NODE_19_length_54654_cov_222.707760_3 # 1567 # 2880 # -1 # ID=19_3;partial=00;start_type=ATG;rbs_motif=AGGAGG;rbs_spacer=5-10bp;gc_cont=0.344
NODE_19_length_54654_cov_222.707760:1567-2880|-    -            438 1093223at2           -            361   5.9e-11   39.9   6.7   2   2   1.6e-06    0.0009   16.3   0.2   199   257   252   315   198   399 0.70 NODE_19_length_54654_cov_222.707760_3 # 1567 # 2880 # -1 # ID=19_3;partial=00;start_type=ATG;rbs_motif=AGGAGG;rbs_spacer=5-10bp;gc_cont=0.344
NODE_21_length_46212_cov_202.697359:4890-6161|-    -            424 1093223at2           -            361    0.0076   13.2   0.2   1   2    0.0045       2.5    4.9   0.1    74   108    40    74    29    91 0.77 NODE_21_length_46212_cov_202.697359_7 # 4890 # 6161 # -1 # ID=21_7;partial=00;start_type=ATG;rbs_motif=AGGAG;rbs_spacer=5-10bp;gc_cont=0.329
NODE_21_length_46212_cov_202.697359:4890-6161|-    -            424 1093223at2           -            361    0.0076   13.2   0.2   2   2    0.0019       1.1    6.2   0.0   131   222   159   268   123   304 0.71 NODE_21_length_46212_cov_202.697359_7 # 4890 # 6161 # -1 # ID=21_7;partial=00;start_type=ATG;rbs_motif=AGGAG;rbs_spacer=5-10bp;gc_cont=0.329
#
# Program:         hmmsearch
# Version:         3.4 (Aug 2023)
# Pipeline mode:   SEARCH
# Query file:      /workspaces/Project_S.aureus/busco_downloads/lineages/bacteria_odb10/hmms/1093223at2.hmm
# Target file:     /workspaces/Project_S.aureus/busco_results/prodigal_output/predicted_genes/predicted.faa
# Option settings: hmmsearch --domtblout /workspaces/Project_S.aureus/busco_results/run_bacteria_odb10/hmmer_output/1093223at2.out --cpu 1 /workspaces/Project_S.aureus/busco_downloads/lineages/bacteria_odb10/hmms/1093223at2.hmm /workspaces/Project_S.aureus/busco_results/prodigal_output/predicted_genes/predicted.faa 
# Current dir:     /workspaces/Project_S.aureus
# Date:            Tue Mar 31 16:04:29 2026
# [ok]
