#                                                                                                           --- full sequence --- -------------- this domain -------------   hmm coord   ali coord   env coord
# target name                                       accession   tlen query name           accession   qlen   E-value  score  bias   #  of  c-Evalue  i-Evalue  score  bias  from    to  from    to  from    to  acc description of target
#                               ------------------- ---------- ----- -------------------- ---------- ----- --------- ------ ----- --- --- --------- --------- ------ ----- ----- ----- ----- ----- ----- ----- ---- ---------------------
NODE_14_length_70073_cov_210.131480:19502-21349|+   -            616 143460at2            -            439  3.5e-161  534.3   7.6   1   2   9.1e-84   5.1e-81  270.2   0.5     1   195     8   247     8   263 0.88 NODE_14_length_70073_cov_210.131480_21 # 19502 # 21349 # 1 # ID=14_21;partial=00;start_type=ATG;rbs_motif=AGxAGG/AGGxGG;rbs_spacer=11-12bp;gc_cont=0.352
NODE_14_length_70073_cov_210.131480:19502-21349|+   -            616 143460at2            -            439  3.5e-161  534.3   7.6   2   2   1.7e-81   9.7e-79  262.7   1.4   194   439   271   593   263   593 0.83 NODE_14_length_70073_cov_210.131480_21 # 19502 # 21349 # 1 # ID=14_21;partial=00;start_type=ATG;rbs_motif=AGxAGG/AGGxGG;rbs_spacer=11-12bp;gc_cont=0.352
NODE_1_length_221181_cov_231.485492:186654-188735|- -            694 143460at2            -            439   5.1e-38  128.5   0.3   1   3   3.4e-31   1.9e-28   96.9   0.0     2   125    11   152    10   190 0.81 NODE_1_length_221181_cov_231.485492_183 # 186654 # 188735 # -1 # ID=1_183;partial=00;start_type=ATG;rbs_motif=AGGAG;rbs_spacer=5-10bp;gc_cont=0.392
NODE_1_length_221181_cov_231.485492:186654-188735|- -            694 143460at2            -            439   5.1e-38  128.5   0.3   2   3   1.1e-06   0.00064   16.1   0.0   117   293   270   480   261   513 0.75 NODE_1_length_221181_cov_231.485492_183 # 186654 # 188735 # -1 # ID=1_183;partial=00;start_type=ATG;rbs_motif=AGGAG;rbs_spacer=5-10bp;gc_cont=0.392
NODE_1_length_221181_cov_231.485492:186654-188735|- -            694 143460at2            -            439   5.1e-38  128.5   0.3   3   3    0.0025       1.4    5.1   0.0   290   346   602   667   597   671 0.79 NODE_1_length_221181_cov_231.485492_183 # 186654 # 188735 # -1 # ID=1_183;partial=00;start_type=ATG;rbs_motif=AGGAG;rbs_spacer=5-10bp;gc_cont=0.392
NODE_3_length_190121_cov_203.196926:129683-131506|- -            608 143460at2            -            439   8.1e-37  124.5   4.6   1   3   2.7e-39   1.5e-36  123.6   0.7     1   198    13   242    13   266 0.81 NODE_3_length_190121_cov_203.196926_133 # 129683 # 131506 # -1 # ID=3_133;partial=00;start_type=ATG;rbs_motif=AGxAGG/AGGxGG;rbs_spacer=5-10bp;gc_cont=0.339
NODE_3_length_190121_cov_203.196926:129683-131506|- -            608 143460at2            -            439   8.1e-37  124.5   4.6   2   3     0.032        18    1.5   0.1   268   301   353   387   345   401 0.83 NODE_3_length_190121_cov_203.196926_133 # 129683 # 131506 # -1 # ID=3_133;partial=00;start_type=ATG;rbs_motif=AGxAGG/AGGxGG;rbs_spacer=5-10bp;gc_cont=0.339
NODE_3_length_190121_cov_203.196926:129683-131506|- -            608 143460at2            -            439   8.1e-37  124.5   4.6   3   3      0.59   3.3e+02   -2.7   0.0   290   324   410   444   390   461 0.71 NODE_3_length_190121_cov_203.196926_133 # 129683 # 131506 # -1 # ID=3_133;partial=00;start_type=ATG;rbs_motif=AGxAGG/AGGxGG;rbs_spacer=5-10bp;gc_cont=0.339
NODE_1_length_221181_cov_231.485492:185253-186437|- -            395 143460at2            -            439   1.2e-21   74.5   0.7   1   1   7.9e-24   4.4e-21   72.7   0.7     3   196    14   251    12   260 0.69 NODE_1_length_221181_cov_231.485492_182 # 185253 # 186437 # -1 # ID=1_182;partial=00;start_type=ATG;rbs_motif=AGGAG;rbs_spacer=5-10bp;gc_cont=0.407
NODE_2_length_205520_cov_212.013608:72277-73839|-   -            521 143460at2            -            439   2.7e-19   66.8   0.0   1   2   2.1e-21   1.2e-18   64.7   0.0     3   117    12   148    10   182 0.75 NODE_2_length_205520_cov_212.013608_67 # 72277 # 73839 # -1 # ID=2_67;partial=00;start_type=ATG;rbs_motif=AGGAG;rbs_spacer=5-10bp;gc_cont=0.340
NODE_2_length_205520_cov_212.013608:72277-73839|-   -            521 143460at2            -            439   2.7e-19   66.8   0.0   2   2      0.25   1.4e+02   -1.5   0.0   169   203   306   340   294   351 0.78 NODE_2_length_205520_cov_212.013608_67 # 72277 # 73839 # -1 # ID=2_67;partial=00;start_type=ATG;rbs_motif=AGGAG;rbs_spacer=5-10bp;gc_cont=0.340
NODE_4_length_159364_cov_195.254851:34326-36443|+   -            706 143460at2            -            439   5.5e-17   59.2   0.8   1   3      0.61   3.4e+02   -2.7   0.1   378   431   130   183   123   186 0.66 NODE_4_length_159364_cov_195.254851_28 # 34326 # 36443 # 1 # ID=4_28;partial=00;start_type=ATG;rbs_motif=AGGAG;rbs_spacer=5-10bp;gc_cont=0.341
NODE_4_length_159364_cov_195.254851:34326-36443|+   -            706 143460at2            -            439   5.5e-17   59.2   0.8   2   3   9.9e-20   5.5e-17   59.2   0.8     4   120   212   331   210   422 0.88 NODE_4_length_159364_cov_195.254851_28 # 34326 # 36443 # 1 # ID=4_28;partial=00;start_type=ATG;rbs_motif=AGGAG;rbs_spacer=5-10bp;gc_cont=0.341
NODE_4_length_159364_cov_195.254851:34326-36443|+   -            706 143460at2            -            439   5.5e-17   59.2   0.8   3   3      0.53   2.9e+02   -2.5   0.1   167   191   625   649   599   655 0.82 NODE_4_length_159364_cov_195.254851_28 # 34326 # 36443 # 1 # ID=4_28;partial=00;start_type=ATG;rbs_motif=AGGAG;rbs_spacer=5-10bp;gc_cont=0.341
#
# Program:         hmmsearch
# Version:         3.4 (Aug 2023)
# Pipeline mode:   SEARCH
# Query file:      /workspaces/Project_S.aureus/busco_downloads/lineages/bacteria_odb10/hmms/143460at2.hmm
# Target file:     /workspaces/Project_S.aureus/busco_results/prodigal_output/predicted_genes/predicted.faa
# Option settings: hmmsearch --domtblout /workspaces/Project_S.aureus/busco_results/run_bacteria_odb10/hmmer_output/143460at2.out --cpu 1 /workspaces/Project_S.aureus/busco_downloads/lineages/bacteria_odb10/hmms/143460at2.hmm /workspaces/Project_S.aureus/busco_results/prodigal_output/predicted_genes/predicted.faa 
# Current dir:     /workspaces/Project_S.aureus
# Date:            Tue Mar 31 16:04:30 2026
# [ok]
