#                                                                                                           --- full sequence --- -------------- this domain -------------   hmm coord   ali coord   env coord
# target name                                       accession   tlen query name           accession   qlen   E-value  score  bias   #  of  c-Evalue  i-Evalue  score  bias  from    to  from    to  from    to  acc description of target
#                               ------------------- ---------- ----- -------------------- ---------- ----- --------- ------ ----- --- --- --------- --------- ------ ----- ----- ----- ----- ----- ----- ----- ---- ---------------------
NODE_8_length_131064_cov_236.695746:60206-61498|-   -            431 1567535at2           -            300   1.2e-94  314.4  35.4   1   4   1.2e-34   1.9e-31  106.8   2.0     1   102    12   132    12   143 0.89 NODE_8_length_131064_cov_236.695746_58 # 60206 # 61498 # -1 # ID=8_58;partial=00;start_type=ATG;rbs_motif=GGAG/GAGG;rbs_spacer=5-10bp;gc_cont=0.345
NODE_8_length_131064_cov_236.695746:60206-61498|-   -            431 1567535at2           -            300   1.2e-94  314.4  35.4   2   4   1.6e-18   2.7e-15   53.8   5.8    89   145   143   199   131   206 0.80 NODE_8_length_131064_cov_236.695746_58 # 60206 # 61498 # -1 # ID=8_58;partial=00;start_type=ATG;rbs_motif=GGAG/GAGG;rbs_spacer=5-10bp;gc_cont=0.345
NODE_8_length_131064_cov_236.695746:60206-61498|-   -            431 1567535at2           -            300   1.2e-94  314.4  35.4   3   4   5.2e-17   8.6e-14   48.9   0.7   143   204   220   290   213   291 0.83 NODE_8_length_131064_cov_236.695746_58 # 60206 # 61498 # -1 # ID=8_58;partial=00;start_type=ATG;rbs_motif=GGAG/GAGG;rbs_spacer=5-10bp;gc_cont=0.345
NODE_8_length_131064_cov_236.695746:60206-61498|-   -            431 1567535at2           -            300   1.2e-94  314.4  35.4   4   4     4e-38   6.7e-35  118.2   6.2   200   299   310   421   301   422 0.90 NODE_8_length_131064_cov_236.695746_58 # 60206 # 61498 # -1 # ID=8_58;partial=00;start_type=ATG;rbs_motif=GGAG/GAGG;rbs_spacer=5-10bp;gc_cont=0.345
NODE_7_length_137367_cov_265.552610:101231-102442|+ -            404 1567535at2           -            300   4.8e-46  154.8  34.0   1   3   4.5e-20   7.5e-17   58.9   2.8     3   101    13   120    11   126 0.83 NODE_7_length_137367_cov_265.552610_89 # 101231 # 102442 # 1 # ID=7_89;partial=00;start_type=ATG;rbs_motif=GGAG/GAGG;rbs_spacer=5-10bp;gc_cont=0.290
NODE_7_length_137367_cov_265.552610:101231-102442|+ -            404 1567535at2           -            300   4.8e-46  154.8  34.0   2   3   4.4e-16   7.3e-13   45.8  13.5    99   207   136   260   132   265 0.75 NODE_7_length_137367_cov_265.552610_89 # 101231 # 102442 # 1 # ID=7_89;partial=00;start_type=ATG;rbs_motif=GGAG/GAGG;rbs_spacer=5-10bp;gc_cont=0.290
NODE_7_length_137367_cov_265.552610:101231-102442|+ -            404 1567535at2           -            300   4.8e-46  154.8  34.0   3   3   3.4e-20   5.6e-17   59.3   2.3   202   298   283   391   279   393 0.84 NODE_7_length_137367_cov_265.552610_89 # 101231 # 102442 # 1 # ID=7_89;partial=00;start_type=ATG;rbs_motif=GGAG/GAGG;rbs_spacer=5-10bp;gc_cont=0.290
#
# Program:         hmmsearch
# Version:         3.4 (Aug 2023)
# Pipeline mode:   SEARCH
# Query file:      /workspaces/Project_S.aureus/busco_downloads/lineages/bacteria_odb10/hmms/1567535at2.hmm
# Target file:     /workspaces/Project_S.aureus/busco_results/prodigal_output/predicted_genes/predicted.faa
# Option settings: hmmsearch --domtblout /workspaces/Project_S.aureus/busco_results/run_bacteria_odb10/hmmer_output/1567535at2.out --cpu 1 /workspaces/Project_S.aureus/busco_downloads/lineages/bacteria_odb10/hmms/1567535at2.hmm /workspaces/Project_S.aureus/busco_results/prodigal_output/predicted_genes/predicted.faa 
# Current dir:     /workspaces/Project_S.aureus
# Date:            Tue Mar 31 16:04:30 2026
# [ok]
