#                                                                                                           --- full sequence --- -------------- this domain -------------   hmm coord   ali coord   env coord
# target name                                       accession   tlen query name           accession   qlen   E-value  score  bias   #  of  c-Evalue  i-Evalue  score  bias  from    to  from    to  from    to  acc description of target
#                               ------------------- ---------- ----- -------------------- ---------- ----- --------- ------ ----- --- --- --------- --------- ------ ----- ----- ----- ----- ----- ----- ----- ---- ---------------------
NODE_4_length_159364_cov_195.254851:77603-78841|+   -            413 1592033at2           -            393  5.4e-139  461.2   7.1   1   1  2.5e-141    7e-139  460.8   7.1     4   377     9   395     5   408 0.89 NODE_4_length_159364_cov_195.254851_64 # 77603 # 78841 # 1 # ID=4_64;partial=00;start_type=ATG;rbs_motif=AGGAG;rbs_spacer=5-10bp;gc_cont=0.313
NODE_3_length_190121_cov_203.196926:23071-24381|-   -            437 1592033at2           -            393     8e-19   65.5   0.3   1   2   1.3e-11   3.5e-09   33.8   0.0   195   353     4   166     1   175 0.84 NODE_3_length_190121_cov_203.196926_24 # 23071 # 24381 # -1 # ID=3_24;partial=00;start_type=ATG;rbs_motif=GGAG/GAGG;rbs_spacer=5-10bp;gc_cont=0.353
NODE_3_length_190121_cov_203.196926:23071-24381|-   -            437 1592033at2           -            393     8e-19   65.5   0.3   2   2   8.2e-10   2.3e-07   27.8   1.5   194   361   175   358   171   378 0.79 NODE_3_length_190121_cov_203.196926_24 # 23071 # 24381 # -1 # ID=3_24;partial=00;start_type=ATG;rbs_motif=GGAG/GAGG;rbs_spacer=5-10bp;gc_cont=0.353
NODE_3_length_190121_cov_203.196926:187314-188606|- -            431 1592033at2           -            393   5.5e-16   56.2   0.0   1   1   2.9e-18   8.2e-16   55.6   0.0   195   364   159   343   154   367 0.87 NODE_3_length_190121_cov_203.196926_190 # 187314 # 188606 # -1 # ID=3_190;partial=00;start_type=ATG;rbs_motif=GGAG/GAGG;rbs_spacer=5-10bp;gc_cont=0.366
NODE_3_length_190121_cov_203.196926:139997-141097|- -            367 1592033at2           -            393   2.6e-10   37.5   1.1   1   2   8.4e-05     0.023   11.3   0.0   298   351    90   159    70   163 0.82 NODE_3_length_190121_cov_203.196926_145 # 139997 # 141097 # -1 # ID=3_145;partial=00;start_type=TTG;rbs_motif=GGAGG;rbs_spacer=5-10bp;gc_cont=0.342
NODE_3_length_190121_cov_203.196926:139997-141097|- -            367 1592033at2           -            393   2.6e-10   37.5   1.1   2   2   4.2e-09   1.2e-06   25.5   0.3   195   255   161   224   156   232 0.82 NODE_3_length_190121_cov_203.196926_145 # 139997 # 141097 # -1 # ID=3_145;partial=00;start_type=TTG;rbs_motif=GGAGG;rbs_spacer=5-10bp;gc_cont=0.342
NODE_3_length_190121_cov_203.196926:113535-114434|- -            300 1592033at2           -            393   2.7e-10   37.5   0.0   1   1   1.6e-12   4.6e-10   36.7   0.0   196   352     8   172     3   189 0.81 NODE_3_length_190121_cov_203.196926_115 # 113535 # 114434 # -1 # ID=3_115;partial=00;start_type=ATG;rbs_motif=AGGA;rbs_spacer=5-10bp;gc_cont=0.331
NODE_12_length_83549_cov_247.245838:16820-17917|-   -            366 1592033at2           -            393   5.6e-10   36.4   3.2   1   3   2.3e-12   6.5e-10   36.2   0.0   197   249     5    58     2    68 0.86 NODE_12_length_83549_cov_247.245838_22 # 16820 # 17917 # -1 # ID=12_22;partial=00;start_type=ATG;rbs_motif=AGGAG;rbs_spacer=5-10bp;gc_cont=0.354
NODE_12_length_83549_cov_247.245838:16820-17917|-   -            366 1592033at2           -            393   5.6e-10   36.4   3.2   2   3      0.75   2.1e+02   -1.7   0.1   334   368   156   190    90   212 0.43 NODE_12_length_83549_cov_247.245838_22 # 16820 # 17917 # -1 # ID=12_22;partial=00;start_type=ATG;rbs_motif=AGGAG;rbs_spacer=5-10bp;gc_cont=0.354
NODE_12_length_83549_cov_247.245838:16820-17917|-   -            366 1592033at2           -            393   5.6e-10   36.4   3.2   3   3      0.27        75   -0.2   0.2   316   345   223   252   194   264 0.71 NODE_12_length_83549_cov_247.245838_22 # 16820 # 17917 # -1 # ID=12_22;partial=00;start_type=ATG;rbs_motif=AGGAG;rbs_spacer=5-10bp;gc_cont=0.354
NODE_7_length_137367_cov_265.552610:41649-43028|+   -            460 1592033at2           -            393   7.5e-10   36.0   4.0   1   1   5.5e-12   1.5e-09   34.9   4.0   167   373   196   405   191   418 0.78 NODE_7_length_137367_cov_265.552610_31 # 41649 # 43028 # 1 # ID=7_31;partial=00;start_type=ATG;rbs_motif=AGGAGG;rbs_spacer=11-12bp;gc_cont=0.341
NODE_4_length_159364_cov_195.254851:3082-3966|+     -            295 1592033at2           -            393   2.4e-07   27.7   0.5   1   2   3.3e-05    0.0091   12.6   0.1   252   350     3   104     2   114 0.75 NODE_4_length_159364_cov_195.254851_2 # 3082 # 3966 # 1 # ID=4_2;partial=00;start_type=ATG;rbs_motif=GGA/GAG/AGG;rbs_spacer=5-10bp;gc_cont=0.334
NODE_4_length_159364_cov_195.254851:3082-3966|+     -            295 1592033at2           -            393   2.4e-07   27.7   0.5   2   2     1e-05    0.0028   14.3   0.1   180   219   109   145    98   151 0.69 NODE_4_length_159364_cov_195.254851_2 # 3082 # 3966 # 1 # ID=4_2;partial=00;start_type=ATG;rbs_motif=GGA/GAG/AGG;rbs_spacer=5-10bp;gc_cont=0.334
NODE_993_length_207_cov_1.032895:82-207|-           -             42 1592033at2           -            393   6.9e-06   22.9   0.2   1   1   2.6e-08   7.1e-06   22.9   0.2   281   319     1    40     1    41 0.95 NODE_993_length_207_cov_1.032895_2 # 82 # 207 # -1 # ID=993_2;partial=01;start_type=Edge;rbs_motif=None;rbs_spacer=None;gc_cont=0.310
NODE_3_length_190121_cov_203.196926:129683-131506|- -            608 1592033at2           -            393   1.4e-05   21.9   0.2   1   2   0.00033     0.091    9.4   0.0   184   226     3    50     1    67 0.78 NODE_3_length_190121_cov_203.196926_133 # 129683 # 131506 # -1 # ID=3_133;partial=00;start_type=ATG;rbs_motif=AGxAGG/AGGxGG;rbs_spacer=5-10bp;gc_cont=0.339
NODE_3_length_190121_cov_203.196926:129683-131506|- -            608 1592033at2           -            393   1.4e-05   21.9   0.2   2   2   0.00015     0.041   10.5   0.0   279   352   110   191   103   210 0.73 NODE_3_length_190121_cov_203.196926_133 # 129683 # 131506 # -1 # ID=3_133;partial=00;start_type=ATG;rbs_motif=AGxAGG/AGGxGG;rbs_spacer=5-10bp;gc_cont=0.339
NODE_5_length_148581_cov_258.518993:86059-87489|+   -            477 1592033at2           -            393   0.00016   18.4   1.4   1   3   0.00096      0.27    7.8   0.1   198   221     5    28     1    46 0.85 NODE_5_length_148581_cov_258.518993_80 # 86059 # 87489 # 1 # ID=5_80;partial=00;start_type=ATG;rbs_motif=AGGAG;rbs_spacer=5-10bp;gc_cont=0.335
NODE_5_length_148581_cov_258.518993:86059-87489|+   -            477 1592033at2           -            393   0.00016   18.4   1.4   2   3   0.00052      0.14    8.7   0.0   276   384    81   193    79   202 0.70 NODE_5_length_148581_cov_258.518993_80 # 86059 # 87489 # 1 # ID=5_80;partial=00;start_type=ATG;rbs_motif=AGGAG;rbs_spacer=5-10bp;gc_cont=0.335
NODE_5_length_148581_cov_258.518993:86059-87489|+   -            477 1592033at2           -            393   0.00016   18.4   1.4   3   3     0.044        12    2.3   0.4   268   339   175   242   174   274 0.73 NODE_5_length_148581_cov_258.518993_80 # 86059 # 87489 # 1 # ID=5_80;partial=00;start_type=ATG;rbs_motif=AGGAG;rbs_spacer=5-10bp;gc_cont=0.335
NODE_21_length_46212_cov_202.697359:17628-18218|-   -            197 1592033at2           -            393   0.00047   16.9   0.8   1   1   4.7e-06    0.0013   15.4   0.8   192   317    23   149    13   192 0.63 NODE_21_length_46212_cov_202.697359_17 # 17628 # 18218 # -1 # ID=21_17;partial=00;start_type=ATG;rbs_motif=GGAG/GAGG;rbs_spacer=5-10bp;gc_cont=0.288
#
# Program:         hmmsearch
# Version:         3.4 (Aug 2023)
# Pipeline mode:   SEARCH
# Query file:      /workspaces/Project_S.aureus/busco_downloads/lineages/bacteria_odb10/hmms/1592033at2.hmm
# Target file:     /workspaces/Project_S.aureus/busco_results/prodigal_output/predicted_genes/predicted.faa
# Option settings: hmmsearch --domtblout /workspaces/Project_S.aureus/busco_results/run_bacteria_odb10/hmmer_output/1592033at2.out --cpu 1 /workspaces/Project_S.aureus/busco_downloads/lineages/bacteria_odb10/hmms/1592033at2.hmm /workspaces/Project_S.aureus/busco_results/prodigal_output/predicted_genes/predicted.faa 
# Current dir:     /workspaces/Project_S.aureus
# Date:            Tue Mar 31 16:04:30 2026
# [ok]
