#                                                                                                           --- full sequence --- -------------- this domain -------------   hmm coord   ali coord   env coord
# target name                                       accession   tlen query name           accession   qlen   E-value  score  bias   #  of  c-Evalue  i-Evalue  score  bias  from    to  from    to  from    to  acc description of target
#                               ------------------- ---------- ----- -------------------- ---------- ----- --------- ------ ----- --- --- --------- --------- ------ ----- ----- ----- ----- ----- ----- ----- ---- ---------------------
NODE_3_length_190121_cov_203.196926:129683-131506|- -            608 182107at2            -            492  8.3e-223  737.7   7.2   1   1  1.7e-224    7e-222  734.7   7.2     1   492    13   605    13   605 0.88 NODE_3_length_190121_cov_203.196926_133 # 129683 # 131506 # -1 # ID=3_133;partial=00;start_type=ATG;rbs_motif=AGxAGG/AGGxGG;rbs_spacer=5-10bp;gc_cont=0.339
NODE_14_length_70073_cov_210.131480:19502-21349|+   -            616 182107at2            -            492   3.8e-40  135.3  10.9   1   3   2.5e-41     1e-38  130.5   1.7     1   267     8   312     8   355 0.73 NODE_14_length_70073_cov_210.131480_21 # 19502 # 21349 # 1 # ID=14_21;partial=00;start_type=ATG;rbs_motif=AGxAGG/AGGxGG;rbs_spacer=11-12bp;gc_cont=0.352
NODE_14_length_70073_cov_210.131480:19502-21349|+   -            616 182107at2            -            492   3.8e-40  135.3  10.9   2   3   7.6e-05     0.032   10.2   0.1   285   355   365   432   359   436 0.87 NODE_14_length_70073_cov_210.131480_21 # 19502 # 21349 # 1 # ID=14_21;partial=00;start_type=ATG;rbs_motif=AGxAGG/AGGxGG;rbs_spacer=11-12bp;gc_cont=0.352
NODE_14_length_70073_cov_210.131480:19502-21349|+   -            616 182107at2            -            492   3.8e-40  135.3  10.9   3   3         1   4.2e+02   -3.4   0.4   438   475   571   610   550   612 0.73 NODE_14_length_70073_cov_210.131480_21 # 19502 # 21349 # 1 # ID=14_21;partial=00;start_type=ATG;rbs_motif=AGxAGG/AGGxGG;rbs_spacer=11-12bp;gc_cont=0.352
NODE_1_length_221181_cov_231.485492:186654-188735|- -            694 182107at2            -            492   3.7e-39  132.0   1.3   1   3   9.7e-28   4.1e-25   85.7   0.1     2   131    11   158    10   182 0.82 NODE_1_length_221181_cov_231.485492_183 # 186654 # 188735 # -1 # ID=1_183;partial=00;start_type=ATG;rbs_motif=AGGAG;rbs_spacer=5-10bp;gc_cont=0.392
NODE_1_length_221181_cov_231.485492:186654-188735|- -            694 182107at2            -            492   3.7e-39  132.0   1.3   2   3   4.5e-11   1.9e-08   30.7   0.0   159   315   306   484   289   499 0.67 NODE_1_length_221181_cov_231.485492_183 # 186654 # 188735 # -1 # ID=1_183;partial=00;start_type=ATG;rbs_motif=AGGAG;rbs_spacer=5-10bp;gc_cont=0.392
NODE_1_length_221181_cov_231.485492:186654-188735|- -            694 182107at2            -            492   3.7e-39  132.0   1.3   3   3   0.00016     0.069    9.1   0.0   322   350   600   628   591   642 0.92 NODE_1_length_221181_cov_231.485492_183 # 186654 # 188735 # -1 # ID=1_183;partial=00;start_type=ATG;rbs_motif=AGGAG;rbs_spacer=5-10bp;gc_cont=0.392
NODE_2_length_205520_cov_212.013608:72277-73839|-   -            521 182107at2            -            492   4.5e-28   95.4   0.5   1   2   2.1e-24     9e-22   74.7   0.0     3   132    12   163    10   189 0.86 NODE_2_length_205520_cov_212.013608_67 # 72277 # 73839 # -1 # ID=2_67;partial=00;start_type=ATG;rbs_motif=AGGAG;rbs_spacer=5-10bp;gc_cont=0.340
NODE_2_length_205520_cov_212.013608:72277-73839|-   -            521 182107at2            -            492   4.5e-28   95.4   0.5   2   2   5.5e-06    0.0023   14.0   0.2   228   337   384   491   241   514 0.79 NODE_2_length_205520_cov_212.013608_67 # 72277 # 73839 # -1 # ID=2_67;partial=00;start_type=ATG;rbs_motif=AGGAG;rbs_spacer=5-10bp;gc_cont=0.340
NODE_4_length_159364_cov_195.254851:34326-36443|+   -            706 182107at2            -            492   4.2e-24   82.4   0.7   1   1   2.8e-26   1.2e-23   80.9   0.7     5   201   213   422   211   461 0.80 NODE_4_length_159364_cov_195.254851_28 # 34326 # 36443 # 1 # ID=4_28;partial=00;start_type=ATG;rbs_motif=AGGAG;rbs_spacer=5-10bp;gc_cont=0.341
NODE_1_length_221181_cov_231.485492:185253-186437|- -            395 182107at2            -            492     1e-16   58.0   0.6   1   1   4.9e-19     2e-16   57.0   0.6     3   208    14   258    12   278 0.71 NODE_1_length_221181_cov_231.485492_182 # 185253 # 186437 # -1 # ID=1_182;partial=00;start_type=ATG;rbs_motif=AGGAG;rbs_spacer=5-10bp;gc_cont=0.407
NODE_3_length_190121_cov_203.196926:23071-24381|-   -            437 182107at2            -            492     5e-08   29.3   0.9   1   2   0.00092      0.38    6.6   0.0     6   156     8   164     5   171 0.67 NODE_3_length_190121_cov_203.196926_24 # 23071 # 24381 # -1 # ID=3_24;partial=00;start_type=ATG;rbs_motif=GGAG/GAGG;rbs_spacer=5-10bp;gc_cont=0.353
NODE_3_length_190121_cov_203.196926:23071-24381|-   -            437 182107at2            -            492     5e-08   29.3   0.9   2   2   3.2e-08   1.3e-05   21.3   0.4    62   157   245   349   176   365 0.69 NODE_3_length_190121_cov_203.196926_24 # 23071 # 24381 # -1 # ID=3_24;partial=00;start_type=ATG;rbs_motif=GGAG/GAGG;rbs_spacer=5-10bp;gc_cont=0.353
NODE_3_length_190121_cov_203.196926:139997-141097|- -            367 182107at2            -            492    0.0021   14.1   0.2   1   2   0.00014      0.06    9.3   0.0    95   153    91   156    66   163 0.74 NODE_3_length_190121_cov_203.196926_145 # 139997 # 141097 # -1 # ID=3_145;partial=00;start_type=TTG;rbs_motif=GGAGG;rbs_spacer=5-10bp;gc_cont=0.342
NODE_3_length_190121_cov_203.196926:139997-141097|- -            367 182107at2            -            492    0.0021   14.1   0.2   2   2     0.012       4.9    3.0   0.0     6    59   165   221   160   232 0.79 NODE_3_length_190121_cov_203.196926_145 # 139997 # 141097 # -1 # ID=3_145;partial=00;start_type=TTG;rbs_motif=GGAGG;rbs_spacer=5-10bp;gc_cont=0.342
#
# Program:         hmmsearch
# Version:         3.4 (Aug 2023)
# Pipeline mode:   SEARCH
# Query file:      /workspaces/Project_S.aureus/busco_downloads/lineages/bacteria_odb10/hmms/182107at2.hmm
# Target file:     /workspaces/Project_S.aureus/busco_results/prodigal_output/predicted_genes/predicted.faa
# Option settings: hmmsearch --domtblout /workspaces/Project_S.aureus/busco_results/run_bacteria_odb10/hmmer_output/182107at2.out --cpu 1 /workspaces/Project_S.aureus/busco_downloads/lineages/bacteria_odb10/hmms/182107at2.hmm /workspaces/Project_S.aureus/busco_results/prodigal_output/predicted_genes/predicted.faa 
# Current dir:     /workspaces/Project_S.aureus
# Date:            Tue Mar 31 16:04:31 2026
# [ok]
