#                                                                                                           --- full sequence --- -------------- this domain -------------   hmm coord   ali coord   env coord
# target name                                       accession   tlen query name           accession   qlen   E-value  score  bias   #  of  c-Evalue  i-Evalue  score  bias  from    to  from    to  from    to  acc description of target
#                               ------------------- ---------- ----- -------------------- ---------- ----- --------- ------ ----- --- --- --------- --------- ------ ----- ----- ----- ----- ----- ----- ----- ---- ---------------------
NODE_11_length_101835_cov_232.895913:89357-89851|-  -            165 1827295at2           -             74   1.1e-19   67.7   0.0   1   1   1.5e-21   2.8e-19   66.4   0.0     8    74    30   116    19   116 0.79 NODE_11_length_101835_cov_232.895913_113 # 89357 # 89851 # -1 # ID=11_113;partial=00;start_type=ATG;rbs_motif=GGA/GAG/AGG;rbs_spacer=11-12bp;gc_cont=0.301
NODE_5_length_148581_cov_258.518993:88305-90410|-   -            702 1827295at2           -             74   7.3e-05   20.2   0.1   1   2   0.00062      0.12   10.0   0.0    12    36   123   148   108   151 0.80 NODE_5_length_148581_cov_258.518993_83 # 88305 # 90410 # -1 # ID=5_83;partial=00;start_type=ATG;rbs_motif=GGAG/GAGG;rbs_spacer=5-10bp;gc_cont=0.347
NODE_5_length_148581_cov_258.518993:88305-90410|-   -            702 1827295at2           -             74   7.3e-05   20.2   0.1   2   2    0.0034      0.62    7.6   0.0    11    32   453   474   438   478 0.86 NODE_5_length_148581_cov_258.518993_83 # 88305 # 90410 # -1 # ID=5_83;partial=00;start_type=ATG;rbs_motif=GGAG/GAGG;rbs_spacer=5-10bp;gc_cont=0.347
NODE_1_length_221181_cov_231.485492:212084-214540|- -            819 1827295at2           -             74    0.0003   18.3   0.0   1   2    0.0046      0.85    7.2   0.0    12    32   205   225   193   232 0.85 NODE_1_length_221181_cov_231.485492_205 # 212084 # 214540 # -1 # ID=1_205;partial=00;start_type=ATG;rbs_motif=AGGAGG;rbs_spacer=5-10bp;gc_cont=0.340
NODE_1_length_221181_cov_231.485492:212084-214540|- -            819 1827295at2           -             74    0.0003   18.3   0.0   2   2    0.0021      0.38    8.3   0.0    11    32   541   562   526   566 0.85 NODE_1_length_221181_cov_231.485492_205 # 212084 # 214540 # -1 # ID=1_205;partial=00;start_type=ATG;rbs_motif=AGGAGG;rbs_spacer=5-10bp;gc_cont=0.340
NODE_2_length_205520_cov_212.013608:121313-123922|- -            870 1827295at2           -             74   0.00091   16.7   0.2   1   3    0.0081       1.5    6.4   0.0    12    32   202   222   189   230 0.84 NODE_2_length_205520_cov_212.013608_113 # 121313 # 123922 # -1 # ID=2_113;partial=00;start_type=ATG;rbs_motif=GGAG/GAGG;rbs_spacer=5-10bp;gc_cont=0.338
NODE_2_length_205520_cov_212.013608:121313-123922|- -            870 1827295at2           -             74   0.00091   16.7   0.2   2   3       8.3   1.5e+03   -3.2   0.1    17    25   283   291   282   299 0.75 NODE_2_length_205520_cov_212.013608_113 # 121313 # 123922 # -1 # ID=2_113;partial=00;start_type=ATG;rbs_motif=GGAG/GAGG;rbs_spacer=5-10bp;gc_cont=0.338
NODE_2_length_205520_cov_212.013608:121313-123922|- -            870 1827295at2           -             74   0.00091   16.7   0.2   3   3     0.005      0.92    7.1   0.0    11    32   605   626   590   632 0.87 NODE_2_length_205520_cov_212.013608_113 # 121313 # 123922 # -1 # ID=2_113;partial=00;start_type=ATG;rbs_motif=GGAG/GAGG;rbs_spacer=5-10bp;gc_cont=0.338
NODE_1_length_221181_cov_231.485492:175189-175851|+ -            221 1827295at2           -             74    0.0017   15.9   0.0   1   1   1.7e-05    0.0032   15.0   0.0     9    33    10    34     1    42 0.86 NODE_1_length_221181_cov_231.485492_174 # 175189 # 175851 # 1 # ID=1_174;partial=00;start_type=ATG;rbs_motif=AGGAG;rbs_spacer=5-10bp;gc_cont=0.321
NODE_21_length_46212_cov_202.697359:18372-19634|-   -            421 1827295at2           -             74    0.0022   15.5   0.0   1   2   3.4e-05    0.0064   14.0   0.0     6    33   108   135    95   141 0.84 NODE_21_length_46212_cov_202.697359_18 # 18372 # 19634 # -1 # ID=21_18;partial=00;start_type=ATG;rbs_motif=GGA/GAG/AGG;rbs_spacer=11-12bp;gc_cont=0.340
NODE_21_length_46212_cov_202.697359:18372-19634|-   -            421 1827295at2           -             74    0.0022   15.5   0.0   2   2       8.4   1.6e+03   -3.2   0.0    32    50   316   334   313   349 0.73 NODE_21_length_46212_cov_202.697359_18 # 18372 # 19634 # -1 # ID=21_18;partial=00;start_type=ATG;rbs_motif=GGA/GAG/AGG;rbs_spacer=11-12bp;gc_cont=0.340
NODE_18_length_54748_cov_239.629843:16693-17895|+   -            401 1827295at2           -             74    0.0026   15.3   0.0   1   1     3e-05    0.0055   14.2   0.0    10    32     6    28     1    33 0.87 NODE_18_length_54748_cov_239.629843_20 # 16693 # 17895 # 1 # ID=18_20;partial=00;start_type=ATG;rbs_motif=GGAG/GAGG;rbs_spacer=5-10bp;gc_cont=0.377
NODE_3_length_190121_cov_203.196926:158498-160975|- -            826 1827295at2           -             74    0.0043   14.6   0.1   1   1   6.1e-05     0.011   13.2   0.1     5    32   346   377   340   381 0.79 NODE_3_length_190121_cov_203.196926_165 # 158498 # 160975 # -1 # ID=3_165;partial=00;start_type=ATG;rbs_motif=AGGAGG;rbs_spacer=5-10bp;gc_cont=0.326
NODE_5_length_148581_cov_258.518993:124491-125186|- -            232 1827295at2           -             74    0.0059   14.1   0.1   1   1   6.7e-05     0.012   13.1   0.1     8    45    27    64     9    65 0.77 NODE_5_length_148581_cov_258.518993_118 # 124491 # 125186 # -1 # ID=5_118;partial=00;start_type=ATG;rbs_motif=AGGAG;rbs_spacer=5-10bp;gc_cont=0.312
NODE_3_length_190121_cov_203.196926:185194-186198|- -            335 1827295at2           -             74    0.0097   13.4   0.0   1   1   0.00012     0.022   12.3   0.0     8    35    50    80    40    84 0.81 NODE_3_length_190121_cov_203.196926_187 # 185194 # 186198 # -1 # ID=3_187;partial=00;start_type=ATG;rbs_motif=GGA/GAG/AGG;rbs_spacer=5-10bp;gc_cont=0.371
NODE_3_length_190121_cov_203.196926:150695-151318|- -            208 1827295at2           -             74     0.011   13.3   0.1   1   1   0.00014     0.026   12.1   0.1     9    35     5    31     1    52 0.81 NODE_3_length_190121_cov_203.196926_157 # 150695 # 151318 # -1 # ID=3_157;partial=00;start_type=ATG;rbs_motif=AGGA;rbs_spacer=5-10bp;gc_cont=0.333
NODE_4_length_159364_cov_195.254851:92505-93278|+   -            258 1827295at2           -             74     0.011   13.3   0.5   1   2       5.3   9.8e+02   -2.6   0.1    50    62    34    45    33    51 0.75 NODE_4_length_159364_cov_195.254851_87 # 92505 # 93278 # 1 # ID=4_87;partial=00;start_type=ATG;rbs_motif=AGxAGG/AGGxGG;rbs_spacer=5-10bp;gc_cont=0.331
NODE_4_length_159364_cov_195.254851:92505-93278|+   -            258 1827295at2           -             74     0.011   13.3   0.5   2   2   0.00012     0.023   12.2   0.0     8    33   114   141    96   162 0.82 NODE_4_length_159364_cov_195.254851_87 # 92505 # 93278 # 1 # ID=4_87;partial=00;start_type=ATG;rbs_motif=AGxAGG/AGGxGG;rbs_spacer=5-10bp;gc_cont=0.331
NODE_8_length_131064_cov_236.695746:108527-109141|+ -            205 1827295at2           -             74     0.011   13.2   0.0   1   1   0.00015     0.029   11.9   0.0    14    35    10    31     5    33 0.86 NODE_8_length_131064_cov_236.695746_120 # 108527 # 109141 # 1 # ID=8_120;partial=00;start_type=GTG;rbs_motif=AGGAGG;rbs_spacer=5-10bp;gc_cont=0.346
NODE_2_length_205520_cov_212.013608:11025-12425|+   -            467 1827295at2           -             74     0.014   13.0   0.2   1   2       0.1        19    2.9   0.0     9    26    30    47    20    53 0.82 NODE_2_length_205520_cov_212.013608_12 # 11025 # 12425 # 1 # ID=2_12;partial=00;start_type=GTG;rbs_motif=AGGAG;rbs_spacer=5-10bp;gc_cont=0.333
NODE_2_length_205520_cov_212.013608:11025-12425|+   -            467 1827295at2           -             74     0.014   13.0   0.2   2   2    0.0042      0.77    7.3   0.1     9    31   278   300   262   307 0.83 NODE_2_length_205520_cov_212.013608_12 # 11025 # 12425 # 1 # ID=2_12;partial=00;start_type=GTG;rbs_motif=AGGAG;rbs_spacer=5-10bp;gc_cont=0.333
NODE_23_length_40534_cov_221.091010:11448-12209|+   -            254 1827295at2           -             74     0.016   12.8   0.0   1   2   0.00083      0.15    9.6   0.0     9    30    28    49    10    54 0.85 NODE_23_length_40534_cov_221.091010_10 # 11448 # 12209 # 1 # ID=23_10;partial=00;start_type=ATG;rbs_motif=AGGAG;rbs_spacer=5-10bp;gc_cont=0.304
NODE_23_length_40534_cov_221.091010:11448-12209|+   -            254 1827295at2           -             74     0.016   12.8   0.0   2   2      0.65   1.2e+02    0.3   0.0    42    69   222   249   207   250 0.82 NODE_23_length_40534_cov_221.091010_10 # 11448 # 12209 # 1 # ID=23_10;partial=00;start_type=ATG;rbs_motif=AGGAG;rbs_spacer=5-10bp;gc_cont=0.304
NODE_7_length_137367_cov_265.552610:67355-69067|+   -            571 1827295at2           -             74     0.017   12.6   0.0   1   2      0.19        35    2.0   0.0     9    27    34    52    18    56 0.77 NODE_7_length_137367_cov_265.552610_59 # 67355 # 69067 # 1 # ID=7_59;partial=00;start_type=ATG;rbs_motif=GGA/GAG/AGG;rbs_spacer=11-12bp;gc_cont=0.334
NODE_7_length_137367_cov_265.552610:67355-69067|+   -            571 1827295at2           -             74     0.017   12.6   0.0   2   2    0.0036      0.67    7.5   0.0     9    32   332   355   321   359 0.80 NODE_7_length_137367_cov_265.552610_59 # 67355 # 69067 # 1 # ID=7_59;partial=00;start_type=ATG;rbs_motif=GGA/GAG/AGG;rbs_spacer=11-12bp;gc_cont=0.334
NODE_9_length_125347_cov_247.295526:46283-47014|+   -            244 1827295at2           -             74     0.021   12.4   0.0   1   1   0.00022      0.04   11.5   0.0     8    28    25    47    13    67 0.85 NODE_9_length_125347_cov_247.295526_39 # 46283 # 47014 # 1 # ID=9_39;partial=00;start_type=ATG;rbs_motif=GGAG/GAGG;rbs_spacer=5-10bp;gc_cont=0.344
NODE_38_length_12913_cov_202.123425:8591-9382|+     -            264 1827295at2           -             74     0.035   11.6   0.0   1   1   0.00036     0.067   10.7   0.0     9    30    25    46    11    53 0.79 NODE_38_length_12913_cov_202.123425_7 # 8591 # 9382 # 1 # ID=38_7;partial=00;start_type=ATG;rbs_motif=AGGAG/GGAGG;rbs_spacer=11-12bp;gc_cont=0.318
#
# Program:         hmmsearch
# Version:         3.4 (Aug 2023)
# Pipeline mode:   SEARCH
# Query file:      /workspaces/Project_S.aureus/busco_downloads/lineages/bacteria_odb10/hmms/1827295at2.hmm
# Target file:     /workspaces/Project_S.aureus/busco_results/prodigal_output/predicted_genes/predicted.faa
# Option settings: hmmsearch --domtblout /workspaces/Project_S.aureus/busco_results/run_bacteria_odb10/hmmer_output/1827295at2.out --cpu 1 /workspaces/Project_S.aureus/busco_downloads/lineages/bacteria_odb10/hmms/1827295at2.hmm /workspaces/Project_S.aureus/busco_results/prodigal_output/predicted_genes/predicted.faa 
# Current dir:     /workspaces/Project_S.aureus
# Date:            Tue Mar 31 16:04:31 2026
# [ok]
