#                                                                                                           --- full sequence --- -------------- this domain -------------   hmm coord   ali coord   env coord
# target name                                       accession   tlen query name           accession   qlen   E-value  score  bias   #  of  c-Evalue  i-Evalue  score  bias  from    to  from    to  from    to  acc description of target
#                               ------------------- ---------- ----- -------------------- ---------- ----- --------- ------ ----- --- --- --------- --------- ------ ----- ----- ----- ----- ----- ----- ----- ---- ---------------------
NODE_3_length_190121_cov_203.196926:126258-126884|- -            209 1906715at2           -             80   1.8e-16   57.5   3.0   1   3      0.75   1.3e+03   -2.9   0.0    35    50     7    22     6    32 0.68 NODE_3_length_190121_cov_203.196926_129 # 126258 # 126884 # -1 # ID=3_129;partial=00;start_type=ATG;rbs_motif=GGAGG;rbs_spacer=5-10bp;gc_cont=0.313
NODE_3_length_190121_cov_203.196926:126258-126884|- -            209 1906715at2           -             80   1.8e-16   57.5   3.0   2   3     4e-07   0.00067   17.2   0.0    12    39   102   129    89   136 0.82 NODE_3_length_190121_cov_203.196926_129 # 126258 # 126884 # -1 # ID=3_129;partial=00;start_type=ATG;rbs_motif=GGAGG;rbs_spacer=5-10bp;gc_cont=0.313
NODE_3_length_190121_cov_203.196926:126258-126884|- -            209 1906715at2           -             80   1.8e-16   57.5   3.0   3   3   1.6e-11   2.6e-08   31.3   0.3    31    80   135   208   132   208 0.76 NODE_3_length_190121_cov_203.196926_129 # 126258 # 126884 # -1 # ID=3_129;partial=00;start_type=ATG;rbs_motif=GGAGG;rbs_spacer=5-10bp;gc_cont=0.313
NODE_20_length_50790_cov_203.557386:40159-43332|-   -           1058 1906715at2           -             80    0.0033   15.0   0.1   1   4      0.14   2.3e+02   -0.5   0.0    49    70    24    45    20    49 0.86 NODE_20_length_50790_cov_203.557386_39 # 40159 # 43332 # -1 # ID=20_39;partial=00;start_type=ATG;rbs_motif=AGGAG;rbs_spacer=5-10bp;gc_cont=0.357
NODE_20_length_50790_cov_203.557386:40159-43332|-   -           1058 1906715at2           -             80    0.0033   15.0   0.1   2   4      0.79   1.3e+03   -3.0   0.0    57    74   154   171   151   172 0.79 NODE_20_length_50790_cov_203.557386_39 # 40159 # 43332 # -1 # ID=20_39;partial=00;start_type=ATG;rbs_motif=AGGAG;rbs_spacer=5-10bp;gc_cont=0.357
NODE_20_length_50790_cov_203.557386:40159-43332|-   -           1058 1906715at2           -             80    0.0033   15.0   0.1   3   4    0.0003       0.5    8.0   0.0    47    71   566   590   564   593 0.94 NODE_20_length_50790_cov_203.557386_39 # 40159 # 43332 # -1 # ID=20_39;partial=00;start_type=ATG;rbs_motif=AGGAG;rbs_spacer=5-10bp;gc_cont=0.357
NODE_20_length_50790_cov_203.557386:40159-43332|-   -           1058 1906715at2           -             80    0.0033   15.0   0.1   4   4     0.033        56    1.4   0.0    56    76   691   711   643   712 0.84 NODE_20_length_50790_cov_203.557386_39 # 40159 # 43332 # -1 # ID=20_39;partial=00;start_type=ATG;rbs_motif=AGGAG;rbs_spacer=5-10bp;gc_cont=0.357
#
# Program:         hmmsearch
# Version:         3.4 (Aug 2023)
# Pipeline mode:   SEARCH
# Query file:      /workspaces/Project_S.aureus/busco_downloads/lineages/bacteria_odb10/hmms/1906715at2.hmm
# Target file:     /workspaces/Project_S.aureus/busco_results/prodigal_output/predicted_genes/predicted.faa
# Option settings: hmmsearch --domtblout /workspaces/Project_S.aureus/busco_results/run_bacteria_odb10/hmmer_output/1906715at2.out --cpu 1 /workspaces/Project_S.aureus/busco_downloads/lineages/bacteria_odb10/hmms/1906715at2.hmm /workspaces/Project_S.aureus/busco_results/prodigal_output/predicted_genes/predicted.faa 
# Current dir:     /workspaces/Project_S.aureus
# Date:            Tue Mar 31 16:04:31 2026
# [ok]
