#                                                                                                           --- full sequence --- -------------- this domain -------------   hmm coord   ali coord   env coord
# target name                                       accession   tlen query name           accession   qlen   E-value  score  bias   #  of  c-Evalue  i-Evalue  score  bias  from    to  from    to  from    to  acc description of target
#                               ------------------- ---------- ----- -------------------- ---------- ----- --------- ------ ----- --- --- --------- --------- ------ ----- ----- ----- ----- ----- ----- ----- ---- ---------------------
NODE_7_length_137367_cov_265.552610:38807-40168|-   -            454 219876at2            -            282   1.2e-95  317.8   0.9   1   1   8.1e-98   3.4e-95  316.2   0.9    16   275   115   431   109   436 0.86 NODE_7_length_137367_cov_265.552610_28 # 38807 # 40168 # -1 # ID=7_28;partial=00;start_type=ATG;rbs_motif=GGAG/GAGG;rbs_spacer=5-10bp;gc_cont=0.325
NODE_3_length_190121_cov_203.196926:185194-186198|- -            335 219876at2            -            282   3.9e-05   20.7   0.0   1   1   1.6e-07   6.7e-05   20.0   0.0    40   108    46   118    24   126 0.76 NODE_3_length_190121_cov_203.196926_187 # 185194 # 186198 # -1 # ID=3_187;partial=00;start_type=ATG;rbs_motif=GGA/GAG/AGG;rbs_spacer=5-10bp;gc_cont=0.371
NODE_4_length_159364_cov_195.254851:92505-93278|+   -            258 219876at2            -            282   7.8e-05   19.8   3.3   1   1   3.6e-06    0.0015   15.5   3.2    31   121   100   205    73   213 0.69 NODE_4_length_159364_cov_195.254851_87 # 92505 # 93278 # 1 # ID=4_87;partial=00;start_type=ATG;rbs_motif=AGxAGG/AGGxGG;rbs_spacer=5-10bp;gc_cont=0.331
NODE_21_length_46212_cov_202.697359:28604-29524|-   -            307 219876at2            -            282   0.00064   16.8   0.2   1   1   7.4e-06    0.0031   14.5   0.2    45   103   155   227   139   232 0.67 NODE_21_length_46212_cov_202.697359_27 # 28604 # 29524 # -1 # ID=21_27;partial=00;start_type=ATG;rbs_motif=AGGAGG;rbs_spacer=5-10bp;gc_cont=0.343
NODE_2_length_205520_cov_212.013608:11025-12425|+   -            467 219876at2            -            282    0.0013   15.7   0.4   1   2     0.008       3.3    4.6   0.0    45    66    27    48    19    51 0.83 NODE_2_length_205520_cov_212.013608_12 # 11025 # 12425 # 1 # ID=2_12;partial=00;start_type=GTG;rbs_motif=AGGAG;rbs_spacer=5-10bp;gc_cont=0.333
NODE_2_length_205520_cov_212.013608:11025-12425|+   -            467 219876at2            -            282    0.0013   15.7   0.4   2   2   0.00036      0.15    9.0   0.1    51    95   281   324   277   353 0.81 NODE_2_length_205520_cov_212.013608_12 # 11025 # 12425 # 1 # ID=2_12;partial=00;start_type=GTG;rbs_motif=AGGAG;rbs_spacer=5-10bp;gc_cont=0.333
NODE_3_length_190121_cov_203.196926:167029-168303|+ -            425 219876at2            -            282    0.0032   14.4   0.0   1   1   1.2e-05    0.0051   13.8   0.0    41   108    34   106    30   166 0.67 NODE_3_length_190121_cov_203.196926_174 # 167029 # 168303 # 1 # ID=3_174;partial=00;start_type=GTG;rbs_motif=GGA/GAG/AGG;rbs_spacer=5-10bp;gc_cont=0.361
NODE_11_length_101835_cov_232.895913:89357-89851|-  -            165 219876at2            -            282    0.0069   13.4   0.0   1   1   2.9e-05     0.012   12.6   0.0    30    74    20    62    16    83 0.87 NODE_11_length_101835_cov_232.895913_113 # 89357 # 89851 # -1 # ID=11_113;partial=00;start_type=ATG;rbs_motif=GGA/GAG/AGG;rbs_spacer=11-12bp;gc_cont=0.301
NODE_913_length_210_cov_1.122581:3-209|-            -             69 219876at2            -            282    0.0095   12.9   0.0   1   1   2.5e-05     0.011   12.8   0.0    16    39    34    57    22    65 0.88 NODE_913_length_210_cov_1.122581_1 # 3 # 209 # -1 # ID=913_1;partial=11;start_type=Edge;rbs_motif=None;rbs_spacer=None;gc_cont=0.382
#
# Program:         hmmsearch
# Version:         3.4 (Aug 2023)
# Pipeline mode:   SEARCH
# Query file:      /workspaces/Project_S.aureus/busco_downloads/lineages/bacteria_odb10/hmms/219876at2.hmm
# Target file:     /workspaces/Project_S.aureus/busco_results/prodigal_output/predicted_genes/predicted.faa
# Option settings: hmmsearch --domtblout /workspaces/Project_S.aureus/busco_results/run_bacteria_odb10/hmmer_output/219876at2.out --cpu 1 /workspaces/Project_S.aureus/busco_downloads/lineages/bacteria_odb10/hmms/219876at2.hmm /workspaces/Project_S.aureus/busco_results/prodigal_output/predicted_genes/predicted.faa 
# Current dir:     /workspaces/Project_S.aureus
# Date:            Tue Mar 31 16:04:32 2026
# [ok]
