#                                                                                                         --- full sequence --- -------------- this domain -------------   hmm coord   ali coord   env coord
# target name                                     accession   tlen query name           accession   qlen   E-value  score  bias   #  of  c-Evalue  i-Evalue  score  bias  from    to  from    to  from    to  acc description of target
#                             ------------------- ---------- ----- -------------------- ---------- ----- --------- ------ ----- --- --- --------- --------- ------ ----- ----- ----- ----- ----- ----- ----- ---- ---------------------
NODE_2_length_205520_cov_212.013608:17843-19327|- -            495 267682at2            -            304   3.2e-76  253.9   8.5   1   1   5.7e-72   2.7e-69  231.1   8.5     6   298    23   438    11   444 0.76 NODE_2_length_205520_cov_212.013608_18 # 17843 # 19327 # -1 # ID=2_18;partial=00;start_type=ATG;rbs_motif=GGA/GAG/AGG;rbs_spacer=11-12bp;gc_cont=0.358
NODE_24_length_37904_cov_236.807842:20139-21104|- -            322 267682at2            -            304   0.00071   16.3   0.2   1   2      0.14        66    0.0   0.0    70   103   111   144   106   178 0.79 NODE_24_length_37904_cov_236.807842_18 # 20139 # 21104 # -1 # ID=24_18;partial=00;start_type=ATG;rbs_motif=GGAGG;rbs_spacer=5-10bp;gc_cont=0.352
NODE_24_length_37904_cov_236.807842:20139-21104|- -            322 267682at2            -            304   0.00071   16.3   0.2   2   2   6.9e-06    0.0033   14.1   0.1   206   267   202   263   172   274 0.87 NODE_24_length_37904_cov_236.807842_18 # 20139 # 21104 # -1 # ID=24_18;partial=00;start_type=ATG;rbs_motif=GGAGG;rbs_spacer=5-10bp;gc_cont=0.352
NODE_25_length_34078_cov_228.965229:18401-20206|+ -            602 267682at2            -            304    0.0018   15.0   0.2   1   2   0.00055      0.26    7.9   0.0    34    72    65   112    11   135 0.74 NODE_25_length_34078_cov_228.965229_10 # 18401 # 20206 # 1 # ID=25_10;partial=00;start_type=ATG;rbs_motif=AGGAG/GGAGG;rbs_spacer=11-12bp;gc_cont=0.351
NODE_25_length_34078_cov_228.965229:18401-20206|+ -            602 267682at2            -            304    0.0018   15.0   0.2   2   2      0.21     1e+02   -0.6   0.0   110   140   188   217   169   221 0.88 NODE_25_length_34078_cov_228.965229_10 # 18401 # 20206 # 1 # ID=25_10;partial=00;start_type=ATG;rbs_motif=AGGAG/GGAGG;rbs_spacer=11-12bp;gc_cont=0.351
NODE_20_length_50790_cov_203.557386:38746-39357|- -            204 267682at2            -            304    0.0019   14.9   0.0   1   1   4.8e-06    0.0023   14.7   0.0   210   256    98   144    64   184 0.79 NODE_20_length_50790_cov_203.557386_37 # 38746 # 39357 # -1 # ID=20_37;partial=00;start_type=ATG;rbs_motif=None;rbs_spacer=None;gc_cont=0.328
NODE_437_length_239_cov_1.032609:3-239|-          -             79 267682at2            -            304    0.0054   13.4   0.0   1   1   1.3e-05    0.0061   13.2   0.0   222   268     6    52     2    63 0.90 NODE_437_length_239_cov_1.032609_1 # 3 # 239 # -1 # ID=437_1;partial=11;start_type=Edge;rbs_motif=None;rbs_spacer=None;gc_cont=0.346
NODE_24_length_37904_cov_236.807842:9043-9582|-   -            180 267682at2            -            304     0.015   12.0   0.0   1   1   3.9e-05     0.019   11.7   0.0   216   255    82   121    68   162 0.82 NODE_24_length_37904_cov_236.807842_8 # 9043 # 9582 # -1 # ID=24_8;partial=00;start_type=ATG;rbs_motif=AGGA/GGAG/GAGG;rbs_spacer=11-12bp;gc_cont=0.304
NODE_13_length_73100_cov_229.177617:47514-48143|- -            210 267682at2            -            304     0.027   11.1   0.0   1   1   7.2e-05     0.035   10.8   0.0   214   264   114   165    51   174 0.70 NODE_13_length_73100_cov_229.177617_49 # 47514 # 48143 # -1 # ID=13_49;partial=00;start_type=ATG;rbs_motif=AGGAG;rbs_spacer=5-10bp;gc_cont=0.365
#
# Program:         hmmsearch
# Version:         3.4 (Aug 2023)
# Pipeline mode:   SEARCH
# Query file:      /workspaces/Project_S.aureus/busco_downloads/lineages/bacteria_odb10/hmms/267682at2.hmm
# Target file:     /workspaces/Project_S.aureus/busco_results/prodigal_output/predicted_genes/predicted.faa
# Option settings: hmmsearch --domtblout /workspaces/Project_S.aureus/busco_results/run_bacteria_odb10/hmmer_output/267682at2.out --cpu 1 /workspaces/Project_S.aureus/busco_downloads/lineages/bacteria_odb10/hmms/267682at2.hmm /workspaces/Project_S.aureus/busco_results/prodigal_output/predicted_genes/predicted.faa 
# Current dir:     /workspaces/Project_S.aureus
# Date:            Tue Mar 31 16:04:32 2026
# [ok]
