#                                                                                                           --- full sequence --- -------------- this domain -------------   hmm coord   ali coord   env coord
# target name                                       accession   tlen query name           accession   qlen   E-value  score  bias   #  of  c-Evalue  i-Evalue  score  bias  from    to  from    to  from    to  acc description of target
#                               ------------------- ---------- ----- -------------------- ---------- ----- --------- ------ ----- --- --- --------- --------- ------ ----- ----- ----- ----- ----- ----- ----- ---- ---------------------
NODE_4_length_159364_cov_195.254851:25472-27175|+   -            568 665824at2            -            547  9.1e-230  761.7   0.0   1   1    2e-232  1.1e-229  761.4   0.0     1   540     1   560     1   566 0.96 NODE_4_length_159364_cov_195.254851_22 # 25472 # 27175 # 1 # ID=4_22;partial=00;start_type=ATG;rbs_motif=AGGAGG;rbs_spacer=5-10bp;gc_cont=0.349
NODE_21_length_46212_cov_202.697359:26254-28191|-   -            646 665824at2            -            547   2.8e-36  123.0   2.2   1   2   2.4e-17   1.3e-14   51.5   0.3    21   189   247   414   226   421 0.84 NODE_21_length_46212_cov_202.697359_26 # 26254 # 28191 # -1 # ID=21_26;partial=00;start_type=ATG;rbs_motif=AGGAGG;rbs_spacer=5-10bp;gc_cont=0.349
NODE_21_length_46212_cov_202.697359:26254-28191|-   -            646 665824at2            -            547   2.8e-36  123.0   2.2   2   2   2.4e-23   1.4e-20   71.3   0.1   400   533   497   627   489   640 0.86 NODE_21_length_46212_cov_202.697359_26 # 26254 # 28191 # -1 # ID=21_26;partial=00;start_type=ATG;rbs_motif=AGGAGG;rbs_spacer=5-10bp;gc_cont=0.349
NODE_3_length_190121_cov_203.196926:111220-112611|+ -            464 665824at2            -            547   1.4e-14   51.4   0.0   1   2   1.9e-07    0.0001   18.8   0.1    74   158   139   224    31   247 0.84 NODE_3_length_190121_cov_203.196926_113 # 111220 # 112611 # 1 # ID=3_113;partial=00;start_type=ATG;rbs_motif=AGGAG;rbs_spacer=5-10bp;gc_cont=0.343
NODE_3_length_190121_cov_203.196926:111220-112611|+ -            464 665824at2            -            547   1.4e-14   51.4   0.0   2   2   6.8e-11   3.8e-08   30.2   0.0   442   543   362   457   351   462 0.83 NODE_3_length_190121_cov_203.196926_113 # 111220 # 112611 # 1 # ID=3_113;partial=00;start_type=ATG;rbs_motif=AGGAG;rbs_spacer=5-10bp;gc_cont=0.343
NODE_3_length_190121_cov_203.196926:171480-172742|- -            421 665824at2            -            547   4.7e-14   49.7   2.1   1   2   7.2e-10     4e-07   26.8   0.1    35   155     4   124     1   175 0.86 NODE_3_length_190121_cov_203.196926_177 # 171480 # 172742 # -1 # ID=3_177;partial=00;start_type=ATG;rbs_motif=GGAG/GAGG;rbs_spacer=5-10bp;gc_cont=0.326
NODE_3_length_190121_cov_203.196926:171480-172742|- -            421 665824at2            -            547   4.7e-14   49.7   2.1   2   2   1.1e-08   6.1e-06   22.9   0.2   455   537   334   416   329   420 0.84 NODE_3_length_190121_cov_203.196926_177 # 171480 # 172742 # -1 # ID=3_177;partial=00;start_type=ATG;rbs_motif=GGAG/GAGG;rbs_spacer=5-10bp;gc_cont=0.326
NODE_7_length_137367_cov_265.552610:26614-27900|-   -            429 665824at2            -            547   3.3e-11   40.3   0.0   1   2   2.3e-12   1.3e-09   35.0   0.0    53   210   178   335   136   366 0.90 NODE_7_length_137367_cov_265.552610_20 # 26614 # 27900 # -1 # ID=7_20;partial=00;start_type=ATG;rbs_motif=AGGA;rbs_spacer=5-10bp;gc_cont=0.345
NODE_7_length_137367_cov_265.552610:26614-27900|-   -            429 665824at2            -            547   3.3e-11   40.3   0.0   2   2     0.009         5    3.4   0.0   421   451   385   416   357   418 0.80 NODE_7_length_137367_cov_265.552610_20 # 26614 # 27900 # -1 # ID=7_20;partial=00;start_type=ATG;rbs_motif=AGGA;rbs_spacer=5-10bp;gc_cont=0.345
NODE_1_length_221181_cov_231.485492:30111-30593|-   -            161 665824at2            -            547   1.5e-06   24.9   0.2   1   1     3e-09   1.7e-06   24.7   0.2   242   354    21   139     2   156 0.81 NODE_1_length_221181_cov_231.485492_27 # 30111 # 30593 # -1 # ID=1_27;partial=00;start_type=ATG;rbs_motif=GGAG/GAGG;rbs_spacer=5-10bp;gc_cont=0.358
#
# Program:         hmmsearch
# Version:         3.4 (Aug 2023)
# Pipeline mode:   SEARCH
# Query file:      /workspaces/Project_S.aureus/busco_downloads/lineages/bacteria_odb10/hmms/665824at2.hmm
# Target file:     /workspaces/Project_S.aureus/busco_results/prodigal_output/predicted_genes/predicted.faa
# Option settings: hmmsearch --domtblout /workspaces/Project_S.aureus/busco_results/run_bacteria_odb10/hmmer_output/665824at2.out --cpu 1 /workspaces/Project_S.aureus/busco_downloads/lineages/bacteria_odb10/hmms/665824at2.hmm /workspaces/Project_S.aureus/busco_results/prodigal_output/predicted_genes/predicted.faa 
# Current dir:     /workspaces/Project_S.aureus
# Date:            Tue Mar 31 16:04:32 2026
# [ok]
