#                                                                                                          --- full sequence --- -------------- this domain -------------   hmm coord   ali coord   env coord
# target name                                      accession   tlen query name           accession   qlen   E-value  score  bias   #  of  c-Evalue  i-Evalue  score  bias  from    to  from    to  from    to  acc description of target
#                              ------------------- ---------- ----- -------------------- ---------- ----- --------- ------ ----- --- --- --------- --------- ------ ----- ----- ----- ----- ----- ----- ----- ---- ---------------------
NODE_24_length_37904_cov_236.807842:28488-30461|-  -            658 761140at2            -            323   5.7e-58  194.4  12.3   1   3   2.7e-26   2.3e-23   80.7   1.1     2    90     5   114     4   140 0.73 NODE_24_length_37904_cov_236.807842_28 # 28488 # 30461 # -1 # ID=24_28;partial=00;start_type=ATG;rbs_motif=AGGAGG;rbs_spacer=5-10bp;gc_cont=0.340
NODE_24_length_37904_cov_236.807842:28488-30461|-  -            658 761140at2            -            323   5.7e-58  194.4  12.3   2   3   3.9e-29   3.3e-26   90.1   1.1   129   254   203   380   165   387 0.80 NODE_24_length_37904_cov_236.807842_28 # 28488 # 30461 # -1 # ID=24_28;partial=00;start_type=ATG;rbs_motif=AGGAGG;rbs_spacer=5-10bp;gc_cont=0.340
NODE_24_length_37904_cov_236.807842:28488-30461|-  -            658 761140at2            -            323   5.7e-58  194.4  12.3   3   3   1.3e-09   1.1e-06   25.9   0.1   243   316   407   487   391   492 0.74 NODE_24_length_37904_cov_236.807842_28 # 28488 # 30461 # -1 # ID=24_28;partial=00;start_type=ATG;rbs_motif=AGGAGG;rbs_spacer=5-10bp;gc_cont=0.340
NODE_30_length_23578_cov_208.027377:19584-22337|+  -            918 761140at2            -            323   1.6e-10   38.5   1.5   1   4   3.5e-10   2.9e-07   27.8   0.0     2    60    49   113    48   142 0.76 NODE_30_length_23578_cov_208.027377_21 # 19584 # 22337 # 1 # ID=30_21;partial=00;start_type=ATG;rbs_motif=AGGAG;rbs_spacer=5-10bp;gc_cont=0.350
NODE_30_length_23578_cov_208.027377:19584-22337|+  -            918 761140at2            -            323   1.6e-10   38.5   1.5   2   4         1   8.6e+02   -3.3   0.1   137   157   449   467   435   468 0.74 NODE_30_length_23578_cov_208.027377_21 # 19584 # 22337 # 1 # ID=30_21;partial=00;start_type=ATG;rbs_motif=AGGAG;rbs_spacer=5-10bp;gc_cont=0.350
NODE_30_length_23578_cov_208.027377:19584-22337|+  -            918 761140at2            -            323   1.6e-10   38.5   1.5   3   4      0.27   2.2e+02   -1.4   0.1   199   215   583   603   576   604 0.72 NODE_30_length_23578_cov_208.027377_21 # 19584 # 22337 # 1 # ID=30_21;partial=00;start_type=ATG;rbs_motif=AGGAG;rbs_spacer=5-10bp;gc_cont=0.350
NODE_30_length_23578_cov_208.027377:19584-22337|+  -            918 761140at2            -            323   1.6e-10   38.5   1.5   4   4   0.00037      0.31    8.0   0.0   223   309   684   767   676   779 0.72 NODE_30_length_23578_cov_208.027377_21 # 19584 # 22337 # 1 # ID=30_21;partial=00;start_type=ATG;rbs_motif=AGGAG;rbs_spacer=5-10bp;gc_cont=0.350
NODE_21_length_46212_cov_202.697359:6174-8804|-    -            877 761140at2            -            323   5.6e-10   36.7   0.9   1   5   7.1e-08   5.9e-05   20.2   0.0     2    60    36    99    35   121 0.86 NODE_21_length_46212_cov_202.697359_8 # 6174 # 8804 # -1 # ID=21_8;partial=00;start_type=ATG;rbs_motif=AGGAGG;rbs_spacer=5-10bp;gc_cont=0.344
NODE_21_length_46212_cov_202.697359:6174-8804|-    -            877 761140at2            -            323   5.6e-10   36.7   0.9   2   5     0.023        20    2.1   0.1   125   152   387   415   357   434 0.82 NODE_21_length_46212_cov_202.697359_8 # 6174 # 8804 # -1 # ID=21_8;partial=00;start_type=ATG;rbs_motif=AGGAGG;rbs_spacer=5-10bp;gc_cont=0.344
NODE_21_length_46212_cov_202.697359:6174-8804|-    -            877 761140at2            -            323   5.6e-10   36.7   0.9   3   5      0.17   1.4e+02   -0.8   0.0   170   190   468   488   465   499 0.88 NODE_21_length_46212_cov_202.697359_8 # 6174 # 8804 # -1 # ID=21_8;partial=00;start_type=ATG;rbs_motif=AGGAGG;rbs_spacer=5-10bp;gc_cont=0.344
NODE_21_length_46212_cov_202.697359:6174-8804|-    -            877 761140at2            -            323   5.6e-10   36.7   0.9   4   5       0.2   1.7e+02   -1.0   0.0   213   245   540   574   518   582 0.74 NODE_21_length_46212_cov_202.697359_8 # 6174 # 8804 # -1 # ID=21_8;partial=00;start_type=ATG;rbs_motif=AGGAGG;rbs_spacer=5-10bp;gc_cont=0.344
NODE_21_length_46212_cov_202.697359:6174-8804|-    -            877 761140at2            -            323   5.6e-10   36.7   0.9   5   5   0.00039      0.32    7.9   0.0   278   309   660   691   610   699 0.76 NODE_21_length_46212_cov_202.697359_8 # 6174 # 8804 # -1 # ID=21_8;partial=00;start_type=ATG;rbs_motif=AGGAGG;rbs_spacer=5-10bp;gc_cont=0.344
NODE_10_length_105441_cov_213.290342:80611-83028|- -            806 761140at2            -            323   3.5e-05   20.9   0.1   1   3   6.5e-07   0.00055   17.0   0.0     1    64    32   102    32   113 0.85 NODE_10_length_105441_cov_213.290342_60 # 80611 # 83028 # -1 # ID=10_60;partial=00;start_type=GTG;rbs_motif=AGGAG;rbs_spacer=5-10bp;gc_cont=0.344
NODE_10_length_105441_cov_213.290342:80611-83028|- -            806 761140at2            -            323   3.5e-05   20.9   0.1   2   3      0.34   2.9e+02   -1.8   0.1   205   215   575   585   574   587 0.86 NODE_10_length_105441_cov_213.290342_60 # 80611 # 83028 # -1 # ID=10_60;partial=00;start_type=GTG;rbs_motif=AGGAG;rbs_spacer=5-10bp;gc_cont=0.344
NODE_10_length_105441_cov_213.290342:80611-83028|- -            806 761140at2            -            323   3.5e-05   20.9   0.1   3   3      0.11        94   -0.2   0.0   247   320   656   726   639   730 0.78 NODE_10_length_105441_cov_213.290342_60 # 80611 # 83028 # -1 # ID=10_60;partial=00;start_type=GTG;rbs_motif=AGGAG;rbs_spacer=5-10bp;gc_cont=0.344
#
# Program:         hmmsearch
# Version:         3.4 (Aug 2023)
# Pipeline mode:   SEARCH
# Query file:      /workspaces/Project_S.aureus/busco_downloads/lineages/bacteria_odb10/hmms/761140at2.hmm
# Target file:     /workspaces/Project_S.aureus/busco_results/prodigal_output/predicted_genes/predicted.faa
# Option settings: hmmsearch --domtblout /workspaces/Project_S.aureus/busco_results/run_bacteria_odb10/hmmer_output/761140at2.out --cpu 1 /workspaces/Project_S.aureus/busco_downloads/lineages/bacteria_odb10/hmms/761140at2.hmm /workspaces/Project_S.aureus/busco_results/prodigal_output/predicted_genes/predicted.faa 
# Current dir:     /workspaces/Project_S.aureus
# Date:            Tue Mar 31 16:04:33 2026
# [ok]
