#                                                                                                           --- full sequence --- -------------- this domain -------------   hmm coord   ali coord   env coord
# target name                                       accession   tlen query name           accession   qlen   E-value  score  bias   #  of  c-Evalue  i-Evalue  score  bias  from    to  from    to  from    to  acc description of target
#                               ------------------- ---------- ----- -------------------- ---------- ----- --------- ------ ----- --- --- --------- --------- ------ ----- ----- ----- ----- ----- ----- ----- ---- ---------------------
NODE_3_length_190121_cov_203.196926:26490-27149|-   -            220 776861at2            -            618   1.3e-71  239.1   4.3   1   1   6.9e-74   1.4e-71  239.0   4.3   407   610     2   217     1   219 0.92 NODE_3_length_190121_cov_203.196926_26 # 26490 # 27149 # -1 # ID=3_26;partial=00;start_type=ATG;rbs_motif=GGA/GAG/AGG;rbs_spacer=5-10bp;gc_cont=0.347
NODE_3_length_190121_cov_203.196926:14021-15319|-   -            433 776861at2            -            618   3.5e-41  138.6   0.0   1   1   2.1e-43   4.4e-41  138.3   0.0    13   398    14   426     5   431 0.83 NODE_3_length_190121_cov_203.196926_14 # 14021 # 15319 # -1 # ID=3_14;partial=00;start_type=ATG;rbs_motif=AGxAGG/AGGxGG;rbs_spacer=5-10bp;gc_cont=0.358
NODE_13_length_73100_cov_229.177617:58483-59742|-   -            420 776861at2            -            618     7e-06   22.0   1.9   1   2   3.3e-06   0.00068   15.4   1.0    10   240    12   248     3   308 0.69 NODE_13_length_73100_cov_229.177617_61 # 58483 # 59742 # -1 # ID=13_61;partial=00;start_type=ATG;rbs_motif=AGGAG;rbs_spacer=5-10bp;gc_cont=0.350
NODE_13_length_73100_cov_229.177617:58483-59742|-   -            420 776861at2            -            618     7e-06   22.0   1.9   2   2    0.0066       1.4    4.5   0.0   257   326   335   404   324   417 0.79 NODE_13_length_73100_cov_229.177617_61 # 58483 # 59742 # -1 # ID=13_61;partial=00;start_type=ATG;rbs_motif=AGGAG;rbs_spacer=5-10bp;gc_cont=0.350
NODE_1_length_221181_cov_231.485492:174579-175196|+ -            206 776861at2            -            618   0.00068   15.4   0.0   1   1   4.8e-06     0.001   14.9   0.0   407   434     2    29     1    31 0.92 NODE_1_length_221181_cov_231.485492_173 # 174579 # 175196 # 1 # ID=1_173;partial=00;start_type=ATG;rbs_motif=GGAG/GAGG;rbs_spacer=5-10bp;gc_cont=0.265
NODE_7_length_137367_cov_265.552610:67355-69067|+   -            571 776861at2            -            618    0.0016   14.2   0.0   1   2       0.1        21    0.6   0.0   413   428    38    53    22    70 0.87 NODE_7_length_137367_cov_265.552610_59 # 67355 # 69067 # 1 # ID=7_59;partial=00;start_type=ATG;rbs_motif=GGA/GAG/AGG;rbs_spacer=11-12bp;gc_cont=0.334
NODE_7_length_137367_cov_265.552610:67355-69067|+   -            571 776861at2            -            618    0.0016   14.2   0.0   2   2   8.4e-05     0.018   10.8   0.0   386   430   309   353   292   358 0.87 NODE_7_length_137367_cov_265.552610_59 # 67355 # 69067 # 1 # ID=7_59;partial=00;start_type=ATG;rbs_motif=GGA/GAG/AGG;rbs_spacer=11-12bp;gc_cont=0.334
NODE_1_length_221181_cov_231.485492:175189-175851|+ -            221 776861at2            -            618    0.0017   14.1   0.1   1   1   1.1e-05    0.0024   13.7   0.1   407   435     8    36     3    38 0.91 NODE_1_length_221181_cov_231.485492_174 # 175189 # 175851 # 1 # ID=1_174;partial=00;start_type=ATG;rbs_motif=AGGAG;rbs_spacer=5-10bp;gc_cont=0.321
NODE_1_length_221181_cov_231.485492:40899-42572|-   -            558 776861at2            -            618    0.0024   13.6   0.0   1   1   1.8e-05    0.0038   13.0   0.0   403   442   352   388   328   441 0.79 NODE_1_length_221181_cov_231.485492_39 # 40899 # 42572 # -1 # ID=1_39;partial=00;start_type=ATG;rbs_motif=None;rbs_spacer=None;gc_cont=0.323
NODE_8_length_131064_cov_236.695746:59542-60189|-   -            216 776861at2            -            618    0.0025   13.6   0.0   1   1   1.4e-05     0.003   13.3   0.0   413   446     5    38     1    78 0.80 NODE_8_length_131064_cov_236.695746_57 # 59542 # 60189 # -1 # ID=8_57;partial=00;start_type=ATG;rbs_motif=AGGAGG;rbs_spacer=5-10bp;gc_cont=0.355
NODE_4_length_159364_cov_195.254851:75610-76545|+   -            312 776861at2            -            618    0.0067   12.2   0.1   1   2   9.1e-05     0.019   10.7   0.0   405   437     3    35     1    64 0.84 NODE_4_length_159364_cov_195.254851_61 # 75610 # 76545 # 1 # ID=4_61;partial=00;start_type=ATG;rbs_motif=GGA/GAG/AGG;rbs_spacer=5-10bp;gc_cont=0.318
NODE_4_length_159364_cov_195.254851:75610-76545|+   -            312 776861at2            -            618    0.0067   12.2   0.1   2   2      0.38        78   -1.3   0.0   558   607   260   309   254   311 0.87 NODE_4_length_159364_cov_195.254851_61 # 75610 # 76545 # 1 # ID=4_61;partial=00;start_type=ATG;rbs_motif=GGA/GAG/AGG;rbs_spacer=5-10bp;gc_cont=0.318
NODE_7_length_137367_cov_265.552610:53289-54047|-   -            253 776861at2            -            618     0.007   12.1   0.0   1   1   4.5e-05    0.0095   11.7   0.0   380   428     3    52     1    60 0.79 NODE_7_length_137367_cov_265.552610_44 # 53289 # 54047 # -1 # ID=7_44;partial=00;start_type=ATG;rbs_motif=AGGAG;rbs_spacer=5-10bp;gc_cont=0.369
NODE_21_length_46212_cov_202.697359:18372-19634|-   -            421 776861at2            -            618    0.0081   11.9   0.0   1   1   5.7e-05     0.012   11.3   0.0   404   435   106   137    79   143 0.80 NODE_21_length_46212_cov_202.697359_18 # 18372 # 19634 # -1 # ID=21_18;partial=00;start_type=ATG;rbs_motif=GGA/GAG/AGG;rbs_spacer=11-12bp;gc_cont=0.340
NODE_22_length_45273_cov_259.372352:40600-41262|+   -            221 776861at2            -            618     0.015   11.0   0.0   1   1    0.0001     0.021   10.5   0.0   406   430    26    50    14    60 0.83 NODE_22_length_45273_cov_259.372352_43 # 40600 # 41262 # 1 # ID=22_43;partial=00;start_type=ATG;rbs_motif=AGGAG;rbs_spacer=5-10bp;gc_cont=0.342
NODE_3_length_190121_cov_203.196926:150695-151318|- -            208 776861at2            -            618     0.015   11.0   1.7   1   2   0.00048       0.1    8.3   0.5   407   435     3    31     1    34 0.87 NODE_3_length_190121_cov_203.196926_157 # 150695 # 151318 # -1 # ID=3_157;partial=00;start_type=ATG;rbs_motif=AGGA;rbs_spacer=5-10bp;gc_cont=0.333
NODE_3_length_190121_cov_203.196926:150695-151318|- -            208 776861at2            -            618     0.015   11.0   1.7   2   2     0.039       8.2    2.0   0.0   533   562   125   156   117   183 0.82 NODE_3_length_190121_cov_203.196926_157 # 150695 # 151318 # -1 # ID=3_157;partial=00;start_type=ATG;rbs_motif=AGGA;rbs_spacer=5-10bp;gc_cont=0.333
NODE_3_length_190121_cov_203.196926:91043-92017|-   -            325 776861at2            -            618     0.016   10.9   0.0   1   1   0.00011     0.024   10.3   0.0   374   426    89   147    65   159 0.83 NODE_3_length_190121_cov_203.196926_93 # 91043 # 92017 # -1 # ID=3_93;partial=00;start_type=TTG;rbs_motif=AGGAGG;rbs_spacer=5-10bp;gc_cont=0.312
NODE_3_length_190121_cov_203.196926:87794-88318|-   -            175 776861at2            -            618     0.018   10.7   0.0   1   1   0.00012     0.025   10.3   0.0   406   438     4    35     1    38 0.85 NODE_3_length_190121_cov_203.196926_87 # 87794 # 88318 # -1 # ID=3_87;partial=00;start_type=ATG;rbs_motif=AGxAGG/AGGxGG;rbs_spacer=5-10bp;gc_cont=0.288
NODE_11_length_101835_cov_232.895913:83257-85185|+  -            643 776861at2            -            618     0.046    9.4   4.4   1   3    0.0065       1.4    4.5   0.0   404   450    25    68     8   125 0.70 NODE_11_length_101835_cov_232.895913_108 # 83257 # 85185 # 1 # ID=11_108;partial=00;start_type=ATG;rbs_motif=GGA/GAG/AGG;rbs_spacer=5-10bp;gc_cont=0.320
NODE_11_length_101835_cov_232.895913:83257-85185|+  -            643 776861at2            -            618     0.046    9.4   4.4   2   3    0.0021      0.44    6.2   0.0   407   432   354   379   333   383 0.82 NODE_11_length_101835_cov_232.895913_108 # 83257 # 85185 # 1 # ID=11_108;partial=00;start_type=ATG;rbs_motif=GGA/GAG/AGG;rbs_spacer=5-10bp;gc_cont=0.320
NODE_11_length_101835_cov_232.895913:83257-85185|+  -            643 776861at2            -            618     0.046    9.4   4.4   3   3       2.3   4.8e+02   -3.9   1.4   542   611   569   638   564   641 0.66 NODE_11_length_101835_cov_232.895913_108 # 83257 # 85185 # 1 # ID=11_108;partial=00;start_type=ATG;rbs_motif=GGA/GAG/AGG;rbs_spacer=5-10bp;gc_cont=0.320
#
# Program:         hmmsearch
# Version:         3.4 (Aug 2023)
# Pipeline mode:   SEARCH
# Query file:      /workspaces/Project_S.aureus/busco_downloads/lineages/bacteria_odb10/hmms/776861at2.hmm
# Target file:     /workspaces/Project_S.aureus/busco_results/prodigal_output/predicted_genes/predicted.faa
# Option settings: hmmsearch --domtblout /workspaces/Project_S.aureus/busco_results/run_bacteria_odb10/hmmer_output/776861at2.out --cpu 1 /workspaces/Project_S.aureus/busco_downloads/lineages/bacteria_odb10/hmms/776861at2.hmm /workspaces/Project_S.aureus/busco_results/prodigal_output/predicted_genes/predicted.faa 
# Current dir:     /workspaces/Project_S.aureus
# Date:            Tue Mar 31 16:04:33 2026
# [ok]
