#                                                                                                           --- full sequence --- -------------- this domain -------------   hmm coord   ali coord   env coord
# target name                                       accession   tlen query name           accession   qlen   E-value  score  bias   #  of  c-Evalue  i-Evalue  score  bias  from    to  from    to  from    to  acc description of target
#                               ------------------- ---------- ----- -------------------- ---------- ----- --------- ------ ----- --- --- --------- --------- ------ ----- ----- ----- ----- ----- ----- ----- ---- ---------------------
NODE_3_length_190121_cov_203.196926:185194-186198|- -            335 874197at2            -            274  7.2e-122  403.4   0.1   1   1    4e-124  9.5e-122  403.0   0.1     2   273    19   319    18   320 0.91 NODE_3_length_190121_cov_203.196926_187 # 185194 # 186198 # -1 # ID=3_187;partial=00;start_type=ATG;rbs_motif=GGA/GAG/AGG;rbs_spacer=5-10bp;gc_cont=0.371
NODE_3_length_190121_cov_203.196926:167029-168303|+ -            425 874197at2            -            274   2.5e-10   37.6   0.0   1   1   1.6e-12   3.8e-10   37.0   0.0     4   112    10   121     7   142 0.72 NODE_3_length_190121_cov_203.196926_174 # 167029 # 168303 # 1 # ID=3_174;partial=00;start_type=GTG;rbs_motif=GGA/GAG/AGG;rbs_spacer=5-10bp;gc_cont=0.361
NODE_24_length_37904_cov_236.807842:6693-8786|-     -            698 874197at2            -            274   1.7e-06   25.0   0.0   1   1   1.2e-08   2.8e-06   24.3   0.0     7    96   163   267   157   272 0.63 NODE_24_length_37904_cov_236.807842_7 # 6693 # 8786 # -1 # ID=24_7;partial=00;start_type=ATG;rbs_motif=AGGAGG;rbs_spacer=5-10bp;gc_cont=0.357
NODE_1_length_221181_cov_231.485492:212084-214540|- -            819 874197at2            -            274   1.8e-06   25.0   0.6   1   2   0.00034      0.08    9.7   0.4    36    99   202   285   186   288 0.57 NODE_1_length_221181_cov_231.485492_205 # 212084 # 214540 # -1 # ID=1_205;partial=00;start_type=ATG;rbs_motif=AGGAGG;rbs_spacer=5-10bp;gc_cont=0.340
NODE_1_length_221181_cov_231.485492:212084-214540|- -            819 874197at2            -            274   1.8e-06   25.0   0.6   2   2   0.00011     0.025   11.3   0.0    11    59   510   562   501   581 0.78 NODE_1_length_221181_cov_231.485492_205 # 212084 # 214540 # -1 # ID=1_205;partial=00;start_type=ATG;rbs_motif=AGGAGG;rbs_spacer=5-10bp;gc_cont=0.340
NODE_2_length_205520_cov_212.013608:121313-123922|- -            870 874197at2            -            274   3.1e-06   24.2   1.1   1   2   0.00043       0.1    9.3   0.8    37    99   200   283   175   294 0.60 NODE_2_length_205520_cov_212.013608_113 # 121313 # 123922 # -1 # ID=2_113;partial=00;start_type=ATG;rbs_motif=GGAG/GAGG;rbs_spacer=5-10bp;gc_cont=0.338
NODE_2_length_205520_cov_212.013608:121313-123922|- -            870 874197at2            -            274   3.1e-06   24.2   1.1   2   2   0.00038      0.09    9.5   0.0    29    59   596   626   570   643 0.73 NODE_2_length_205520_cov_212.013608_113 # 121313 # 123922 # -1 # ID=2_113;partial=00;start_type=ATG;rbs_motif=GGAG/GAGG;rbs_spacer=5-10bp;gc_cont=0.338
NODE_38_length_12913_cov_202.123425:8591-9382|+     -            264 874197at2            -            274   4.1e-06   23.8   0.1   1   1   1.9e-06   0.00044   17.1   0.1    25    93    14    86     2   192 0.67 NODE_38_length_12913_cov_202.123425_7 # 8591 # 9382 # 1 # ID=38_7;partial=00;start_type=ATG;rbs_motif=AGGAG/GGAGG;rbs_spacer=11-12bp;gc_cont=0.318
NODE_21_length_46212_cov_202.697359:18372-19634|-   -            421 874197at2            -            274   7.5e-06   22.9   0.1   1   1   6.9e-08   1.7e-05   21.8   0.1     6    84    69   163    65   196 0.67 NODE_21_length_46212_cov_202.697359_18 # 18372 # 19634 # -1 # ID=21_18;partial=00;start_type=ATG;rbs_motif=GGA/GAG/AGG;rbs_spacer=11-12bp;gc_cont=0.340
NODE_18_length_54748_cov_239.629843:51235-52932|+   -            566 874197at2            -            274   7.9e-06   22.8   0.0   1   1     1e-07   2.4e-05   21.2   0.0     5    92    11    93     8   298 0.81 NODE_18_length_54748_cov_239.629843_45 # 51235 # 52932 # 1 # ID=18_45;partial=00;start_type=TTG;rbs_motif=GGAGG;rbs_spacer=5-10bp;gc_cont=0.363
NODE_4_length_159364_cov_195.254851:16217-17620|+   -            468 874197at2            -            274   6.9e-05   19.7   0.9   1   3   2.4e-06   0.00057   16.7   0.0     6    69    15    88    10   127 0.69 NODE_4_length_159364_cov_195.254851_13 # 16217 # 17620 # 1 # ID=4_13;partial=00;start_type=ATG;rbs_motif=GGAGG;rbs_spacer=5-10bp;gc_cont=0.346
NODE_4_length_159364_cov_195.254851:16217-17620|+   -            468 874197at2            -            274   6.9e-05   19.7   0.9   2   3      0.18        44    0.7   0.1    81   100   268   287   240   366 0.85 NODE_4_length_159364_cov_195.254851_13 # 16217 # 17620 # 1 # ID=4_13;partial=00;start_type=ATG;rbs_motif=GGAGG;rbs_spacer=5-10bp;gc_cont=0.346
NODE_4_length_159364_cov_195.254851:16217-17620|+   -            468 874197at2            -            274   6.9e-05   19.7   0.9   3   3       1.5   3.5e+02   -2.3   0.0    68   106   370   407   354   412 0.66 NODE_4_length_159364_cov_195.254851_13 # 16217 # 17620 # 1 # ID=4_13;partial=00;start_type=ATG;rbs_motif=GGAGG;rbs_spacer=5-10bp;gc_cont=0.346
NODE_5_length_148581_cov_258.518993:88305-90410|-   -            702 874197at2            -            274   0.00022   18.1   0.6   1   2     0.026       6.3    3.5   0.5    85    98   189   202   101   206 0.55 NODE_5_length_148581_cov_258.518993_83 # 88305 # 90410 # -1 # ID=5_83;partial=00;start_type=ATG;rbs_motif=GGAG/GAGG;rbs_spacer=5-10bp;gc_cont=0.347
NODE_5_length_148581_cov_258.518993:88305-90410|-   -            702 874197at2            -            274   0.00022   18.1   0.6   2   2   0.00031     0.073    9.8   0.0    11    59   422   474   414   483 0.73 NODE_5_length_148581_cov_258.518993_83 # 88305 # 90410 # -1 # ID=5_83;partial=00;start_type=ATG;rbs_motif=GGAG/GAGG;rbs_spacer=5-10bp;gc_cont=0.347
NODE_573_length_229_cov_1.091954:1-213|-            -             71 874197at2            -            274   0.00054   16.8   0.0   1   1   2.8e-06   0.00068   16.5   0.0     4    52    13    71    10    71 0.68 NODE_573_length_229_cov_1.091954_1 # 1 # 213 # -1 # ID=573_1;partial=10;start_type=ATG;rbs_motif=GGAGG;rbs_spacer=5-10bp;gc_cont=0.329
NODE_11_length_101835_cov_232.895913:83257-85185|+  -            643 874197at2            -            274   0.00086   16.1   0.2   1   2     0.082        20    1.8   0.0    37    57    31    51    23    83 0.85 NODE_11_length_101835_cov_232.895913_108 # 83257 # 85185 # 1 # ID=11_108;partial=00;start_type=ATG;rbs_motif=GGA/GAG/AGG;rbs_spacer=5-10bp;gc_cont=0.320
NODE_11_length_101835_cov_232.895913:83257-85185|+  -            643 874197at2            -            274   0.00086   16.1   0.2   2   2   0.00011     0.026   11.2   0.0    35    60   355   380   327   394 0.82 NODE_11_length_101835_cov_232.895913_108 # 83257 # 85185 # 1 # ID=11_108;partial=00;start_type=ATG;rbs_motif=GGA/GAG/AGG;rbs_spacer=5-10bp;gc_cont=0.320
NODE_11_length_101835_cov_232.895913:89357-89851|-  -            165 874197at2            -            274    0.0019   15.0   0.0   1   1   1.1e-05    0.0026   14.5   0.0    33    67    33    67    16    79 0.84 NODE_11_length_101835_cov_232.895913_113 # 89357 # 89851 # -1 # ID=11_113;partial=00;start_type=ATG;rbs_motif=GGA/GAG/AGG;rbs_spacer=11-12bp;gc_cont=0.301
NODE_2_length_205520_cov_212.013608:11025-12425|+   -            467 874197at2            -            274    0.0066   13.2   0.1   1   3    0.0004     0.096    9.4   0.0    12    56    13    50     7    60 0.81 NODE_2_length_205520_cov_212.013608_12 # 11025 # 12425 # 1 # ID=2_12;partial=00;start_type=GTG;rbs_motif=AGGAG;rbs_spacer=5-10bp;gc_cont=0.333
NODE_2_length_205520_cov_212.013608:11025-12425|+   -            467 874197at2            -            274    0.0066   13.2   0.1   2   3       1.3   3.1e+02   -2.1   0.0    75    97   136   158   117   187 0.80 NODE_2_length_205520_cov_212.013608_12 # 11025 # 12425 # 1 # ID=2_12;partial=00;start_type=GTG;rbs_motif=AGGAG;rbs_spacer=5-10bp;gc_cont=0.333
NODE_2_length_205520_cov_212.013608:11025-12425|+   -            467 874197at2            -            274    0.0066   13.2   0.1   3   3      0.29        68    0.1   0.0    38    56   280   298   276   314 0.84 NODE_2_length_205520_cov_212.013608_12 # 11025 # 12425 # 1 # ID=2_12;partial=00;start_type=GTG;rbs_motif=AGGAG;rbs_spacer=5-10bp;gc_cont=0.333
#
# Program:         hmmsearch
# Version:         3.4 (Aug 2023)
# Pipeline mode:   SEARCH
# Query file:      /workspaces/Project_S.aureus/busco_downloads/lineages/bacteria_odb10/hmms/874197at2.hmm
# Target file:     /workspaces/Project_S.aureus/busco_results/prodigal_output/predicted_genes/predicted.faa
# Option settings: hmmsearch --domtblout /workspaces/Project_S.aureus/busco_results/run_bacteria_odb10/hmmer_output/874197at2.out --cpu 1 /workspaces/Project_S.aureus/busco_downloads/lineages/bacteria_odb10/hmms/874197at2.hmm /workspaces/Project_S.aureus/busco_results/prodigal_output/predicted_genes/predicted.faa 
# Current dir:     /workspaces/Project_S.aureus
# Date:            Tue Mar 31 16:04:32 2026
# [ok]
