#                                                                                                           --- full sequence --- -------------- this domain -------------   hmm coord   ali coord   env coord
# target name                                       accession   tlen query name           accession   qlen   E-value  score  bias   #  of  c-Evalue  i-Evalue  score  bias  from    to  from    to  from    to  acc description of target
#                               ------------------- ---------- ----- -------------------- ---------- ----- --------- ------ ----- --- --- --------- --------- ------ ----- ----- ----- ----- ----- ----- ----- ---- ---------------------
NODE_2_length_205520_cov_212.013608:13491-14738|-   -            416 932854at2            -           1620  2.6e-169  563.0   3.1   1   1  7.1e-172    3e-169  562.8   3.1     2   417     1   413     1   415 0.97 NODE_2_length_205520_cov_212.013608_14 # 13491 # 14738 # -1 # ID=2_14;partial=00;start_type=ATG;rbs_motif=GGA/GAG/AGG;rbs_spacer=11-12bp;gc_cont=0.356
NODE_2_length_205520_cov_212.013608:19306-21495|-   -            730 932854at2            -           1620   6.8e-40  134.0   2.1   1   2      0.18        76   -2.0   0.0   617   638    35    56     5    66 0.71 NODE_2_length_205520_cov_212.013608_19 # 19306 # 21495 # -1 # ID=2_19;partial=00;start_type=ATG;rbs_motif=GGAGG;rbs_spacer=5-10bp;gc_cont=0.352
NODE_2_length_205520_cov_212.013608:19306-21495|-   -            730 932854at2            -           1620   6.8e-40  134.0   2.1   2   2   3.1e-42   1.3e-39  133.1   1.5   733  1213    93   556    84   648 0.78 NODE_2_length_205520_cov_212.013608_19 # 19306 # 21495 # -1 # ID=2_19;partial=00;start_type=ATG;rbs_motif=GGAGG;rbs_spacer=5-10bp;gc_cont=0.352
NODE_2_length_205520_cov_212.013608:21488-22159|-   -            224 932854at2            -           1620     4e-28   95.0   0.2   1   1   2.9e-30   1.2e-27   93.4   0.2  1370  1601     4   204     1   219 0.86 NODE_2_length_205520_cov_212.013608_20 # 21488 # 22159 # -1 # ID=2_20;partial=00;start_type=ATG;rbs_motif=AGGAG;rbs_spacer=5-10bp;gc_cont=0.347
NODE_357_length_245_cov_1.115789:2-244|+            -             81 932854at2            -           1620   2.7e-26   89.0   0.0   1   1   6.9e-29   2.9e-26   88.8   0.0   248   330     1    81     1    81 0.95 NODE_357_length_245_cov_1.115789_1 # 2 # 244 # 1 # ID=357_1;partial=11;start_type=Edge;rbs_motif=None;rbs_spacer=None;gc_cont=0.329
NODE_20_length_50790_cov_203.557386:40159-43332|-   -           1058 932854at2            -           1620   6.9e-14   47.8   0.1   1   2    0.0019      0.78    4.5   0.0   107   188   133   213   107   229 0.87 NODE_20_length_50790_cov_203.557386_39 # 40159 # 43332 # -1 # ID=20_39;partial=00;start_type=ATG;rbs_motif=AGGAG;rbs_spacer=5-10bp;gc_cont=0.357
NODE_20_length_50790_cov_203.557386:40159-43332|-   -           1058 932854at2            -           1620   6.9e-14   47.8   0.1   2   2   1.9e-14     8e-12   41.0   0.1    77   203   641   766   579   837 0.91 NODE_20_length_50790_cov_203.557386_39 # 40159 # 43332 # -1 # ID=20_39;partial=00;start_type=ATG;rbs_motif=AGGAG;rbs_spacer=5-10bp;gc_cont=0.357
NODE_3_length_190121_cov_203.196926:146305-147666|- -            454 932854at2            -           1620   9.9e-09   30.7   1.6   1   1   3.5e-11   1.4e-08   30.2   1.6    80   185    92   202    90   223 0.87 NODE_3_length_190121_cov_203.196926_152 # 146305 # 147666 # -1 # ID=3_152;partial=00;start_type=ATG;rbs_motif=AGxAGG/AGGxGG;rbs_spacer=5-10bp;gc_cont=0.355
NODE_3_length_190121_cov_203.196926:77055-78410|-   -            452 932854at2            -           1620   2.8e-05   19.3   1.0   1   1   9.6e-08     4e-05   18.7   1.0    80   167    92   181    87   204 0.84 NODE_3_length_190121_cov_203.196926_76 # 77055 # 78410 # -1 # ID=3_76;partial=00;start_type=ATG;rbs_motif=GGA/GAG/AGG;rbs_spacer=5-10bp;gc_cont=0.363
NODE_14_length_70073_cov_210.131480:24650-28102|+   -           1151 932854at2            -           1620   0.00046   15.2   0.1   1   1   1.6e-06   0.00067   14.7   0.1    82   186    98   207    65   210 0.86 NODE_14_length_70073_cov_210.131480_25 # 24650 # 28102 # 1 # ID=14_25;partial=00;start_type=TTG;rbs_motif=AGGAG;rbs_spacer=5-10bp;gc_cont=0.356
#
# Program:         hmmsearch
# Version:         3.4 (Aug 2023)
# Pipeline mode:   SEARCH
# Query file:      /workspaces/Project_S.aureus/busco_downloads/lineages/bacteria_odb10/hmms/932854at2.hmm
# Target file:     /workspaces/Project_S.aureus/busco_results/prodigal_output/predicted_genes/predicted.faa
# Option settings: hmmsearch --domtblout /workspaces/Project_S.aureus/busco_results/run_bacteria_odb10/hmmer_output/932854at2.out --cpu 1 /workspaces/Project_S.aureus/busco_downloads/lineages/bacteria_odb10/hmms/932854at2.hmm /workspaces/Project_S.aureus/busco_results/prodigal_output/predicted_genes/predicted.faa 
# Current dir:     /workspaces/Project_S.aureus
# Date:            Tue Mar 31 16:04:33 2026
# [ok]
