#                                                                                                         --- full sequence --- -------------- this domain -------------   hmm coord   ali coord   env coord
# target name                                     accession   tlen query name           accession   qlen   E-value  score  bias   #  of  c-Evalue  i-Evalue  score  bias  from    to  from    to  from    to  acc description of target
#                             ------------------- ---------- ----- -------------------- ---------- ----- --------- ------ ----- --- --- --------- --------- ------ ----- ----- ----- ----- ----- ----- ----- ---- ---------------------
NODE_21_length_46212_cov_202.697359:19785-21086|- -            434 932993at2            -            255   8.6e-25   84.9  44.4   1   5   9.9e-11   1.1e-07   28.8   0.2     9    65    15    82     8    96 0.73 NODE_21_length_46212_cov_202.697359_19 # 19785 # 21086 # -1 # ID=21_19;partial=00;start_type=ATG;rbs_motif=GGAGG;rbs_spacer=5-10bp;gc_cont=0.337
NODE_21_length_46212_cov_202.697359:19785-21086|- -            434 932993at2            -            255   8.6e-25   84.9  44.4   2   5   1.4e-10   1.6e-07   28.4   2.3    63   120    98   175    92   190 0.86 NODE_21_length_46212_cov_202.697359_19 # 19785 # 21086 # -1 # ID=21_19;partial=00;start_type=ATG;rbs_motif=GGAGG;rbs_spacer=5-10bp;gc_cont=0.337
NODE_21_length_46212_cov_202.697359:19785-21086|- -            434 932993at2            -            255   8.6e-25   84.9  44.4   3   5   4.3e-10   4.8e-07   26.7  16.3   117   186   199   284   196   333 0.73 NODE_21_length_46212_cov_202.697359_19 # 19785 # 21086 # -1 # ID=21_19;partial=00;start_type=ATG;rbs_motif=GGAGG;rbs_spacer=5-10bp;gc_cont=0.337
NODE_21_length_46212_cov_202.697359:19785-21086|- -            434 932993at2            -            255   8.6e-25   84.9  44.4   4   5   3.9e-06    0.0044   13.8   3.5   198   248   346   396   340   403 0.78 NODE_21_length_46212_cov_202.697359_19 # 19785 # 21086 # -1 # ID=21_19;partial=00;start_type=ATG;rbs_motif=GGAGG;rbs_spacer=5-10bp;gc_cont=0.337
NODE_21_length_46212_cov_202.697359:19785-21086|- -            434 932993at2            -            255   8.6e-25   84.9  44.4   5   5       0.1   1.1e+02   -0.7   0.0   229   253   404   428   392   430 0.74 NODE_21_length_46212_cov_202.697359_19 # 19785 # 21086 # -1 # ID=21_19;partial=00;start_type=ATG;rbs_motif=GGAGG;rbs_spacer=5-10bp;gc_cont=0.337
NODE_643_length_225_cov_1.117647:2-223|-          -             74 932993at2            -            255   5.3e-05   20.0   2.0   1   2    0.0088       9.8    2.8   0.1   105   119     4    18     2    36 0.81 NODE_643_length_225_cov_1.117647_1 # 2 # 223 # -1 # ID=643_1;partial=11;start_type=Edge;rbs_motif=None;rbs_spacer=None;gc_cont=0.401
NODE_643_length_225_cov_1.117647:2-223|-          -             74 932993at2            -            255   5.3e-05   20.0   2.0   2   2   3.4e-07   0.00038   17.3   0.4   117   141    43    68    40    74 0.82 NODE_643_length_225_cov_1.117647_1 # 2 # 223 # -1 # ID=643_1;partial=11;start_type=Edge;rbs_motif=None;rbs_spacer=None;gc_cont=0.401
NODE_655_length_224_cov_1.195266:1-222|-          -             74 932993at2            -            255    0.0079   12.9   0.4   1   1   1.4e-05     0.015   12.0   0.4    83   120     7    63     1    66 0.77 NODE_655_length_224_cov_1.195266_1 # 1 # 222 # -1 # ID=655_1;partial=11;start_type=Edge;rbs_motif=None;rbs_spacer=None;gc_cont=0.383
#
# Program:         hmmsearch
# Version:         3.4 (Aug 2023)
# Pipeline mode:   SEARCH
# Query file:      /workspaces/Project_S.aureus/busco_downloads/lineages/bacteria_odb10/hmms/932993at2.hmm
# Target file:     /workspaces/Project_S.aureus/busco_results/prodigal_output/predicted_genes/predicted.faa
# Option settings: hmmsearch --domtblout /workspaces/Project_S.aureus/busco_results/run_bacteria_odb10/hmmer_output/932993at2.out --cpu 1 /workspaces/Project_S.aureus/busco_downloads/lineages/bacteria_odb10/hmms/932993at2.hmm /workspaces/Project_S.aureus/busco_results/prodigal_output/predicted_genes/predicted.faa 
# Current dir:     /workspaces/Project_S.aureus
# Date:            Tue Mar 31 16:04:33 2026
# [ok]
