#                                                                                                           --- full sequence --- -------------- this domain -------------   hmm coord   ali coord   env coord
# target name                                       accession   tlen query name           accession   qlen   E-value  score  bias   #  of  c-Evalue  i-Evalue  score  bias  from    to  from    to  from    to  acc description of target
#                               ------------------- ---------- ----- -------------------- ---------- ----- --------- ------ ----- --- --- --------- --------- ------ ----- ----- ----- ----- ----- ----- ----- ---- ---------------------
NODE_23_length_40534_cov_221.091010:35446-37431|+   -            662 95696at2             -            490  1.5e-229  760.3  19.4   1   3   2.5e-70     1e-67  226.4   0.1     1   125    37   161    37   171 0.97 NODE_23_length_40534_cov_221.091010_33 # 35446 # 37431 # 1 # ID=23_33;partial=00;start_type=ATG;rbs_motif=AGGAGG;rbs_spacer=11-12bp;gc_cont=0.350
NODE_23_length_40534_cov_221.091010:35446-37431|+   -            662 95696at2             -            490  1.5e-229  760.3  19.4   2   3  7.1e-166    3e-163  541.6   9.6   105   478   160   592   155   605 0.88 NODE_23_length_40534_cov_221.091010_33 # 35446 # 37431 # 1 # ID=23_33;partial=00;start_type=ATG;rbs_motif=AGGAGG;rbs_spacer=11-12bp;gc_cont=0.350
NODE_23_length_40534_cov_221.091010:35446-37431|+   -            662 95696at2             -            490  1.5e-229  760.3  19.4   3   3      0.19        77   -0.7   0.4   456   489   620   653   608   654 0.71 NODE_23_length_40534_cov_221.091010_33 # 35446 # 37431 # 1 # ID=23_33;partial=00;start_type=ATG;rbs_motif=AGGAGG;rbs_spacer=11-12bp;gc_cont=0.350
NODE_22_length_45273_cov_259.372352:6052-8913|+     -            954 95696at2             -            490   8.7e-13   45.3   1.0   1   3    0.0011      0.46    6.6   0.0     3    49   247   294   245   301 0.86 NODE_22_length_45273_cov_259.372352_8 # 6052 # 8913 # 1 # ID=22_8;partial=00;start_type=ATG;rbs_motif=GGAG/GAGG;rbs_spacer=5-10bp;gc_cont=0.280
NODE_22_length_45273_cov_259.372352:6052-8913|+     -            954 95696at2             -            490   8.7e-13   45.3   1.0   2   3     0.064        27    0.8   0.0   358   391   307   340   303   344 0.92 NODE_22_length_45273_cov_259.372352_8 # 6052 # 8913 # 1 # ID=22_8;partial=00;start_type=ATG;rbs_motif=GGAG/GAGG;rbs_spacer=5-10bp;gc_cont=0.280
NODE_22_length_45273_cov_259.372352:6052-8913|+     -            954 95696at2             -            490   8.7e-13   45.3   1.0   3   3   4.2e-12   1.7e-09   34.4   0.1   334   436   449   546   432   556 0.87 NODE_22_length_45273_cov_259.372352_8 # 6052 # 8913 # 1 # ID=22_8;partial=00;start_type=ATG;rbs_motif=GGAG/GAGG;rbs_spacer=5-10bp;gc_cont=0.280
NODE_13_length_73100_cov_229.177617:20087-21607|-   -            507 95696at2             -            490   2.9e-12   43.6   2.4   1   3    0.0002     0.083    9.1   0.1     6    52    47    98    42   104 0.78 NODE_13_length_73100_cov_229.177617_19 # 20087 # 21607 # -1 # ID=13_19;partial=00;start_type=TTG;rbs_motif=AGGAG;rbs_spacer=5-10bp;gc_cont=0.366
NODE_13_length_73100_cov_229.177617:20087-21607|-   -            507 95696at2             -            490   2.9e-12   43.6   2.4   2   3      0.16        66   -0.5   0.0    17    67   192   243   182   248 0.81 NODE_13_length_73100_cov_229.177617_19 # 20087 # 21607 # -1 # ID=13_19;partial=00;start_type=TTG;rbs_motif=AGGAG;rbs_spacer=5-10bp;gc_cont=0.366
NODE_13_length_73100_cov_229.177617:20087-21607|-   -            507 95696at2             -            490   2.9e-12   43.6   2.4   3   3     8e-12   3.4e-09   33.5   0.1   340   459   244   361   236   379 0.83 NODE_13_length_73100_cov_229.177617_19 # 20087 # 21607 # -1 # ID=13_19;partial=00;start_type=TTG;rbs_motif=AGGAG;rbs_spacer=5-10bp;gc_cont=0.366
NODE_20_length_50790_cov_203.557386:30767-33175|-   -            803 95696at2             -            490   5.6e-12   42.6   0.1   1   2    0.0001     0.043   10.0   0.0     3    50   290   340   288   355 0.86 NODE_20_length_50790_cov_203.557386_30 # 30767 # 33175 # -1 # ID=20_30;partial=00;start_type=ATG;rbs_motif=AGxAGG/AGGxGG;rbs_spacer=5-10bp;gc_cont=0.347
NODE_20_length_50790_cov_203.557386:30767-33175|-   -            803 95696at2             -            490   5.6e-12   42.6   0.1   2   2   8.1e-11   3.4e-08   30.2   0.0   345   441   562   667   552   692 0.74 NODE_20_length_50790_cov_203.557386_30 # 30767 # 33175 # -1 # ID=20_30;partial=00;start_type=ATG;rbs_motif=AGxAGG/AGGxGG;rbs_spacer=5-10bp;gc_cont=0.347
NODE_24_length_37904_cov_236.807842:14947-18453|-   -           1169 95696at2             -            490   6.9e-10   35.7  12.3   1   3   5.8e-08   2.4e-05   20.7   3.8   117   254   149   309   144   497 0.68 NODE_24_length_37904_cov_236.807842_15 # 14947 # 18453 # -1 # ID=24_15;partial=00;start_type=ATG;rbs_motif=None;rbs_spacer=None;gc_cont=0.342
NODE_24_length_37904_cov_236.807842:14947-18453|-   -           1169 95696at2             -            490   6.9e-10   35.7  12.3   2   3     0.059        25    0.9   0.1   322   408   654   744   647   762 0.71 NODE_24_length_37904_cov_236.807842_15 # 14947 # 18453 # -1 # ID=24_15;partial=00;start_type=ATG;rbs_motif=None;rbs_spacer=None;gc_cont=0.342
NODE_24_length_37904_cov_236.807842:14947-18453|-   -           1169 95696at2             -            490   6.9e-10   35.7  12.3   3   3   1.5e-06   0.00061   16.1   0.1   351   462   846   949   838   959 0.78 NODE_24_length_37904_cov_236.807842_15 # 14947 # 18453 # -1 # ID=24_15;partial=00;start_type=ATG;rbs_motif=None;rbs_spacer=None;gc_cont=0.342
NODE_20_length_50790_cov_203.557386:14395-16455|-   -            687 95696at2             -            490   2.4e-08   30.7   1.2   1   3     0.055        23    1.0   0.0     2    49   289   339   288   342 0.79 NODE_20_length_50790_cov_203.557386_15 # 14395 # 16455 # -1 # ID=20_15;partial=00;start_type=TTG;rbs_motif=GGA/GAG/AGG;rbs_spacer=5-10bp;gc_cont=0.337
NODE_20_length_50790_cov_203.557386:14395-16455|-   -            687 95696at2             -            490   2.4e-08   30.7   1.2   2   3    0.0014      0.57    6.3   0.1   343   409   324   390   315   415 0.80 NODE_20_length_50790_cov_203.557386_15 # 14395 # 16455 # -1 # ID=20_15;partial=00;start_type=TTG;rbs_motif=GGA/GAG/AGG;rbs_spacer=5-10bp;gc_cont=0.337
NODE_20_length_50790_cov_203.557386:14395-16455|-   -            687 95696at2             -            490   2.4e-08   30.7   1.2   3   3   1.7e-08   7.1e-06   22.5   0.0   361   435   509   582   494   606 0.79 NODE_20_length_50790_cov_203.557386_15 # 14395 # 16455 # -1 # ID=20_15;partial=00;start_type=TTG;rbs_motif=GGA/GAG/AGG;rbs_spacer=5-10bp;gc_cont=0.337
NODE_3_length_190121_cov_203.196926:102854-104200|- -            449 95696at2             -            490   2.3e-07   27.4   0.0   1   2    0.0066       2.8    4.1   0.0     6    56    49   108    43   136 0.72 NODE_3_length_190121_cov_203.196926_106 # 102854 # 104200 # -1 # ID=3_106;partial=00;start_type=ATG;rbs_motif=AGGAGG;rbs_spacer=5-10bp;gc_cont=0.327
NODE_3_length_190121_cov_203.196926:102854-104200|- -            449 95696at2             -            490   2.3e-07   27.4   0.0   2   2   4.5e-08   1.9e-05   21.1   0.0   345   413   252   320   230   344 0.90 NODE_3_length_190121_cov_203.196926_106 # 102854 # 104200 # -1 # ID=3_106;partial=00;start_type=ATG;rbs_motif=AGGAGG;rbs_spacer=5-10bp;gc_cont=0.327
NODE_23_length_40534_cov_221.091010:26120-27202|+   -            361 95696at2             -            490   3.9e-07   26.7   3.4   1   2      0.07        29    0.7   0.3   141   181    82   122    34   176 0.57 NODE_23_length_40534_cov_221.091010_25 # 26120 # 27202 # 1 # ID=23_25;partial=00;start_type=ATG;rbs_motif=None;rbs_spacer=None;gc_cont=0.322
NODE_23_length_40534_cov_221.091010:26120-27202|+   -            361 95696at2             -            490   3.9e-07   26.7   3.4   2   2   1.2e-09     5e-07   26.3   0.3   355   458   246   347   210   353 0.79 NODE_23_length_40534_cov_221.091010_25 # 26120 # 27202 # 1 # ID=23_25;partial=00;start_type=ATG;rbs_motif=None;rbs_spacer=None;gc_cont=0.322
#
# Program:         hmmsearch
# Version:         3.4 (Aug 2023)
# Pipeline mode:   SEARCH
# Query file:      /workspaces/Project_S.aureus/busco_downloads/lineages/bacteria_odb10/hmms/95696at2.hmm
# Target file:     /workspaces/Project_S.aureus/busco_results/prodigal_output/predicted_genes/predicted.faa
# Option settings: hmmsearch --domtblout /workspaces/Project_S.aureus/busco_results/run_bacteria_odb10/hmmer_output/95696at2.out --cpu 1 /workspaces/Project_S.aureus/busco_downloads/lineages/bacteria_odb10/hmms/95696at2.hmm /workspaces/Project_S.aureus/busco_results/prodigal_output/predicted_genes/predicted.faa 
# Current dir:     /workspaces/Project_S.aureus
# Date:            Tue Mar 31 16:04:33 2026
# [ok]
