/opt/conda/envs/Assembly/bin/quast results/spades/contigs.fasta -o results/quast/ --threads 4

Version: 5.3.0

System information:
  OS: Linux-6.8.0-1044-azure-x86_64-with-glibc2.39 (linux_64)
  Python version: 3.12.13
  CPUs number: 2

Started: 2026-03-31 15:50:42

Logging to /workspaces/Project_S.aureus/results/quast/quast.log

CWD: /workspaces/Project_S.aureus
Main parameters: 
  MODE: default, threads: 4, min contig length: 500, min alignment length: 65, min alignment IDY: 95.0, \
  ambiguity: one, min local misassembly length: 200, min extensive misassembly length: 1000

Contigs:
  Pre-processing...
  results/spades/contigs.fasta ==> contigs

2026-03-31 15:50:48
Running Basic statistics processor...
  Contig files: 
    contigs
  Calculating N50 and L50...
    contigs, N50 = 125347, L50 = 9, auN = 116472.1, Total length = 2752541, GC % = 32.65, # N's per 100 kbp =  0.00
  Drawing Nx plot...
    saved to /workspaces/Project_S.aureus/results/quast/basic_stats/Nx_plot.pdf
  Drawing cumulative plot...
    saved to /workspaces/Project_S.aureus/results/quast/basic_stats/cumulative_plot.pdf
  Drawing GC content plot...
    saved to /workspaces/Project_S.aureus/results/quast/basic_stats/GC_content_plot.pdf
  Drawing contigs GC content plot...
    saved to /workspaces/Project_S.aureus/results/quast/basic_stats/contigs_GC_content_plot.pdf
  Drawing Coverage histogram (bin size: 20x)...
    saved to /workspaces/Project_S.aureus/results/quast/basic_stats/coverage_histogram.pdf
  Drawing contigs coverage histogram (bin size: 20x)...
    saved to /workspaces/Project_S.aureus/results/quast/basic_stats/contigs_coverage_histogram.pdf
Done.

NOTICE: Genes are not predicted by default. Use --gene-finding or --glimmer option to enable it.

2026-03-31 15:50:52
Creating large visual summaries...
This may take a while: press Ctrl-C to skip this step..
  1 of 2: Creating PDF with all tables and plots...
  2 of 2: Creating Icarus viewers...
Done

2026-03-31 15:50:53
RESULTS:
  Text versions of total report are saved to /workspaces/Project_S.aureus/results/quast/report.txt, report.tsv, and report.tex
  Text versions of transposed total report are saved to /workspaces/Project_S.aureus/results/quast/transposed_report.txt, transposed_report.tsv, and transposed_report.tex
  HTML version (interactive tables and plots) is saved to /workspaces/Project_S.aureus/results/quast/report.html
  PDF version (tables and plots) is saved to /workspaces/Project_S.aureus/results/quast/report.pdf
  Icarus (contig browser) is saved to /workspaces/Project_S.aureus/results/quast/icarus.html
  Log is saved to /workspaces/Project_S.aureus/results/quast/quast.log

Finished: 2026-03-31 15:50:53
Elapsed time: 0:00:10.481721
NOTICEs: 1; WARNINGs: 0; non-fatal ERRORs: 0

Thank you for using QUAST!
