[16:52:41] This is prokka 1.15.6
[16:52:41] Written by Torsten Seemann <torsten.seemann@gmail.com>
[16:52:41] Homepage is https://github.com/tseemann/prokka
[16:52:41] Local time is Tue Mar 31 16:52:41 2026
[16:52:41] You are codespace
[16:52:41] Operating system is linux
[16:52:41] You have BioPerl 1.7.8
[16:52:41] System has 2 cores.
[16:52:41] Option --cpu asked for 4 cores, but system only has 2
[16:52:41] Will use maximum of 2 cores.
[16:52:41] Annotating as >>> Bacteria <<<
[16:52:41] Generating locus_tag from 'results/spades/contigs.fasta' contents.
[16:52:41] Setting --locustag NLJHNOKD from MD5 7531784d5db6905405c2a0361292b3c7
[16:52:41] Re-using existing --outdir results/prokka
[16:52:41] Using filename prefix: Saureus_assembly.XXX
[16:52:41] Setting HMMER_NCPU=1
[16:52:41] Writing log to: results/prokka/Saureus_assembly.log
[16:52:41] Command: /opt/conda/envs/env_prokka/bin/prokka --outdir results/prokka --prefix Saureus_assembly --kingdom Bacteria --genus Staphylococcus --species aureus --strain Thanh_Sample --cpus 4 --force results/spades/contigs.fasta
[16:52:41] Looking for 'aragorn' - found /opt/conda/envs/env_prokka/bin/aragorn
[16:52:41] Determined aragorn version is v1.2 from 'ARAGORN v1.2.41 Dean Laslett'
[16:52:41] Looking for 'barrnap' - found /opt/conda/envs/env_prokka/bin/barrnap
[16:52:42] Determined barrnap version is v0.9 from 'barrnap 0.9'
[16:52:42] Looking for 'blastp' - found /opt/conda/envs/env_prokka/bin/blastp
[16:52:42] Determined blastp version is v2.16 from 'blastp: 2.16.0+'
[16:52:42] Looking for 'cmpress' - found /opt/conda/envs/env_prokka/bin/cmpress
[16:52:42] Determined cmpress version is v1.1 from '# INFERNAL 1.1.5 (Sep 2023)'
[16:52:42] Looking for 'cmscan' - found /opt/conda/envs/env_prokka/bin/cmscan
[16:52:42] Determined cmscan version is v1.1 from '# INFERNAL 1.1.5 (Sep 2023)'
[16:52:42] Looking for 'egrep' - found /usr/bin/egrep
[16:52:42] Looking for 'find' - found /usr/bin/find
[16:52:42] Looking for 'grep' - found /usr/bin/grep
[16:52:42] Looking for 'hmmpress' - found /opt/conda/envs/env_prokka/bin/hmmpress
[16:52:42] Determined hmmpress version is v3.4 from '# HMMER 3.4 (Aug 2023); http://hmmer.org/'
[16:52:42] Looking for 'hmmscan' - found /opt/conda/envs/env_prokka/bin/hmmscan
[16:52:43] Determined hmmscan version is v3.4 from '# HMMER 3.4 (Aug 2023); http://hmmer.org/'
[16:52:43] Looking for 'java' - found /opt/conda/envs/env_prokka/bin/java
[16:52:43] Looking for 'makeblastdb' - found /opt/conda/envs/env_prokka/bin/makeblastdb
[16:52:43] Determined makeblastdb version is v2.16 from 'makeblastdb: 2.16.0+'
[16:52:43] Looking for 'minced' - found /opt/conda/envs/env_prokka/bin/minced
[16:52:43] Determined minced version is v4.2 from 'minced 0.4.2'
[16:52:43] Looking for 'parallel' - found /opt/conda/envs/env_prokka/bin/parallel
[16:52:43] Determined parallel version is 20260122 from 'GNU parallel 20260122'
[16:52:43] Looking for 'prodigal' - found /opt/conda/envs/env_prokka/bin/prodigal
[16:52:43] Determined prodigal version is v2.6 from 'Prodigal V2.6.3: February, 2016'
[16:52:43] Looking for 'prokka-genbank_to_fasta_db' - found /opt/conda/envs/env_prokka/bin/prokka-genbank_to_fasta_db
[16:52:43] Looking for 'sed' - found /usr/bin/sed
[16:52:43] Looking for 'tbl2asn' - found /opt/conda/envs/env_prokka/bin/tbl2asn
[16:52:43] Determined tbl2asn version is v25.7 from 'tbl2asn 25.7   arguments:'
[16:52:43] Using genetic code table 11.
[16:52:43] Loading and checking input file: results/spades/contigs.fasta
[16:52:43] Wrote 1132 contigs totalling 2997580 bp.
[16:52:43] Predicting tRNAs and tmRNAs
[16:52:43] Running: aragorn -l -gc11  -w results\/prokka\/Saureus_assembly\.fna
[16:52:44] 1 tRNA-Asn [65259,65333] 33 (gtt)
[16:52:44] 2 tRNA-Ser [65335,65425] 37 (gct)
[16:52:44] 1 tRNA-Asp c[16379,16451] 34 (gtc)
[16:52:44] 2 tRNA-Glu c[16459,16533] 34 (ttc)
[16:52:44] 1 tRNA-Leu c[76,158] 34 (gag)
[16:52:44] 1 tRNA-Ser [45555,45647] 37 (tga)
[16:52:44] 1 tmRNA c[11265,11623] 94,129 GKSNNNFAVAA*
[16:52:44] 2 tRNA-Arg [27870,27942] 34 (ccg)
[16:52:44] 1 tRNA-Met [11244,11317] 35 (cat)
[16:52:44] 2 tRNA-Asp [11327,11402] 34 (gtc)
[16:52:44] 3 tRNA-Phe [11419,11491] 34 (gaa)
[16:52:44] 4 tRNA-His [11505,11580] 34 (gtg)
[16:52:44] 5 tRNA-Gly [11596,11669] 33 (tcc)
[16:52:44] 6 tRNA-Asn [11684,11758] 33 (gtt)
[16:52:44] 7 tRNA-Glu [11759,11832] 35 (ttc)
[16:52:44] 8 tRNA-Ser [11886,11974] 36 (gga)
[16:52:44] 1 tRNA-Arg c[467,542] 36 (tct)
[16:52:44] 1 tRNA-Gly [2,76] 34 (tcc)
[16:52:44] 2 tRNA-Leu [115,198] 35 (caa)
[16:52:44] 1 tRNA-Ala c[316,391] 34 (tgc)
[16:52:44] 2 tRNA-Ile c[410,486] 35 (gat)
[16:52:44] 1 tRNA-Met [76,150] 35 (cat)
[16:52:44] 2 tRNA-Met [178,251] 35 (cat)
[16:52:44] 1 tRNA-Ser [92,184] 37 (tga)
[16:52:44] 1 tRNA-Lys c[87,159] 34 (ttt)
[16:52:44] 2 tRNA-Thr c[165,240] 34 (tgt)
[16:52:44] 1 tRNA-Gly c[68,142] 34 (tcc)
[16:52:44] 2 tRNA-Gly c[158,232] 34 (tcc)
[16:52:44] 1 tRNA-Met c[47,123] 35 (cat)
[16:52:44] 1 tRNA-Leu [64,152] 35 (taa)
[16:52:44] 1 tRNA-Leu [61,149] 35 (taa)
[16:52:44] 1 tRNA-Asn [105,176] 33 (gtt)
[16:52:44] 1 tRNA-Trp [71,144] 33 (cca)
[16:52:44] 1 tRNA-Ser c[8,98] 37 (gct)
[16:52:44] 2 tRNA-Asn c[100,174] 33 (gtt)
[16:52:44] 1 tRNA-Leu [60,143] 36 (tag)
[16:52:44] 1 tRNA-Cys [61,134] 33 (gca)
[16:52:44] 1 tRNA-Val c[72,147] 34 (tac)
[16:52:44] 1 tRNA-Pro c[78,151] 35 (tgg)
[16:52:44] 1 tRNA-Tyr c[-1,82] 36 (gta)
[16:52:44] 1 tRNA-Gly c[3,77] 33 (gcc)
[16:52:44] 1 tRNA-Arg c[1,74] 35 (acg)
[16:52:44] 1 tRNA-Gln [1,72] 33 (ttg)
[16:52:44] Found 43 tRNAs
[16:52:44] Predicting Ribosomal RNAs
[16:52:44] Running Barrnap with 2 threads
[16:52:47] 1 NODE_40_length_3141_cov_1346.298121 37 5S ribosomal RNA (partial)
[16:52:47] 2 NODE_40_length_3141_cov_1346.298121 191 23S ribosomal RNA
[16:52:47] 3 NODE_41_length_1698_cov_1305.855752 91 16S ribosomal RNA
[16:52:47] Found 3 rRNAs
[16:52:47] Skipping ncRNA search, enable with --rfam if desired.
[16:52:47] Total of 45 tRNA + rRNA features
[16:52:47] Searching for CRISPR repeats
[16:52:47] Found 0 CRISPRs
[16:52:47] Predicting coding sequences
[16:52:47] Contigs total 2997580 bp, so using single mode
[16:52:47] Running: prodigal -i results\/prokka\/Saureus_assembly\.fna -c -m -g 11 -p single -f sco -q
[16:52:50] Excluding CDS which overlaps existing RNA (tRNA) at NODE_29_length_24911_cov_208.768145:11937..12050 on - strand
[16:52:51] Found 2567 CDS
[16:52:51] Connecting features back to sequences
[16:52:51] Not using genus-specific database. Try --usegenus to enable it.
[16:52:51] Annotating CDS, please be patient.
[16:52:51] Will use 2 CPUs for similarity searching.
[16:52:52] There are still 2567 unannotated CDS left (started with 2567)
[16:52:52] Will use blast to search against /opt/conda/envs/env_prokka/db/kingdom/Bacteria/IS with 2 CPUs
[16:52:52] Running: cat results\/prokka\/Saureus_assembly\.IS\.tmp\.142534\.faa | parallel --gnu --plain -j 2 --block 196663 --recstart '>' --pipe blastp -query - -db /opt/conda/envs/env_prokka/db/kingdom/Bacteria/IS -evalue 1e-30 -qcov_hsp_perc 90 -num_threads 1 -num_descriptions 1 -num_alignments 1 -seg no > results\/prokka\/Saureus_assembly\.IS\.tmp\.142534\.blast 2> /dev/null
[16:53:25] Deleting unwanted file: results/prokka/Saureus_assembly.IS.tmp.142534.faa
[16:53:25] Deleting unwanted file: results/prokka/Saureus_assembly.IS.tmp.142534.blast
[16:53:25] There are still 2560 unannotated CDS left (started with 2567)
[16:53:25] Will use blast to search against /opt/conda/envs/env_prokka/db/kingdom/Bacteria/AMR with 2 CPUs
[16:53:25] Running: cat results\/prokka\/Saureus_assembly\.AMR\.tmp\.142534\.faa | parallel --gnu --plain -j 2 --block 196261 --recstart '>' --pipe blastp -query - -db /opt/conda/envs/env_prokka/db/kingdom/Bacteria/AMR -evalue 1e-300 -qcov_hsp_perc 90 -num_threads 1 -num_descriptions 1 -num_alignments 1 -seg no > results\/prokka\/Saureus_assembly\.AMR\.tmp\.142534\.blast 2> /dev/null
[16:54:19] Deleting unwanted file: results/prokka/Saureus_assembly.AMR.tmp.142534.faa
[16:54:19] Deleting unwanted file: results/prokka/Saureus_assembly.AMR.tmp.142534.blast
[16:54:19] There are still 2536 unannotated CDS left (started with 2567)
[16:54:19] Will use blast to search against /opt/conda/envs/env_prokka/db/kingdom/Bacteria/sprot with 2 CPUs
[16:54:19] Running: cat results\/prokka\/Saureus_assembly\.sprot\.tmp\.142534\.faa | parallel --gnu --plain -j 2 --block 192140 --recstart '>' --pipe blastp -query - -db /opt/conda/envs/env_prokka/db/kingdom/Bacteria/sprot -evalue 1e-09 -qcov_hsp_perc 80 -num_threads 1 -num_descriptions 1 -num_alignments 1 -seg no > results\/prokka\/Saureus_assembly\.sprot\.tmp\.142534\.blast 2> /dev/null
[16:56:52] Modify product: Probable ergothioneine transporter EgtUBC => putative ergothioneine transporter EgtUBC
[16:56:52] Modify product: Aldo-keto reductase MSMEG_2408/MSMEI_2347 => Aldo-keto reductase/MSMEI_2347
[16:56:52] Modify product: UPF0053 protein Rv1842c => hypothetical protein
[16:56:52] Modify product: Uncharacterized HTH-type transcriptional regulator YdjF => putative HTH-type transcriptional regulator YdjF
[16:56:52] Modify product: Acetyltransferase PA3944 => Acetyltransferase
[16:56:52] Modify product: Probable transcriptional regulatory protein SA0624 => putative transcriptional regulatory protein
[16:56:52] Modify product: Probable autolysin SsaALP => putative autolysin SsaALP
[16:56:52] Modify product: Uncharacterized protein Rv2715 => putative protein
[16:56:52] Modify product: Uncharacterized beta-barrel protein YwiB => putative beta-barrel protein YwiB
[16:56:52] Modify product: Probable pyridine nucleotide-disulfide oxidoreductase RclA => putative pyridine nucleotide-disulfide oxidoreductase RclA
[16:56:52] Modify product: UPF0382 membrane protein YwdK => hypothetical protein
[16:56:52] Modify product: Probable phosphatase IndB => putative phosphatase IndB
[16:56:52] Modify product: Uncharacterized protein YojF => putative protein YojF
[16:56:52] Modify product: Probable N-acetyl-alpha-D-glucosaminyl L-malate deacetylase 2 => putative N-acetyl-alpha-D-glucosaminyl L-malate deacetylase 2
[16:56:52] Modify product: Probable phosphatase IndB => putative phosphatase IndB
[16:56:52] Modify product: Probable branched-chain-amino-acid aminotransferase => putative branched-chain-amino-acid aminotransferase
[16:56:52] Modify product: Uncharacterized epimerase/dehydratase SA0511 => putative epimerase/dehydratase
[16:56:52] Modify product: Probable hydrolase sll0100 => putative hydrolase
[16:56:52] Modify product: Uncharacterized protein YacP => putative protein YacP
[16:56:52] Modify product: Uncharacterized PIN and TRAM-domain containing protein YacL => putative PIN and TRAM-domain containing protein YacL
[16:56:52] Modify product: Bifunctional protein FolD => Bifunctional protein FolD protein
[16:56:52] Modify product: Probable quinol oxidase subunit 2 => putative quinol oxidase subunit 2
[16:56:52] Modify product: Probable quinol oxidase subunit 1 => putative quinol oxidase subunit 1
[16:56:52] Modify product: Acetyltransferase SACOL1063 => Acetyltransferase
[16:56:52] Modify product: Probable N-acetyl-LL-diaminopimelate aminotransferase => putative N-acetyl-LL-diaminopimelate aminotransferase
[16:56:52] Modify product: Uncharacterized ABC transporter ATP-binding protein Rv0986 => putative ABC transporter ATP-binding protein
[16:56:52] Modify product: Serine protease HtrA-like => Serine protease HtrA-like protein
[16:56:52] Modify product: UPF0053 inner membrane protein YgdQ => hypothetical protein
[16:56:53] Modify product: Putative phosphoesterase SA0873 => Putative phosphoesterase
[16:56:53] Modify product: Putative transport protein Rv0205 => Putative transport protein
[16:56:53] Modify product: Uncharacterized protein SA0829 => putative protein
[16:56:53] Modify product: Protein aq_1857 => Protein
[16:56:53] Modify product: UPF0053 inner membrane protein YfjD => hypothetical protein
[16:56:53] Modify product: Iron-sulfur cluster assembly SufBD family protein SA0778 => Iron-sulfur cluster assembly SufBD family protein
[16:56:53] Modify product: Probable cysteine desulfurase => putative cysteine desulfurase
[16:56:53] Modify product: Iron-sulfur cluster assembly SufBD family protein SA0778 => Iron-sulfur cluster assembly SufBD family protein
[16:56:53] Modify product: UPF0337 protein SA0772 => hypothetical protein
[16:56:53] Modify product: Organic hydroperoxide resistance protein-like => Organic hydroperoxide resistance protein-like protein
[16:56:53] Modify product: Uncharacterized protein YpjD => putative protein YpjD
[16:56:53] Modify product: Probable L-asparaginase => putative L-asparaginase
[16:56:53] Modify product: Uncharacterized oxidoreductase SA2266 => putative oxidoreductase
[16:56:53] Modify product: Bacilliredoxin SA1345 => Bacilliredoxin
[16:56:53] Modify product: Uncharacterized protein Spy1535 => putative protein
[16:56:53] Modify product: Uncharacterized protein YibN => putative protein YibN
[16:56:53] Modify product: Probable glycine dehydrogenase (decarboxylating) subunit 2 => putative glycine dehydrogenase (decarboxylating) subunit 2
[16:56:53] Modify product: Probable glycine dehydrogenase (decarboxylating) subunit 1 => putative glycine dehydrogenase (decarboxylating) subunit 1
[16:56:53] Modify product: Probable metallo-hydrolase M6_Spy0554 => putative metallo-hydrolase
[16:56:53] Modify product: UPF0045 protein sll0230 => hypothetical protein
[16:56:53] Modify product: Uncharacterized protein YqgN => putative protein YqgN
[16:56:53] Modify product: Probable endonuclease 4 => putative endonuclease 4
[16:56:53] Modify product: GTP cyclohydrolase 1 type 2 homolog => GTP cyclohydrolase 1 type 2 
[16:56:53] Modify product: Probable nicotinate-nucleotide adenylyltransferase => putative nicotinate-nucleotide adenylyltransferase
[16:56:53] Modify product: Uncharacterized protein YqeH => putative protein YqeH
[16:56:53] Modify product: UPF0473 protein SA1443 => hypothetical protein
[16:56:53] Modify product: UPF0297 protein SA1445 => hypothetical protein
[16:56:53] Modify product: UPF0337 protein SA1452 => hypothetical protein
[16:56:53] Modify product: Probable cell wall amidase LytH => putative cell wall amidase LytH
[16:56:53] Modify product: Probable cell wall hydrolase LytN => putative cell wall hydrolase LytN
[16:56:53] Modify product: Putative zinc metalloprotease SA1105 => Putative zinc metalloprotease
[16:56:53] Modify product: Uncharacterized protein YmcA => putative protein YmcA
[16:56:53] Modify product: Glutathione peroxidase homolog BsaA => Glutathione peroxidase BsaA
[16:56:53] Modify product: Putative phosphatase M6_Spy0533 => Putative phosphatase
[16:56:53] Modify product: UPF0291 protein SA1176 => hypothetical protein
[16:56:53] Modify product: UPF0154 protein SA1178 => hypothetical protein
[16:56:53] Modify product: Uncharacterized protein SA2420.1 => putative protein.1
[16:56:53] Modify product: Glutathione peroxidase homolog BsaA => Glutathione peroxidase BsaA
[16:56:53] Modify product: Probable malate:quinone oxidoreductase 2 => putative malate:quinone oxidoreductase 2
[16:56:53] Modify product: Probable ketoamine kinase SAOUHSC_02908 => putative ketoamine kinase
[16:56:53] Modify product: Uncharacterized hydrolase SAOUHSC_02900 => putative hydrolase
[16:56:53] Modify product: UPF0291 protein YnzC => hypothetical protein
[16:56:53] Modify product: Probable transglycosylase IsaA => putative transglycosylase IsaA
[16:56:53] Modify product: Putative acetyltransferase SACOL2570 => Putative acetyltransferase
[16:56:53] Modify product: Uncharacterized inner membrane transporter YicL => putative inner membrane transporter YicL
[16:56:53] Modify product: Probable peptide export permease protein YydJ => putative peptide export permease protein YydJ
[16:56:53] Modify product: Probable peptide export ATP-binding protein YydI => putative peptide export ATP-binding protein YydI
[16:56:53] Modify product: Putative NAD(P)H nitroreductase SA2311 => Putative NAD(P)H nitroreductase
[16:56:53] Modify product: Uncharacterized protein YjdJ => putative protein YjdJ
[16:56:53] Modify product: Probable galactarate/D-glucarate transporter GudP => putative galactarate/D-glucarate transporter GudP
[16:56:53] Modify product: Probable ABC transporter phosphonate/phosphite binding protein PhnD2 => putative ABC transporter phosphonate/phosphite binding protein PhnD2
[16:56:53] Modify product: Uncharacterized sugar transferase EpsL => putative sugar transferase EpsL
[16:56:53] Modify product: Uncharacterized HTH-type transcriptional regulator YbbH => putative HTH-type transcriptional regulator YbbH
[16:56:53] Modify product: Uncharacterized lipoprotein SAOUHSC_00053 => putative lipoprotein
[16:56:53] Modify product: Uncharacterized protein HI_0131 => putative protein
[16:56:53] Modify product: Probable 3-hydroxyacyl-CoA dehydrogenase => putative 3-hydroxyacyl-CoA dehydrogenase
[16:56:53] Modify product: UPF0312 protein SA2479 => hypothetical protein
[16:56:53] Modify product: UPF0397 protein SP_0482 => hypothetical protein
[16:56:53] Modify product: Probable poly-beta-1,6-N-acetyl-D-glucosamine export protein => putative poly-beta-1,6-N-acetyl-D-glucosamine export protein
[16:56:53] Modify product: N-acetylmuramoyl-L-alanine amidase domain-containing protein SAOUHSC_02979 => N-acetylmuramoyl-L-alanine amidase domain-containing protein
[16:56:53] Modify product: UPF0073 inner membrane protein YqfA => hypothetical protein
[16:56:53] Modify product: Probable uridylyltransferase SA1974 => putative uridylyltransferase
[16:56:53] Modify product: UPF0457 protein SA1975.1 => hypothetical protein
[16:56:53] Modify product: Probable siderophore transport system permease protein YfiZ => putative siderophore transport system permease protein YfiZ
[16:56:53] Modify product: Zinc-type alcohol dehydrogenase-like protein SA1988 => Zinc-type alcohol dehydrogenase-like protein
[16:56:53] Modify product: Aldo-keto reductase MSMEG_2408/MSMEI_2347 => Aldo-keto reductase/MSMEI_2347
[16:56:54] Modify product: Probable glucose uptake protein GlcU => putative glucose uptake protein GlcU
[16:56:54] Modify product: Uncharacterized HTH-type transcriptional regulator SAR2349 => putative HTH-type transcriptional regulator
[16:56:54] Modify product: Probable molybdenum cofactor guanylyltransferase => putative molybdenum cofactor guanylyltransferase
[16:56:54] Modify product: Urea transporter DVU1160 => Urea transporter
[16:56:54] Modify product: Putative 2-hydroxyacid dehydrogenase SA2098 => Putative 2-hydroxyacid dehydrogenase
[16:56:54] Modify product: Putative formate dehydrogenase SA2102 => Putative formate dehydrogenase
[16:56:54] Modify product: Uncharacterized ABC transporter ATP-binding protein TM_0288 => putative ABC transporter ATP-binding protein
[16:56:54] Modify product: Probable amino-acid ABC transporter-binding protein HI_1080 => putative amino-acid ABC transporter-binding protein
[16:56:54] Modify product: Probable nitrate transporter NarT => putative nitrate transporter NarT
[16:56:54] Modify product: Uncharacterized lipoprotein SA2158 => putative lipoprotein
[16:56:54] Modify product: Probable malate:quinone oxidoreductase 1 => putative malate:quinone oxidoreductase 1
[16:56:54] Modify product: Uncharacterized HTH-type transcriptional regulator SACOL2360 => putative HTH-type transcriptional regulator
[16:56:54] Modify product: Uncharacterized ABC transporter permease Rv0072 => putative ABC transporter permease
[16:56:54] Modify product: Uncharacterized protein YhaP => putative protein YhaP
[16:56:54] Modify product: UPF0060 membrane protein YnfA => hypothetical protein
[16:56:54] Modify product: UPF0173 metal-dependent hydrolase SA1529 => hypothetical protein
[16:56:54] Modify product: Uncharacterized peptidase SA1530 => putative peptidase
[16:56:54] Modify product: Putative universal stress protein SA1532 => Putative universal stress protein
[16:56:54] Modify product: Probable membrane transporter protein YfcA => putative membrane transporter protein YfcA
[16:56:54] Modify product: Probable tRNA sulfurtransferase => putative tRNA sulfurtransferase
[16:56:54] Modify product: UPF0478 protein SA1560 => hypothetical protein
[16:56:54] Modify product: UPF0354 protein SA1564 => hypothetical protein
[16:56:54] Modify product: Probable quorum-quenching lactonase YtnP => putative quorum-quenching lactonase YtnP
[16:56:54] Modify product: Putative dipeptidase SACOL1801 => Putative dipeptidase
[16:56:54] Modify product: Sulfurtransferase Alvin_2599 => Sulfurtransferase
[16:56:54] Modify product: Probable autolysin PH => putative autolysin PH
[16:56:54] Modify product: Uncharacterized leukocidin-like protein 1 => putative leukocidin-like protein 1
[16:56:54] Modify product: Uncharacterized leukocidin-like protein 2 => putative leukocidin-like protein 2
[16:56:54] Modify product: Probable succinyl-diaminopimelate desuccinylase => putative succinyl-diaminopimelate desuccinylase
[16:56:54] Modify product: Probable ATP-binding protein YheS => putative ATP-binding protein YheS
[16:56:54] Modify product: Probable acetyl-CoA acyltransferase => putative acetyl-CoA acyltransferase
[16:56:54] Modify product: UPF0324 inner membrane protein YeiH => hypothetical protein
[16:56:54] Modify product: NAD(P)H-dependent FAD/FMN reductase GTNG_3158 => NAD(P)H-dependent FAD/FMN reductase
[16:56:54] Modify product: Uncharacterized oxidoreductase SpyM50865 => putative oxidoreductase
[16:56:54] Modify product: Uncharacterized HTH-type transcriptional regulator YbbH => putative HTH-type transcriptional regulator YbbH
[16:56:54] Modify product: Uncharacterized ABC transporter permease Rv0072 => putative ABC transporter permease
[16:56:54] Modify product: Uncharacterized protein YedJ => putative protein YedJ
[16:56:54] Modify product: Probable transglycosylase SceD => putative transglycosylase SceD
[16:56:54] Modify product: UPF0340 protein SAOUHSC_02355 => hypothetical protein
[16:56:54] Modify product: Probable DNA-directed RNA polymerase subunit delta => putative DNA-directed RNA polymerase subunit delta
[16:56:54] Modify product: UPF0223 protein BH2638 => hypothetical protein
[16:56:54] Modify product: UPF0637 protein SA0957 => hypothetical protein
[16:56:54] Modify product: UPF0358 protein MW0995 => hypothetical protein
[16:56:54] Modify product: Probable peptidoglycan glycosyltransferase FtsW => putative peptidoglycan glycosyltransferase FtsW
[16:56:54] Modify product: Probable heme-iron transport system permease protein IsdF => putative heme-iron transport system permease protein IsdF
[16:56:54] Modify product: Uncharacterized protein SAOUHSC_00094 => putative protein
[16:56:54] Modify product: Probable siderophore-binding lipoprotein YfiY => putative siderophore-binding lipoprotein YfiY
[16:56:54] Modify product: Probable siderophore transport system permease protein YfiZ => putative siderophore transport system permease protein YfiZ
[16:56:54] Modify product: Probable siderophore transport system permease protein YfhA => putative siderophore transport system permease protein YfhA
[16:56:54] Modify product: Uncharacterized lipoprotein SAOUHSC_00052 => putative lipoprotein
[16:56:54] Modify product: Uncharacterized lipoprotein SAOUHSC_00053 => putative lipoprotein
[16:56:54] Modify product: Uncharacterized lipoprotein SAOUHSC_00053 => putative lipoprotein
[16:56:54] Modify product: Uncharacterized lipoprotein SAOUHSC_00053 => putative lipoprotein
[16:56:54] Modify product: Uncharacterized lipoprotein SAOUHSC_00052 => putative lipoprotein
[16:56:54] Modify product: Uncharacterized protein YcjY => putative protein YcjY
[16:56:54] Modify product: Probable tRNA-dihydrouridine synthase => putative tRNA-dihydrouridine synthase
[16:56:54] Modify product: Probable CtpA-like serine protease => putative CtpA-like serine protease
[16:56:54] Modify product: UPF0346 protein MW1311 => hypothetical protein
[16:56:54] Modify product: DegV domain-containing protein MW1315 => DegV domain-containing protein
[16:56:54] Modify product: Bacilliredoxin SA1261 => Bacilliredoxin
[16:56:54] Modify product: UPF0398 protein YpsA => hypothetical protein
[16:56:54] Modify product: TelA-like protein SA1238 => TelA-like protein
[16:56:54] Modify product: Probable ATP-binding protein YbiT => putative ATP-binding protein YbiT
[16:56:54] Modify product: Probable tautomerase SA1195.1 => putative tautomerase.1
[16:56:54] Modify product: Putative transport protein Rv0205 => Putative transport protein
[16:56:54] Modify product: Uncharacterized protein SA1186 => putative protein
[16:56:54] Modify product: Uncharacterized lipoprotein SA0397 => putative lipoprotein
[16:56:54] Modify product: Uncharacterized lipoprotein SA0397 => putative lipoprotein
[16:56:54] Modify product: Uncharacterized lipoprotein SA0397 => putative lipoprotein
[16:56:54] Modify product: Uncharacterized lipoprotein SA0397 => putative lipoprotein
[16:56:54] Modify product: Uncharacterized protein SAOUHSC_02783 => putative protein
[16:56:54] Modify product: Uncharacterized protein SAOUHSC_02783 => putative protein
[16:56:54] Modify product: Uncharacterized lipoprotein SA0397 => putative lipoprotein
[16:56:54] Modify product: Uncharacterized lipoprotein SAOUHSC_00053 => putative lipoprotein
[16:56:54] Modify product: Uncharacterized lipoprotein SAOUHSC_00053 => putative lipoprotein
[16:56:54] Modify product: Uncharacterized lipoprotein SA0397 => putative lipoprotein
[16:56:54] Modify product: Probable inorganic carbon transporter subunit DabA => putative inorganic carbon transporter subunit DabA
[16:56:54] Modify product: Probable D-methionine-binding lipoprotein MetQ => putative D-methionine-binding lipoprotein MetQ
[16:56:54] Modify product: Nucleoid-associated protein SA0437 => Nucleoid-associated protein
[16:56:54] Modify product: Putative bifunctional exonuclease/endonuclease protein Rv2191 => Putative bifunctional exonuclease/endonuclease protein
[16:56:54] Modify product: Uncharacterized lipoprotein YerH => putative lipoprotein YerH
[16:56:54] Modify product: UPF0316 protein SA1727 => hypothetical protein
[16:56:54] Modify product: Probable manganese-dependent inorganic pyrophosphatase => putative manganese-dependent inorganic pyrophosphatase
[16:56:54] Modify product: Uncharacterized protein SA1737 => putative protein
[16:56:54] Modify product: UPF0122 protein SAV1236 => hypothetical protein
[16:56:54] Modify product: Uncharacterized protein SA1069 => putative protein
[16:56:54] Modify product: Uncharacterized protein Spy1614 => putative protein
[16:56:54] Modify product: Probable dual-specificity RNA methyltransferase RlmN => putative dual-specificity RNA methyltransferase RlmN
[16:56:54] Modify product: Rqc2 homolog RqcH => Rqc2 RqcH
[16:56:54] Modify product: UPF0758 protein YsxA => hypothetical protein
[16:56:54] Modify product: Probable GTP-binding protein EngB => putative GTP-binding protein EngB
[16:56:54] Modify product: Putative surface protein MW2416 => Putative surface protein
[16:56:54] Modify product: Uncharacterized protein SA2269 => putative protein
[16:56:54] Modify product: Uncharacterized lipoprotein SA2273 => putative lipoprotein
[16:56:54] Modify product: Uncharacterized protein SA2269 => putative protein
[16:56:54] Modify product: Uncharacterized lipoprotein SA2273 => putative lipoprotein
[16:56:54] Modify product: Uncharacterized protein SA2269 => putative protein
[16:56:54] Modify product: Uncharacterized oxidoreductase SA2266 => putative oxidoreductase
[16:56:54] Modify product: Uncharacterized lipoprotein YehR => putative lipoprotein YehR
[16:56:54] Modify product: Probable iron export ATP-binding protein FetA => putative iron export ATP-binding protein FetA
[16:56:54] Modify product: Probable iron export permease protein FetB => putative iron export permease protein FetB
[16:56:54] Modify product: Putative lipid kinase SA0681 => Putative lipid kinase
[16:56:54] Modify product: Probable succinate transporter subunit YjjB => putative succinate transporter subunit YjjB
[16:56:54] Modify product: Probable succinate transporter subunit YjjP => putative succinate transporter subunit YjjP
[16:56:54] Modify product: Probable undecaprenyl-phosphate N-acetylglucosaminyl 1-phosphate transferase => putative undecaprenyl-phosphate N-acetylglucosaminyl 1-phosphate transferase
[16:56:54] Modify product: DegV domain-containing protein SA0704 => DegV domain-containing protein
[16:56:54] Modify product: Probable autolysin LDP => putative autolysin LDP
[16:56:54] Modify product: UPF0213 protein BH0048 => hypothetical protein
[16:56:54] Modify product: Uncharacterized ABC transporter ATP-binding protein YlmA => putative ABC transporter ATP-binding protein YlmA
[16:56:54] Modify product: Uncharacterized sugar epimerase YhfK => putative sugar epimerase YhfK
[16:56:54] Modify product: Probable mannose-6-phosphate isomerase GmuF => putative mannose-6-phosphate isomerase GmuF
[16:56:54] Modify product: Probable protein-export membrane protein SecG => putative protein-export membrane protein SecG
[16:56:54] Modify product: Epimerase family protein SA0724 => Epimerase family protein
[16:56:54] Modify product: Probable cell division protein WhiA => putative cell division protein WhiA
[16:56:54] Modify product: Nucleotide-binding protein SA0720 => Nucleotide-binding protein
[16:56:54] Modify product: Putative multidrug export ATP-binding/permease protein SA1683 => Putative multidrug export ATP-binding/permease protein
[16:56:54] Modify product: Uncharacterized protein YfhP => putative protein YfhP
[16:56:54] Modify product: Uncharacterized protein YfhH => putative protein YfhH
[16:56:54] Modify product: Uncharacterized protein SAV1875 => putative protein
[16:56:54] Modify product: UPF0435 protein SA1696 => hypothetical protein
[16:56:55] Modify product: Uncharacterized N-acetyltransferase SA1019 => putative N-acetyltransferase
[16:56:55] Modify product: UPF0355 protein SA0372 => hypothetical protein
[16:56:55] Modify product: Uncharacterized protein SA0370 => putative protein
[16:56:55] Modify product: UPF0754 membrane protein SA1664 => hypothetical protein
[16:56:55] Modify product: UPF0342 protein SA1663 => hypothetical protein
[16:56:55] Modify product: Uncharacterized HTH-type transcriptional regulator YydK => putative HTH-type transcriptional regulator YydK
[16:56:55] Modify product: Probable glucose uptake protein GlcU => putative glucose uptake protein GlcU
[16:56:55] Modify product: Uncharacterized ABC transporter ATP-binding protein Rv0986 => putative ABC transporter ATP-binding protein
[16:56:55] Modify product: Uncharacterized oxidoreductase YghA => putative oxidoreductase YghA
[16:56:55] Modify product: Phosphorylated carbohydrates phosphatase TM_1254 => Phosphorylated carbohydrates phosphatase
[16:56:55] Modify product: Uncharacterized HTH-type transcriptional regulator YbbH => putative HTH-type transcriptional regulator YbbH
[16:56:55] Modify product: UPF0342 protein SA1663 => hypothetical protein
[16:56:55] Modify product: Uncharacterized PIN and TRAM-domain containing protein YacL => putative PIN and TRAM-domain containing protein YacL
[16:56:55] Cleaned 227 /product names
[16:56:55] Deleting unwanted file: results/prokka/Saureus_assembly.sprot.tmp.142534.faa
[16:56:55] Deleting unwanted file: results/prokka/Saureus_assembly.sprot.tmp.142534.blast
[16:56:55] There are still 869 unannotated CDS left (started with 2567)
[16:56:55] Will use hmmer3 to search against /opt/conda/envs/env_prokka/db/hmm/HAMAP.hmm with 2 CPUs
[16:56:55] Running: cat results\/prokka\/Saureus_assembly\.HAMAP\.hmm\.tmp\.142534\.faa | parallel --gnu --plain -j 2 --block 50797 --recstart '>' --pipe hmmscan --noali --notextw --acc -E 1e-09 --cpu 1 /opt/conda/envs/env_prokka/db/hmm/HAMAP.hmm /dev/stdin > results\/prokka\/Saureus_assembly\.HAMAP\.hmm\.tmp\.142534\.hmmer3 2> /dev/null
[16:57:31] Modify product: Uncharacterized MFS-type transporter YfcJ => putative MFS-type transporter YfcJ
[16:57:31] Modify product: Protein SprT-like => Protein SprT-like protein
[16:57:31] Cleaned 2 /product names
[16:57:31] Deleting unwanted file: results/prokka/Saureus_assembly.HAMAP.hmm.tmp.142534.faa
[16:57:31] Deleting unwanted file: results/prokka/Saureus_assembly.HAMAP.hmm.tmp.142534.hmmer3
[16:57:31] Labelling remaining 780 proteins as 'hypothetical protein'
[16:57:31] Possible /pseudo 'UDP-N-acetylglucosamine--peptide N-acetylglucosaminyltransferase GtfA subunit' at NODE_1_length_221181_cov_231.485492 position 163380
[16:57:31] Possible /pseudo 'Signal peptidase IB' at NODE_2_length_205520_cov_212.013608 position 138941
[16:57:31] Possible /pseudo 'tRNA hydroxylation protein P' at NODE_3_length_190121_cov_203.196926 position 152598
[16:57:31] Possible /pseudo 'Fe(2+) transporter FeoB' at NODE_5_length_148581_cov_258.518993 position 87514
[16:57:31] Possible /pseudo 'Phosphate-import permease protein PhnE' at NODE_6_length_138046_cov_261.983687 position 2203
[16:57:31] Possible /pseudo 'D-glucoside 3-dehydrogenase' at NODE_6_length_138046_cov_261.983687 position 91735
[16:57:31] Possible /pseudo 'Acetolactate synthase' at NODE_8_length_131064_cov_236.695746 position 42652
[16:57:31] Possible /pseudo 'Type VII secretion system protein EsaG' at NODE_12_length_83549_cov_247.245838 position 82875
[16:57:31] Possible /pseudo 'putative lipoprotein' at NODE_15_length_66373_cov_259.500106 position 46687
[16:57:31] Possible /pseudo 'putative lipoprotein' at NODE_15_length_66373_cov_259.500106 position 47522
[16:57:31] Possible /pseudo 'putative lipoprotein' at NODE_15_length_66373_cov_259.500106 position 48435
[16:57:31] Possible /pseudo 'putative lipoprotein' at NODE_15_length_66373_cov_259.500106 position 49179
[16:57:31] Possible /pseudo 'putative lipoprotein' at NODE_18_length_54748_cov_239.629843 position 6378
[16:57:31] Possible /pseudo 'putative lipoprotein' at NODE_18_length_54748_cov_239.629843 position 7209
[16:57:31] Possible /pseudo 'putative lipoprotein' at NODE_18_length_54748_cov_239.629843 position 8040
[16:57:31] Possible /pseudo 'putative protein' at NODE_18_length_54748_cov_239.629843 position 9715
[16:57:31] Possible /pseudo 'putative lipoprotein' at NODE_18_length_54748_cov_239.629843 position 11424
[16:57:31] Possible /pseudo 'putative lipoprotein' at NODE_18_length_54748_cov_239.629843 position 12264
[16:57:31] Possible /pseudo 'putative lipoprotein' at NODE_18_length_54748_cov_239.629843 position 13224
[16:57:31] Possible /pseudo 'putative protein' at NODE_20_length_50790_cov_203.557386 position 18306
[16:57:31] Possible /pseudo 'Type VII secretion system protein EsaG' at NODE_28_length_26286_cov_249.266250 position 25382
[16:57:31] Possible /pseudo 'Antibacterial protein 3' at NODE_30_length_23578_cov_208.027377 position 1096
[16:57:31] Possible /pseudo 'Staphylococcal superantigen-like 7' at NODE_31_length_22810_cov_243.993979 position 2338
[16:57:31] Possible /pseudo 'Staphylococcal superantigen-like 7' at NODE_31_length_22810_cov_243.993979 position 3375
[16:57:31] Possible /pseudo 'Plasmid recombination enzyme' at NODE_35_length_20743_cov_1824.341164 position 19592
[16:57:31] Possible /pseudo 'Superantigen-like protein 13' at NODE_37_length_13645_cov_201.567550 position 5671
[16:57:31] Possible /pseudo 'Superantigen-like protein 13' at NODE_37_length_13645_cov_201.567550 position 6464
[16:57:31] Found 1424 unique /gene codes.
[16:57:31] Fixed 2 duplicate /gene - cmoO_1 cmoO_2
[16:57:31] Fixed 2 duplicate /gene - oatA_1 oatA_2
[16:57:31] Fixed 2 duplicate /gene - rplE_1 rplE_2
[16:57:31] Fixed 2 duplicate /gene - tcyC_1 tcyC_2
[16:57:31] Fixed 2 duplicate /gene - bcrA_1 bcrA_2
[16:57:31] Fixed 2 duplicate /gene - treR_1 treR_2
[16:57:31] Fixed 2 duplicate /gene - mutS_1 mutS_2
[16:57:31] Fixed 2 duplicate /gene - aroB_1 aroB_2
[16:57:31] Fixed 2 duplicate /gene - acsA_1 acsA_2
[16:57:31] Fixed 2 duplicate /gene - menE_1 menE_2
[16:57:31] Fixed 2 duplicate /gene - ssl4_1 ssl4_2
[16:57:31] Fixed 2 duplicate /gene - accB_1 accB_2
[16:57:31] Fixed 2 duplicate /gene - ywqE_1 ywqE_2
[16:57:31] Fixed 4 duplicate /gene - essG_1 essG_2 essG_3 essG_4
[16:57:31] Fixed 2 duplicate /gene - bsaA_1 bsaA_2
[16:57:31] Fixed 2 duplicate /gene - uvrB_1 uvrB_2
[16:57:31] Fixed 2 duplicate /gene - graR_1 graR_2
[16:57:31] Fixed 2 duplicate /gene - phnE_1 phnE_2
[16:57:31] Fixed 2 duplicate /gene - rplI_1 rplI_2
[16:57:31] Fixed 3 duplicate /gene - xerD_1 xerD_2 xerD_3
[16:57:31] Fixed 2 duplicate /gene - lipA_1 lipA_2
[16:57:31] Fixed 2 duplicate /gene - mnmM_1 mnmM_2
[16:57:31] Fixed 2 duplicate /gene - pxpB_1 pxpB_2
[16:57:31] Fixed 3 duplicate /gene - hisC_1 hisC_2 hisC_3
[16:57:31] Fixed 2 duplicate /gene - lysP_1 lysP_2
[16:57:31] Fixed 2 duplicate /gene - pepT_1 pepT_2
[16:57:31] Fixed 2 duplicate /gene - rnmV_1 rnmV_2
[16:57:31] Fixed 2 duplicate /gene - mnhD1_1 mnhD1_2
[16:57:31] Fixed 3 duplicate /gene - lnrL_1 lnrL_2 lnrL_3
[16:57:31] Fixed 4 duplicate /gene - map_1 map_2 map_3 map_4
[16:57:31] Fixed 2 duplicate /gene - trhO_1 trhO_2
[16:57:31] Fixed 2 duplicate /gene - lexA_1 lexA_2
[16:57:31] Fixed 2 duplicate /gene - ktrB_1 ktrB_2
[16:57:31] Fixed 2 duplicate /gene - alsS_1 alsS_2
[16:57:31] Fixed 6 duplicate /gene - lpl2_1 lpl2_2 lpl2_3 lpl2_4 lpl2_5 lpl2_6
[16:57:31] Fixed 2 duplicate /gene - pre_1 pre_2
[16:57:31] Fixed 2 duplicate /gene - trhP_1 trhP_2
[16:57:31] Fixed 2 duplicate /gene - catE_1 catE_2
[16:57:31] Fixed 3 duplicate /gene - ptsG_1 ptsG_2 ptsG_3
[16:57:31] Fixed 2 duplicate /gene - bceA_1 bceA_2
[16:57:31] Fixed 2 duplicate /gene - alr1_1 alr1_2
[16:57:31] Fixed 2 duplicate /gene - isdG_1 isdG_2
[16:57:31] Fixed 2 duplicate /gene - gatC_1 gatC_2
[16:57:31] Fixed 3 duplicate /gene - dapH_1 dapH_2 dapH_3
[16:57:31] Fixed 2 duplicate /gene - garK_1 garK_2
[16:57:31] Fixed 2 duplicate /gene - mtlF_1 mtlF_2
[16:57:31] Fixed 2 duplicate /gene - recD2_1 recD2_2
[16:57:31] Fixed 2 duplicate /gene - suhB_1 suhB_2
[16:57:31] Fixed 2 duplicate /gene - secY_1 secY_2
[16:57:31] Fixed 2 duplicate /gene - rplC_1 rplC_2
[16:57:31] Fixed 2 duplicate /gene - dnaB_1 dnaB_2
[16:57:31] Fixed 2 duplicate /gene - est_1 est_2
[16:57:31] Fixed 2 duplicate /gene - ysdC_1 ysdC_2
[16:57:31] Fixed 3 duplicate /gene - sndA_1 sndA_2 sndA_3
[16:57:31] Fixed 2 duplicate /gene - cls_1 cls_2
[16:57:31] Fixed 2 duplicate /gene - ldhD_1 ldhD_2
[16:57:31] Fixed 2 duplicate /gene - nagB_1 nagB_2
[16:57:31] Fixed 2 duplicate /gene - queE_1 queE_2
[16:57:31] Fixed 2 duplicate /gene - rluD_1 rluD_2
[16:57:31] Fixed 2 duplicate /gene - ecfT_1 ecfT_2
[16:57:31] Fixed 2 duplicate /gene - ssl5_1 ssl5_2
[16:57:31] Fixed 2 duplicate /gene - cspA_1 cspA_2
[16:57:31] Fixed 2 duplicate /gene - czcD_1 czcD_2
[16:57:31] Fixed 3 duplicate /gene - atl_1 atl_2 atl_3
[16:57:31] Fixed 2 duplicate /gene - pepA_1 pepA_2
[16:57:31] Fixed 2 duplicate /gene - tagH_1 tagH_2
[16:57:31] Fixed 2 duplicate /gene - glcU_1 glcU_2
[16:57:31] Fixed 2 duplicate /gene - ycjS_1 ycjS_2
[16:57:31] Fixed 3 duplicate /gene - ybbH_1 ybbH_2 ybbH_3
[16:57:31] Fixed 2 duplicate /gene - pepF_1 pepF_2
[16:57:31] Fixed 2 duplicate /gene - truA_1 truA_2
[16:57:31] Fixed 4 duplicate /gene - xerC_1 xerC_2 xerC_3 xerC_4
[16:57:31] Fixed 2 duplicate /gene - sdhA_1 sdhA_2
[16:57:31] Fixed 2 duplicate /gene - dltA_1 dltA_2
[16:57:31] Fixed 2 duplicate /gene - slyA_1 slyA_2
[16:57:31] Fixed 2 duplicate /gene - metQ_1 metQ_2
[16:57:31] Fixed 2 duplicate /gene - yacL_1 yacL_2
[16:57:31] Fixed 2 duplicate /gene - yfmC_1 yfmC_2
[16:57:31] Fixed 2 duplicate /gene - mleN_1 mleN_2
[16:57:31] Fixed 2 duplicate /gene - gpmA_1 gpmA_2
[16:57:31] Fixed 2 duplicate /gene - yfiZ_1 yfiZ_2
[16:57:31] Fixed 3 duplicate /gene - scn_1 scn_2 scn_3
[16:57:31] Fixed 3 duplicate /gene - bceB_1 bceB_2 bceB_3
[16:57:31] Fixed 2 duplicate /gene - bcr_1 bcr_2
[16:57:31] Fixed 2 duplicate /gene - ykoD_1 ykoD_2
[16:57:31] Fixed 2 duplicate /gene - cycA_1 cycA_2
[16:57:31] Fixed 2 duplicate /gene - nhaK_1 nhaK_2
[16:57:31] Fixed 3 duplicate /gene - opuD_1 opuD_2 opuD_3
[16:57:31] Fixed 2 duplicate /gene - pnp_1 pnp_2
[16:57:31] Fixed 2 duplicate /gene - pxpC_1 pxpC_2
[16:57:31] Fixed 2 duplicate /gene - hlb_1 hlb_2
[16:57:31] Fixed 2 duplicate /gene - trpG_1 trpG_2
[16:57:31] Fixed 2 duplicate /gene - carA_1 carA_2
[16:57:31] Fixed 2 duplicate /gene - nth_1 nth_2
[16:57:31] Fixed 2 duplicate /gene - mntB_1 mntB_2
[16:57:31] Fixed 2 duplicate /gene - hdfR_1 hdfR_2
[16:57:31] Fixed 2 duplicate /gene - sasA_1 sasA_2
[16:57:31] Fixed 2 duplicate /gene - rhaS_1 rhaS_2
[16:57:31] Fixed 2 duplicate /gene - spsB_1 spsB_2
[16:57:31] Fixed 2 duplicate /gene - metP_1 metP_2
[16:57:31] Fixed 2 duplicate /gene - lctP_1 lctP_2
[16:57:31] Fixed 3 duplicate /gene - gtfA_1 gtfA_2 gtfA_3
[16:57:31] Fixed 2 duplicate /gene - oppD_1 oppD_2
[16:57:31] Fixed 2 duplicate /gene - secA1_1 secA1_2
[16:57:31] Fixed 2 duplicate /gene - ghrB_1 ghrB_2
[16:57:31] Fixed 2 duplicate /gene - tadA_1 tadA_2
[16:57:31] Fixed 3 duplicate /gene - mhqA_1 mhqA_2 mhqA_3
[16:57:31] Fixed 2 duplicate /gene - feoB_1 feoB_2
[16:57:31] Fixed 2 duplicate /gene - aroA_1 aroA_2
[16:57:31] Fixed 2 duplicate /gene - argR_1 argR_2
[16:57:31] Fixed 2 duplicate /gene - gatB_1 gatB_2
[16:57:31] Fixed 2 duplicate /gene - mnaA_1 mnaA_2
[16:57:31] Fixed 2 duplicate /gene - ywqD_1 ywqD_2
[16:57:31] Fixed 2 duplicate /gene - aldC_1 aldC_2
[16:57:31] Fixed 2 duplicate /gene - rocD2_1 rocD2_2
[16:57:31] Fixed 2 duplicate /gene - oppB_1 oppB_2
[16:57:31] Fixed 4 duplicate /gene - norB_1 norB_2 norB_3 norB_4
[16:57:31] Fixed 2 duplicate /gene - pheT_1 pheT_2
[16:57:31] Fixed 2 duplicate /gene - nupC_1 nupC_2
[16:57:31] Fixed 3 duplicate /gene - femA_1 femA_2 femA_3
[16:57:31] Fixed 2 duplicate /gene - treP_1 treP_2
[16:57:31] Fixed 2 duplicate /gene - cap8A_1 cap8A_2
[16:57:31] Fixed 2 duplicate /gene - ywpJ_1 ywpJ_2
[16:57:31] Fixed 2 duplicate /gene - pdhC_1 pdhC_2
[16:57:31] Fixed 2 duplicate /gene - cshA_1 cshA_2
[16:57:31] Fixed 2 duplicate /gene - mntH_1 mntH_2
[16:57:31] Fixed 3 duplicate /gene - uup_1 uup_2 uup_3
[16:57:31] Fixed 2 duplicate /gene - gatD_1 gatD_2
[16:57:31] Fixed 2 duplicate /gene - tagU_1 tagU_2
[16:57:31] Fixed 4 duplicate /gene - rimI_1 rimI_2 rimI_3 rimI_4
[16:57:31] Fixed 2 duplicate /gene - hrtA_1 hrtA_2
[16:57:31] Fixed 2 duplicate /gene - indB_1 indB_2
[16:57:31] Fixed 2 duplicate /gene - braB_1 braB_2
[16:57:31] Fixed 3 duplicate /gene - ssl7_1 ssl7_2 ssl7_3
[16:57:31] Fixed 3 duplicate /gene - ssbA_1 ssbA_2 ssbA_3
[16:57:31] Fixed 2 duplicate /gene - yciC_1 yciC_2
[16:57:31] Fixed 2 duplicate /gene - iscS_1 iscS_2
[16:57:31] Fixed 137 colliding /gene names.
[16:57:31] Adding /locus_tag identifiers
[16:57:31] Assigned 2613 locus_tags to CDS and RNA features.
[16:57:31] Writing outputs to results/prokka/
[16:57:32] Generating annotation statistics file
[16:57:32] Generating Genbank and Sequin files
[16:57:32] Running: tbl2asn -V b -a r10k -l paired-ends -M n -N 1 -y 'Annotated using prokka 1.15.6 from https://github.com/tseemann/prokka' -Z results\/prokka\/Saureus_assembly\.err -i results\/prokka\/Saureus_assembly\.fsa 2> /dev/null
[16:57:50] Deleting unwanted file: results/prokka/errorsummary.val
[16:57:50] Deleting unwanted file: results/prokka/Saureus_assembly.dr
[16:57:50] Deleting unwanted file: results/prokka/Saureus_assembly.fixedproducts
[16:57:50] Deleting unwanted file: results/prokka/Saureus_assembly.ecn
[16:57:50] Deleting unwanted file: results/prokka/Saureus_assembly.val
[16:57:50] Repairing broken .GBK output that tbl2asn produces...
[16:57:50] Running: sed 's/COORDINATES: profile/COORDINATES:profile/' < results\/prokka\/Saureus_assembly\.gbf > results\/prokka\/Saureus_assembly\.gbk
[16:57:50] Deleting unwanted file: results/prokka/Saureus_assembly.gbf
[16:57:50] Output files:
[16:57:50] results/prokka/Saureus_assembly.err
[16:57:50] results/prokka/Saureus_assembly.txt
[16:57:50] results/prokka/Saureus_assembly.fsa
[16:57:50] results/prokka/Saureus_assembly.gbk
[16:57:50] results/prokka/Saureus_assembly.faa
[16:57:50] results/prokka/Saureus_assembly.gff
[16:57:50] results/prokka/Saureus_assembly.sqn
[16:57:50] results/prokka/Saureus_assembly.log
[16:57:50] results/prokka/Saureus_assembly.ffn
[16:57:50] results/prokka/Saureus_assembly.tsv
[16:57:50] results/prokka/Saureus_assembly.fna
[16:57:50] results/prokka/Saureus_assembly.tbl
[16:57:50] Annotation finished successfully.
[16:57:50] Walltime used: 5.15 minutes
[16:57:50] If you use this result please cite the Prokka paper:
[16:57:50] Seemann T (2014) Prokka: rapid prokaryotic genome annotation. Bioinformatics. 30(14):2068-9.
[16:57:50] Type 'prokka --citation' for more details.
[16:57:50] Share and enjoy!
